terminate called after throwing an instance of 'std::length_error'
  what():  cannot create std::vector larger than max_size()
srun: error: ss01-gh01: task 0: Aborted (core dumped)
terminate called after throwing an instance of 'std::length_error'
  what():  cannot create std::vector larger than max_size()
srun: error: ss01-gh01: task 0: Aborted (core dumped)
srun: error: ss01-gh01: task 0: Segmentation fault (core dumped)
terminate called after throwing an instance of 'std::length_error'
  what():  cannot create std::vector larger than max_size()
srun: error: ss01-gh01: task 0: Aborted (core dumped)
terminate called after throwing an instance of 'std::length_error'
  what():  cannot create std::vector larger than max_size()
srun: error: ss01-gh01: task 0: Aborted (core dumped)
terminate called after throwing an instance of 'std::length_error'
  what():  cannot create std::vector larger than max_size()
srun: error: ss01-gh01: task 0: Aborted (core dumped)
srun: error: ss01-gh01: task 0: Killed
srun: Force Terminated StepId=9850.6
terminate called after throwing an instance of 'std::length_error'
  what():  cannot create std::vector larger than max_size()
srun: error: ss01-gh01: task 0: Aborted (core dumped)
terminate called after throwing an instance of 'std::length_error'
  what():  cannot create std::vector larger than max_size()
srun: error: ss01-gh01: task 0: Aborted (core dumped)
terminate called after throwing an instance of 'std::length_error'
  what():  cannot create std::vector larger than max_size()
srun: error: ss01-gh01: task 0: Aborted (core dumped)
terminate called after throwing an instance of 'std::length_error'
  what():  cannot create std::vector larger than max_size()
srun: error: ss01-gh01: task 0: Aborted (core dumped)
srun: error: ss01-gh01: task 0: Killed
srun: Force Terminated StepId=9850.11
terminate called after throwing an instance of 'std::length_error'
  what():  cannot create std::vector larger than max_size()
srun: error: ss01-gh01: task 0: Aborted (core dumped)
terminate called after throwing an instance of 'std::length_error'
  what():  cannot create std::vector larger than max_size()
srun: error: ss01-gh01: task 0: Aborted (core dumped)
terminate called after throwing an instance of 'std::length_error'
  what():  cannot create std::vector larger than max_size()
srun: error: ss01-gh01: task 0: Aborted (core dumped)
terminate called after throwing an instance of 'std::length_error'
  what():  cannot create std::vector larger than max_size()
srun: error: ss01-gh01: task 0: Aborted (core dumped)
srun: error: ss01-gh01: task 0: Killed
srun: Force Terminated StepId=9850.16
terminate called after throwing an instance of 'std::length_error'
  what():  cannot create std::vector larger than max_size()
srun: error: ss01-gh01: task 0: Aborted (core dumped)
terminate called after throwing an instance of 'std::length_error'
  what():  cannot create std::vector larger than max_size()
srun: error: ss01-gh01: task 0: Aborted (core dumped)
terminate called after throwing an instance of 'std::length_error'
  what():  cannot create std::vector larger than max_size()
srun: error: ss01-gh01: task 0: Aborted (core dumped)
