terminate called after throwing an instance of 'std::bad_array_new_length'
  what():  std::bad_array_new_length
srun: error: ss01-gh01: task 0: Aborted (core dumped)
terminate called after throwing an instance of 'std::bad_array_new_length'
  what():  std::bad_array_new_length
srun: error: ss01-gh01: task 0: Aborted (core dumped)
srun: error: ss01-gh01: task 0: Segmentation fault (core dumped)
terminate called after throwing an instance of 'std::bad_array_new_length'
  what():  std::bad_array_new_length
srun: error: ss01-gh01: task 0: Aborted (core dumped)
terminate called after throwing an instance of 'std::bad_array_new_length'
  what():  std::bad_array_new_length
srun: error: ss01-gh01: task 0: Aborted (core dumped)
terminate called after throwing an instance of 'std::bad_array_new_length'
  what():  std::bad_array_new_length
srun: error: ss01-gh01: task 0: Aborted (core dumped)
srun: error: ss01-gh01: task 0: Segmentation fault (core dumped)
terminate called after throwing an instance of 'std::bad_array_new_length'
  what():  std::bad_array_new_length
srun: error: ss01-gh01: task 0: Aborted (core dumped)
terminate called after throwing an instance of 'std::bad_array_new_length'
  what():  std::bad_array_new_length
srun: error: ss01-gh01: task 0: Aborted (core dumped)
terminate called after throwing an instance of 'std::bad_array_new_length'
  what():  std::bad_array_new_length
srun: error: ss01-gh01: task 0: Aborted (core dumped)
terminate called after throwing an instance of 'std::bad_array_new_length'
  what():  std::bad_array_new_length
srun: error: ss01-gh01: task 0: Aborted (core dumped)
srun: error: ss01-gh01: task 0: Segmentation fault (core dumped)
terminate called after throwing an instance of 'std::bad_array_new_length'
  what():  std::bad_array_new_length
srun: error: ss01-gh01: task 0: Aborted (core dumped)
terminate called after throwing an instance of 'std::bad_array_new_length'
  what():  std::bad_array_new_length
srun: error: ss01-gh01: task 0: Aborted (core dumped)
terminate called after throwing an instance of 'std::bad_array_new_length'
  what():  std::bad_array_new_length
srun: error: ss01-gh01: task 0: Aborted (core dumped)
terminate called after throwing an instance of 'std::bad_array_new_length'
  what():  std::bad_array_new_length
srun: error: ss01-gh01: task 0: Aborted (core dumped)
double free or corruption (out)
srun: error: ss01-gh01: task 0: Aborted (core dumped)
terminate called after throwing an instance of 'std::bad_array_new_length'
  what():  std::bad_array_new_length
srun: error: ss01-gh01: task 0: Aborted (core dumped)
terminate called after throwing an instance of 'std::bad_array_new_length'
  what():  std::bad_array_new_length
srun: error: ss01-gh01: task 0: Aborted (core dumped)
terminate called after throwing an instance of 'std::bad_array_new_length'
  what():  std::bad_array_new_length
srun: error: ss01-gh01: task 0: Aborted (core dumped)
