OMP_NUM_THREADS=10 NUMACTL=""

##########################################
#          Setting Up (Common)           #
##########################################
PARAMS: W:224  H:224  N:10  C:3  K:64  R:7  S:7  P:112  Q:112  STRIDE:2
PARAMS: ITERS:1000
 InImg 224x224 Padded (230x230)
OutImg 112x112 Padded (118x118)
SIZE Input  (MB):       6.05 MiB
SIZE Output (MB):      33.99 MiB
SIZE Input   (1):       0.61 MiB
SIZE Output  (1):       3.40 MiB
SIZE Weight     :       0.04 MiB
Using Overwrite Option
##########################################
#         Computing Reference ...        #
##########################################
##########################################
#      Computing Reference ... done      #
##########################################

##########################################
#      Setting Up  (custom-Storage)      #
##########################################
##########################################
#   Correctness - FWD (custom-Storage)   #
##########################################
L1 reference  : 64048.23428765216522151604
L1 test       : 64048.23427514265495119616
L2 abs.error  : 0.000007519176756035529545
L2 rel.error  : 0.944099676513272201283655
Linf abs.error: 0.000000033527612686157227
Linf rel.error: 0.813463250458091091665835
Check-norm    : 0.000000265157204705988087
##########################################
#   Performance - FWD (custom-Storage)   #
##########################################
GFLOP  = 2.3603
fp time = 0.0049978
GFLOPS  = 472.26
PERFDUMP,FP,1.9-1623,10,10,3,64,224,224,7,7,2,3,3,0.0049978,472.26,64048.234288,64048.234275,0.000008,0.944100,0.000000,0.813463,0.000000



##########################################
#          Setting Up (Common)           #
##########################################
PARAMS: W:56  H:56  N:10  C:64  K:256  R:1  S:1  P:56  Q:56  STRIDE:1
PARAMS: ITERS:1000
 InImg 56x56 Padded (56x56)
OutImg 56x56 Padded (56x56)
SIZE Input  (MB):       7.66 MiB
SIZE Output (MB):      30.62 MiB
SIZE Input   (1):       0.77 MiB
SIZE Output  (1):       3.06 MiB
SIZE Weight     :       0.06 MiB
Using Overwrite Option
##########################################
#         Computing Reference ...        #
##########################################
##########################################
#      Computing Reference ... done      #
##########################################

##########################################
#      Setting Up  (custom-Storage)      #
##########################################
##########################################
#   Correctness - FWD (custom-Storage)   #
##########################################
L1 reference  : 42697.01980603956326376647
L1 test       : 42697.01980603956326376647
L2 abs.error  : 0.000000000000000000000000
L2 rel.error  : 0.000000000000000000000000
Linf abs.error: 0.000000000000000000000000
Linf rel.error: 0.000000000000000000000000
Check-norm    : 0.000000000000000000000000
##########################################
#   Performance - FWD (custom-Storage)   #
##########################################
GFLOP  = 1.0276
fp time = 0.0024654
GFLOPS  = 416.81
PERFDUMP,FP,1.9-1623,10,10,64,256,56,56,1,1,1,0,0,0.0024654,416.81,42697.019806,42697.019806,0.000000,0.000000,0.000000,0.000000,0.000000



##########################################
#          Setting Up (Common)           #
##########################################
PARAMS: W:56  H:56  N:10  C:64  K:64  R:1  S:1  P:56  Q:56  STRIDE:1
PARAMS: ITERS:1000
 InImg 56x56 Padded (56x56)
OutImg 56x56 Padded (56x56)
SIZE Input  (MB):       7.66 MiB
SIZE Output (MB):       7.66 MiB
SIZE Input   (1):       0.77 MiB
SIZE Output  (1):       0.77 MiB
SIZE Weight     :       0.02 MiB
Using Overwrite Option
##########################################
#         Computing Reference ...        #
##########################################
##########################################
#      Computing Reference ... done      #
##########################################

##########################################
#      Setting Up  (custom-Storage)      #
##########################################
##########################################
#   Correctness - FWD (custom-Storage)   #
##########################################
L1 reference  : 10732.47844464123954821844
L1 test       : 10732.47844464123954821844
L2 abs.error  : 0.000000000000000000000000
L2 rel.error  : 0.000000000000000000000000
Linf abs.error: 0.000000000000000000000000
Linf rel.error: 0.000000000000000000000000
Check-norm    : 0.000000000000000000000000
##########################################
#   Performance - FWD (custom-Storage)   #
##########################################
GFLOP  = 0.2569
fp time = 0.00057256
GFLOPS  = 448.69
PERFDUMP,FP,1.9-1623,10,10,64,64,56,56,1,1,1,0,0,0.00057256,448.69,10732.478445,10732.478445,0.000000,0.000000,0.000000,0.000000,0.000000



##########################################
#          Setting Up (Common)           #
##########################################
PARAMS: W:56  H:56  N:10  C:64  K:64  R:3  S:3  P:56  Q:56  STRIDE:1
PARAMS: ITERS:1000
 InImg 56x56 Padded (58x58)
OutImg 56x56 Padded (58x58)
SIZE Input  (MB):       8.21 MiB
SIZE Output (MB):       8.21 MiB
SIZE Input   (1):       0.82 MiB
SIZE Output  (1):       0.82 MiB
SIZE Weight     :       0.14 MiB
Using Overwrite Option
##########################################
#         Computing Reference ...        #
##########################################
##########################################
#      Computing Reference ... done      #
##########################################

##########################################
#      Setting Up  (custom-Storage)      #
##########################################
##########################################
#   Correctness - FWD (custom-Storage)   #
##########################################
L1 reference  : 31660.54439279620419256389
L1 test       : 31660.54438563231451553293
L2 abs.error  : 0.000011893960780977989741
L2 rel.error  : 1.147092053712884807126215
Linf abs.error: 0.000000096857547760009766
Linf rel.error: 0.819844863048995287080345
Check-norm    : 0.000000424278145093235119
##########################################
#   Performance - FWD (custom-Storage)   #
##########################################
GFLOP  = 2.3121
fp time = 0.004101
GFLOPS  = 563.8
PERFDUMP,FP,1.9-1623,10,10,64,64,56,56,3,3,1,1,1,0.004101,563.8,31660.544393,31660.544386,0.000012,1.147092,0.000000,0.819845,0.000000



##########################################
#          Setting Up (Common)           #
##########################################
PARAMS: W:56  H:56  N:10  C:256  K:64  R:1  S:1  P:56  Q:56  STRIDE:1
PARAMS: ITERS:1000
 InImg 56x56 Padded (56x56)
OutImg 56x56 Padded (56x56)
SIZE Input  (MB):      30.62 MiB
SIZE Output (MB):       7.66 MiB
SIZE Input   (1):       3.06 MiB
SIZE Output  (1):       0.77 MiB
SIZE Weight     :       0.06 MiB
Using Overwrite Option
##########################################
#         Computing Reference ...        #
##########################################
##########################################
#      Computing Reference ... done      #
##########################################

##########################################
#      Setting Up  (custom-Storage)      #
##########################################
##########################################
#   Correctness - FWD (custom-Storage)   #
##########################################
L1 reference  : 21356.18574040230669197626
L1 test       : 21356.18574040230669197626
L2 abs.error  : 0.000000000000000000000000
L2 rel.error  : 0.000000000000000000000000
Linf abs.error: 0.000000000000000000000000
Linf rel.error: 0.000000000000000000000000
Check-norm    : 0.000000000000000000000000
##########################################
#   Performance - FWD (custom-Storage)   #
##########################################
GFLOP  = 1.0276
fp time = 0.0024221
GFLOPS  = 424.27
PERFDUMP,FP,1.9-1623,10,10,256,64,56,56,1,1,1,0,0,0.0024221,424.27,21356.185740,21356.185740,0.000000,0.000000,0.000000,0.000000,0.000000



##########################################
#          Setting Up (Common)           #
##########################################
PARAMS: W:56  H:56  N:10  C:256  K:512  R:1  S:1  P:28  Q:28  STRIDE:2
PARAMS: ITERS:1000
 InImg 56x56 Padded (56x56)
OutImg 28x28 Padded (28x28)
SIZE Input  (MB):      30.62 MiB
SIZE Output (MB):      15.31 MiB
SIZE Input   (1):       3.06 MiB
SIZE Output  (1):       1.53 MiB
SIZE Weight     :       0.50 MiB
Using Overwrite Option
##########################################
#         Computing Reference ...        #
##########################################
##########################################
#      Computing Reference ... done      #
##########################################

##########################################
#      Setting Up  (custom-Storage)      #
##########################################
##########################################
#   Correctness - FWD (custom-Storage)   #
##########################################
L1 reference  : 42652.92887284386233659461
L1 test       : 42652.92887284386233659461
L2 abs.error  : 0.000000000000000000000000
L2 rel.error  : 0.000000000000000000000000
Linf abs.error: 0.000000000000000000000000
Linf rel.error: 0.000000000000000000000000
Check-norm    : 0.000000000000000000000000
##########################################
#   Performance - FWD (custom-Storage)   #
##########################################
GFLOP  = 2.0552
fp time = 0.0045104
GFLOPS  = 455.66
PERFDUMP,FP,1.9-1623,10,10,256,512,56,56,1,1,2,0,0,0.0045104,455.66,42652.928873,42652.928873,0.000000,0.000000,0.000000,0.000000,0.000000



##########################################
#          Setting Up (Common)           #
##########################################
PARAMS: W:56  H:56  N:10  C:256  K:128  R:1  S:1  P:28  Q:28  STRIDE:2
PARAMS: ITERS:1000
 InImg 56x56 Padded (56x56)
OutImg 28x28 Padded (28x28)
SIZE Input  (MB):      30.62 MiB
SIZE Output (MB):       3.83 MiB
SIZE Input   (1):       3.06 MiB
SIZE Output  (1):       0.38 MiB
SIZE Weight     :       0.12 MiB
Using Overwrite Option
##########################################
#         Computing Reference ...        #
##########################################
##########################################
#      Computing Reference ... done      #
##########################################

##########################################
#      Setting Up  (custom-Storage)      #
##########################################
##########################################
#   Correctness - FWD (custom-Storage)   #
##########################################
L1 reference  : 10603.83804954008155618794
L1 test       : 10603.83804954008155618794
L2 abs.error  : 0.000000000000000000000000
L2 rel.error  : 0.000000000000000000000000
Linf abs.error: 0.000000000000000000000000
Linf rel.error: 0.000000000000000000000000
Check-norm    : 0.000000000000000000000000
##########################################
#   Performance - FWD (custom-Storage)   #
##########################################
GFLOP  = 0.5138
fp time = 0.0012496
GFLOPS  = 411.17
PERFDUMP,FP,1.9-1623,10,10,256,128,56,56,1,1,2,0,0,0.0012496,411.17,10603.838050,10603.838050,0.000000,0.000000,0.000000,0.000000,0.000000



##########################################
#          Setting Up (Common)           #
##########################################
PARAMS: W:28  H:28  N:10  C:128  K:128  R:3  S:3  P:28  Q:28  STRIDE:1
PARAMS: ITERS:1000
 InImg 28x28 Padded (30x30)
OutImg 28x28 Padded (30x30)
SIZE Input  (MB):       4.39 MiB
SIZE Output (MB):       4.39 MiB
SIZE Input   (1):       0.44 MiB
SIZE Output  (1):       0.44 MiB
SIZE Weight     :       0.56 MiB
Using Overwrite Option
##########################################
#         Computing Reference ...        #
##########################################
##########################################
#      Computing Reference ... done      #
##########################################

##########################################
#      Setting Up  (custom-Storage)      #
##########################################
##########################################
#   Correctness - FWD (custom-Storage)   #
##########################################
L1 reference  : 22015.81747974109021015465
L1 test       : 22015.81749630521153449081
L2 abs.error  : 0.000014138001559431465280
L2 rel.error  : 1.365682848169352814338140
Linf abs.error: 0.000000137835741043090820
Linf rel.error: 1.354702680355543309431710
Check-norm    : 0.000000512072688528603790
##########################################
#   Performance - FWD (custom-Storage)   #
##########################################
GFLOP  = 2.3121
fp time = 0.0042061
GFLOPS  = 549.7
PERFDUMP,FP,1.9-1623,10,10,128,128,28,28,3,3,1,1,1,0.0042061,549.7,22015.817480,22015.817496,0.000014,1.365683,0.000000,1.354703,0.000001



##########################################
#          Setting Up (Common)           #
##########################################
PARAMS: W:28  H:28  N:10  C:128  K:512  R:1  S:1  P:28  Q:28  STRIDE:1
PARAMS: ITERS:1000
 InImg 28x28 Padded (28x28)
OutImg 28x28 Padded (28x28)
SIZE Input  (MB):       3.83 MiB
SIZE Output (MB):      15.31 MiB
SIZE Input   (1):       0.38 MiB
SIZE Output  (1):       1.53 MiB
SIZE Weight     :       0.25 MiB
Using Overwrite Option
##########################################
#         Computing Reference ...        #
##########################################
##########################################
#      Computing Reference ... done      #
##########################################

##########################################
#      Setting Up  (custom-Storage)      #
##########################################
##########################################
#   Correctness - FWD (custom-Storage)   #
##########################################
L1 reference  : 30050.16700611681153532118
L1 test       : 30050.16700611681153532118
L2 abs.error  : 0.000000000000000000000000
L2 rel.error  : 0.000000000000000000000000
Linf abs.error: 0.000000000000000000000000
Linf rel.error: 0.000000000000000000000000
Check-norm    : 0.000000000000000000000000
##########################################
#   Performance - FWD (custom-Storage)   #
##########################################
GFLOP  = 1.0276
fp time = 0.0020802
GFLOPS  = 493.98
PERFDUMP,FP,1.9-1623,10,10,128,512,28,28,1,1,1,0,0,0.0020802,493.98,30050.167006,30050.167006,0.000000,0.000000,0.000000,0.000000,0.000000



##########################################
#          Setting Up (Common)           #
##########################################
PARAMS: W:28  H:28  N:10  C:512  K:128  R:1  S:1  P:28  Q:28  STRIDE:1
PARAMS: ITERS:1000
 InImg 28x28 Padded (28x28)
OutImg 28x28 Padded (28x28)
SIZE Input  (MB):      15.31 MiB
SIZE Output (MB):       3.83 MiB
SIZE Input   (1):       1.53 MiB
SIZE Output  (1):       0.38 MiB
SIZE Weight     :       0.25 MiB
Using Overwrite Option
##########################################
#         Computing Reference ...        #
##########################################
##########################################
#      Computing Reference ... done      #
##########################################

##########################################
#      Setting Up  (custom-Storage)      #
##########################################
##########################################
#   Correctness - FWD (custom-Storage)   #
##########################################
L1 reference  : 15121.93155038118857191876
L1 test       : 15121.93155038118857191876
L2 abs.error  : 0.000000000000000000000000
L2 rel.error  : 0.000000000000000000000000
Linf abs.error: 0.000000000000000000000000
Linf rel.error: 0.000000000000000000000000
Check-norm    : 0.000000000000000000000000
##########################################
#   Performance - FWD (custom-Storage)   #
##########################################
GFLOP  = 1.0276
fp time = 0.0019824
GFLOPS  = 518.37
PERFDUMP,FP,1.9-1623,10,10,512,128,28,28,1,1,1,0,0,0.0019824,518.37,15121.931550,15121.931550,0.000000,0.000000,0.000000,0.000000,0.000000



##########################################
#          Setting Up (Common)           #
##########################################
PARAMS: W:28  H:28  N:10  C:512  K:1024  R:1  S:1  P:14  Q:14  STRIDE:2
PARAMS: ITERS:1000
 InImg 28x28 Padded (28x28)
OutImg 14x14 Padded (14x14)
SIZE Input  (MB):      15.31 MiB
SIZE Output (MB):       7.66 MiB
SIZE Input   (1):       1.53 MiB
SIZE Output  (1):       0.77 MiB
SIZE Weight     :       2.00 MiB
Using Overwrite Option
##########################################
#         Computing Reference ...        #
##########################################
##########################################
#      Computing Reference ... done      #
##########################################

##########################################
#      Setting Up  (custom-Storage)      #
##########################################
##########################################
#   Correctness - FWD (custom-Storage)   #
##########################################
L1 reference  : 30158.27377286316186655313
L1 test       : 30158.27377286316186655313
L2 abs.error  : 0.000000000000000000000000
L2 rel.error  : 0.000000000000000000000000
Linf abs.error: 0.000000000000000000000000
Linf rel.error: 0.000000000000000000000000
Check-norm    : 0.000000000000000000000000
##########################################
#   Performance - FWD (custom-Storage)   #
##########################################
GFLOP  = 2.0552
fp time = 0.0050502
GFLOPS  = 406.96
PERFDUMP,FP,1.9-1623,10,10,512,1024,28,28,1,1,2,0,0,0.0050502,406.96,30158.273773,30158.273773,0.000000,0.000000,0.000000,0.000000,0.000000



##########################################
#          Setting Up (Common)           #
##########################################
PARAMS: W:28  H:28  N:10  C:512  K:256  R:1  S:1  P:14  Q:14  STRIDE:2
PARAMS: ITERS:1000
 InImg 28x28 Padded (28x28)
OutImg 14x14 Padded (14x14)
SIZE Input  (MB):      15.31 MiB
SIZE Output (MB):       1.91 MiB
SIZE Input   (1):       1.53 MiB
SIZE Output  (1):       0.19 MiB
SIZE Weight     :       0.50 MiB
Using Overwrite Option
##########################################
#         Computing Reference ...        #
##########################################
##########################################
#      Computing Reference ... done      #
##########################################

##########################################
#      Setting Up  (custom-Storage)      #
##########################################
##########################################
#   Correctness - FWD (custom-Storage)   #
##########################################
L1 reference  : 7545.868969507260771933943
L1 test       : 7545.868969507260771933943
L2 abs.error  : 0.000000000000000000000000
L2 rel.error  : 0.000000000000000000000000
Linf abs.error: 0.000000000000000000000000
Linf rel.error: 0.000000000000000000000000
Check-norm    : 0.000000000000000000000000
##########################################
#   Performance - FWD (custom-Storage)   #
##########################################
GFLOP  = 0.5138
fp time = 0.0013061
GFLOPS  = 393.38
PERFDUMP,FP,1.9-1623,10,10,512,256,28,28,1,1,2,0,0,0.0013061,393.38,7545.868970,7545.868970,0.000000,0.000000,0.000000,0.000000,0.000000



##########################################
#          Setting Up (Common)           #
##########################################
PARAMS: W:14  H:14  N:10  C:256  K:256  R:3  S:3  P:14  Q:14  STRIDE:1
PARAMS: ITERS:1000
 InImg 14x14 Padded (16x16)
OutImg 14x14 Padded (16x16)
SIZE Input  (MB):       2.50 MiB
SIZE Output (MB):       2.50 MiB
SIZE Input   (1):       0.25 MiB
SIZE Output  (1):       0.25 MiB
SIZE Weight     :       2.25 MiB
Using Overwrite Option
##########################################
#         Computing Reference ...        #
##########################################
##########################################
#      Computing Reference ... done      #
##########################################

##########################################
#      Setting Up  (custom-Storage)      #
##########################################
##########################################
#   Correctness - FWD (custom-Storage)   #
##########################################
L1 reference  : 15196.8558214865315676434
L1 test       : 15196.85581676127367245499
L2 abs.error  : 0.000016461477154605812142
L2 rel.error  : 0.193265874464365050577896
Linf abs.error: 0.000000238418579101562500
Linf rel.error: 0.153412218815353051937223
Check-norm    : 0.000000609408248299009089
##########################################
#   Performance - FWD (custom-Storage)   #
##########################################
GFLOP  = 2.3121
fp time = 0.0041964
GFLOPS  = 550.97
PERFDUMP,FP,1.9-1623,10,10,256,256,14,14,3,3,1,1,1,0.0041964,550.97,15196.855821,15196.855817,0.000016,0.193266,0.000000,0.153412,0.000001



##########################################
#          Setting Up (Common)           #
##########################################
PARAMS: W:14  H:14  N:10  C:256  K:1024  R:1  S:1  P:14  Q:14  STRIDE:1
PARAMS: ITERS:1000
 InImg 14x14 Padded (14x14)
OutImg 14x14 Padded (14x14)
SIZE Input  (MB):       1.91 MiB
SIZE Output (MB):       7.66 MiB
SIZE Input   (1):       0.19 MiB
SIZE Output  (1):       0.77 MiB
SIZE Weight     :       1.00 MiB
Using Overwrite Option
##########################################
#         Computing Reference ...        #
##########################################
##########################################
#      Computing Reference ... done      #
##########################################

##########################################
#      Setting Up  (custom-Storage)      #
##########################################
##########################################
#   Correctness - FWD (custom-Storage)   #
##########################################
L1 reference  : 21372.73191547259557410143
L1 test       : 21372.73191547259557410143
L2 abs.error  : 0.000000000000000000000000
L2 rel.error  : 0.000000000000000000000000
Linf abs.error: 0.000000000000000000000000
Linf rel.error: 0.000000000000000000000000
Check-norm    : 0.000000000000000000000000
##########################################
#   Performance - FWD (custom-Storage)   #
##########################################
GFLOP  = 1.0276
fp time = 0.0021326
GFLOPS  = 481.85
PERFDUMP,FP,1.9-1623,10,10,256,1024,14,14,1,1,1,0,0,0.0021326,481.85,21372.731915,21372.731915,0.000000,0.000000,0.000000,0.000000,0.000000



##########################################
#          Setting Up (Common)           #
##########################################
PARAMS: W:14  H:14  N:10  C:1024  K:256  R:1  S:1  P:14  Q:14  STRIDE:1
PARAMS: ITERS:1000
 InImg 14x14 Padded (14x14)
OutImg 14x14 Padded (14x14)
SIZE Input  (MB):       7.66 MiB
SIZE Output (MB):       1.91 MiB
SIZE Input   (1):       0.77 MiB
SIZE Output  (1):       0.19 MiB
SIZE Weight     :       1.00 MiB
Using Overwrite Option
##########################################
#         Computing Reference ...        #
##########################################
##########################################
#      Computing Reference ... done      #
##########################################

##########################################
#      Setting Up  (custom-Storage)      #
##########################################
##########################################
#   Correctness - FWD (custom-Storage)   #
##########################################
L1 reference  : 10690.23640970160704455338
L1 test       : 10690.23640970160704455338
L2 abs.error  : 0.000000000000000000000000
L2 rel.error  : 0.000000000000000000000000
Linf abs.error: 0.000000000000000000000000
Linf rel.error: 0.000000000000000000000000
Check-norm    : 0.000000000000000000000000
##########################################
#   Performance - FWD (custom-Storage)   #
##########################################
GFLOP  = 1.0276
fp time = 0.0020592
GFLOPS  = 499.03
PERFDUMP,FP,1.9-1623,10,10,1024,256,14,14,1,1,1,0,0,0.0020592,499.03,10690.236410,10690.236410,0.000000,0.000000,0.000000,0.000000,0.000000



##########################################
#          Setting Up (Common)           #
##########################################
PARAMS: W:14  H:14  N:10  C:1024  K:2048  R:1  S:1  P:7  Q:7  STRIDE:2
PARAMS: ITERS:1000
 InImg 14x14 Padded (14x14)
OutImg 7x7 Padded (7x7)
SIZE Input  (MB):       7.66 MiB
SIZE Output (MB):       3.83 MiB
SIZE Input   (1):       0.77 MiB
SIZE Output  (1):       0.38 MiB
SIZE Weight     :       8.00 MiB
Using Overwrite Option
##########################################
#         Computing Reference ...        #
##########################################
##########################################
#      Computing Reference ... done      #
##########################################

##########################################
#      Setting Up  (custom-Storage)      #
##########################################
##########################################
#   Correctness - FWD (custom-Storage)   #
##########################################
L1 reference  : 21360.09505745448041125201
L1 test       : 21360.09505745448041125201
L2 abs.error  : 0.000000000000000000000000
L2 rel.error  : 0.000000000000000000000000
Linf abs.error: 0.000000000000000000000000
Linf rel.error: 0.000000000000000000000000
Check-norm    : 0.000000000000000000000000
##########################################
#   Performance - FWD (custom-Storage)   #
##########################################
GFLOP  = 2.0552
fp time = 0.0059682
GFLOPS  = 344.36
PERFDUMP,FP,1.9-1623,10,10,1024,2048,14,14,1,1,2,0,0,0.0059682,344.36,21360.095057,21360.095057,0.000000,0.000000,0.000000,0.000000,0.000000



##########################################
#          Setting Up (Common)           #
##########################################
PARAMS: W:14  H:14  N:10  C:1024  K:512  R:1  S:1  P:7  Q:7  STRIDE:2
PARAMS: ITERS:1000
 InImg 14x14 Padded (14x14)
OutImg 7x7 Padded (7x7)
SIZE Input  (MB):       7.66 MiB
SIZE Output (MB):       0.96 MiB
SIZE Input   (1):       0.77 MiB
SIZE Output  (1):       0.10 MiB
SIZE Weight     :       2.00 MiB
Using Overwrite Option
##########################################
#         Computing Reference ...        #
##########################################
##########################################
#      Computing Reference ... done      #
##########################################

##########################################
#      Setting Up  (custom-Storage)      #
##########################################
##########################################
#   Correctness - FWD (custom-Storage)   #
##########################################
L1 reference  : 5316.831120425084009184502
L1 test       : 5316.831120425084009184502
L2 abs.error  : 0.000000000000000000000000
L2 rel.error  : 0.000000000000000000000000
Linf abs.error: 0.000000000000000000000000
Linf rel.error: 0.000000000000000000000000
Check-norm    : 0.000000000000000000000000
##########################################
#   Performance - FWD (custom-Storage)   #
##########################################
GFLOP  = 0.5138
fp time = 0.0015051
GFLOPS  = 341.38
PERFDUMP,FP,1.9-1623,10,10,1024,512,14,14,1,1,2,0,0,0.0015051,341.38,5316.831120,5316.831120,0.000000,0.000000,0.000000,0.000000,0.000000



##########################################
#          Setting Up (Common)           #
##########################################
PARAMS: W:7  H:7  N:10  C:512  K:512  R:3  S:3  P:7  Q:7  STRIDE:1
PARAMS: ITERS:1000
 InImg 7x7 Padded (9x9)
OutImg 7x7 Padded (9x9)
SIZE Input  (MB):       1.58 MiB
SIZE Output (MB):       1.58 MiB
SIZE Input   (1):       0.16 MiB
SIZE Output  (1):       0.16 MiB
SIZE Weight     :       9.00 MiB
Using Overwrite Option
##########################################
#         Computing Reference ...        #
##########################################
##########################################
#      Computing Reference ... done      #
##########################################

##########################################
#      Setting Up  (custom-Storage)      #
##########################################
##########################################
#   Correctness - FWD (custom-Storage)   #
##########################################
L1 reference  : 10150.79780789804135565646
L1 test       : 10150.79784898132857051678
L2 abs.error  : 0.000017976527332519043372
L2 rel.error  : 0.391557122333934470859163
Linf abs.error: 0.000000394880771636962891
Linf rel.error: 0.382996203983391181324691
Check-norm    : 0.000000702514965175631031
##########################################
#   Performance - FWD (custom-Storage)   #
##########################################
GFLOP  = 2.3121
fp time = 0.0049353
GFLOPS  = 468.48
PERFDUMP,FP,1.9-1623,10,10,512,512,7,7,3,3,1,1,1,0.0049353,468.48,10150.797808,10150.797849,0.000018,0.391557,0.000000,0.382996,0.000001



##########################################
#          Setting Up (Common)           #
##########################################
PARAMS: W:7  H:7  N:10  C:512  K:2048  R:1  S:1  P:7  Q:7  STRIDE:1
PARAMS: ITERS:1000
 InImg 7x7 Padded (7x7)
OutImg 7x7 Padded (7x7)
SIZE Input  (MB):       0.96 MiB
SIZE Output (MB):       3.83 MiB
SIZE Input   (1):       0.10 MiB
SIZE Output  (1):       0.38 MiB
SIZE Weight     :       4.00 MiB
Using Overwrite Option
##########################################
#         Computing Reference ...        #
##########################################
##########################################
#      Computing Reference ... done      #
##########################################

##########################################
#      Setting Up  (custom-Storage)      #
##########################################
##########################################
#   Correctness - FWD (custom-Storage)   #
##########################################
L1 reference  : 15118.50681924044693005271
L1 test       : 15118.50681924044693005271
L2 abs.error  : 0.000000000000000000000000
L2 rel.error  : 0.000000000000000000000000
Linf abs.error: 0.000000000000000000000000
Linf rel.error: 0.000000000000000000000000
Check-norm    : 0.000000000000000000000000
##########################################
#   Performance - FWD (custom-Storage)   #
##########################################
GFLOP  = 1.0276
fp time = 0.0024056
GFLOPS  = 427.17
PERFDUMP,FP,1.9-1623,10,10,512,2048,7,7,1,1,1,0,0,0.0024056,427.17,15118.506819,15118.506819,0.000000,0.000000,0.000000,0.000000,0.000000



##########################################
#          Setting Up (Common)           #
##########################################
PARAMS: W:7  H:7  N:10  C:2048  K:512  R:1  S:1  P:7  Q:7  STRIDE:1
PARAMS: ITERS:1000
 InImg 7x7 Padded (7x7)
OutImg 7x7 Padded (7x7)
SIZE Input  (MB):       3.83 MiB
SIZE Output (MB):       0.96 MiB
SIZE Input   (1):       0.38 MiB
SIZE Output  (1):       0.10 MiB
SIZE Weight     :       4.00 MiB
Using Overwrite Option
##########################################
#         Computing Reference ...        #
##########################################
##########################################
#      Computing Reference ... done      #
##########################################

##########################################
#      Setting Up  (custom-Storage)      #
##########################################
##########################################
#   Correctness - FWD (custom-Storage)   #
##########################################
L1 reference  : 7520.864535501550562912598
L1 test       : 7520.864535501550562912598
L2 abs.error  : 0.000000000000000000000000
L2 rel.error  : 0.000000000000000000000000
Linf abs.error: 0.000000000000000000000000
Linf rel.error: 0.000000000000000000000000
Check-norm    : 0.000000000000000000000000
##########################################
#   Performance - FWD (custom-Storage)   #
##########################################
GFLOP  = 1.0276
fp time = 0.0023663
GFLOPS  = 434.26
PERFDUMP,FP,1.9-1623,10,10,2048,512,7,7,1,1,1,0,0,0.0023663,434.26,7520.864536,7520.864536,0.000000,0.000000,0.000000,0.000000,0.000000



