PERFDUMP,FP,1.9-1623,40,40,3,64,224,224,7,7,2,3,3,0.024159,390.79,256982.293009,256982.293026,0.000015,7.308892,0.000000,6.104335,0.000000
PERFDUMP,FP,1.9-1623,40,40,64,256,56,56,1,1,1,0,0,0.011655,352.66,170089.987172,170089.987172,0.000000,0.000000,0.000000,0.000000,0.000000
PERFDUMP,FP,1.9-1623,40,40,64,64,56,56,1,1,1,0,0,0.0026033,394.74,42627.287943,42627.287943,0.000000,0.000000,0.000000,0.000000,0.000000
PERFDUMP,FP,1.9-1623,40,40,64,64,56,56,3,3,1,1,1,0.0073994,1249.9,126516.474405,126516.474464,0.000024,2.990503,0.000000,2.208143,0.000000
PERFDUMP,FP,1.9-1623,40,40,256,64,56,56,1,1,1,0,0,0.018795,218.7,84980.782117,84980.782117,0.000000,0.000000,0.000000,0.000000,0.000000
PERFDUMP,FP,1.9-1623,40,40,256,512,56,56,1,1,2,0,0,0.042854,191.83,170376.354035,170376.354035,0.000000,0.000000,0.000000,0.000000,0.000000
PERFDUMP,FP,1.9-1623,40,40,256,128,56,56,1,1,2,0,0,0.014309,143.63,42652.916993,42652.916993,0.000000,0.000000,0.000000,0.000000,0.000000
PERFDUMP,FP,1.9-1623,40,40,128,128,28,28,3,3,1,1,1,0.0070564,1310.6,88219.475605,88219.475547,0.000028,3.064498,0.000000,3.016737,0.000001
PERFDUMP,FP,1.9-1623,40,40,128,512,28,28,1,1,1,0,0,0.0050916,807.29,120492.474354,120492.474354,0.000000,0.000000,0.000000,0.000000,0.000000
PERFDUMP,FP,1.9-1623,40,40,512,128,28,28,1,1,1,0,0,0.0068732,598.04,60535.610405,60535.610405,0.000000,0.000000,0.000000,0.000000,0.000000
PERFDUMP,FP,1.9-1623,40,40,512,1024,28,28,1,1,2,0,0,0.014494,567.21,120761.579085,120761.579085,0.000000,0.000000,0.000000,0.000000,0.000000
PERFDUMP,FP,1.9-1623,40,40,512,256,28,28,1,1,2,0,0,0.0031924,643.78,30177.846291,30177.846291,0.000000,0.000000,0.000000,0.000000,0.000000
PERFDUMP,FP,1.9-1623,40,40,256,256,14,14,3,3,1,1,1,0.0070534,1311.2,60786.961955,60786.961934,0.000033,13.454249,0.000000,13.443761,0.000001
PERFDUMP,FP,1.9-1623,40,40,256,1024,14,14,1,1,1,0,0,0.0035044,1172.9,85387.500819,85387.500819,0.000000,0.000000,0.000000,0.000000,0.000000
PERFDUMP,FP,1.9-1623,40,40,1024,256,14,14,1,1,1,0,0,0.0034779,1181.9,42650.214501,42650.214501,0.000000,0.000000,0.000000,0.000000,0.000000
PERFDUMP,FP,1.9-1623,40,40,1024,2048,14,14,1,1,2,0,0,0.0099453,826.61,85462.517765,85462.517765,0.000000,0.000000,0.000000,0.000000,0.000000
PERFDUMP,FP,1.9-1623,40,40,1024,512,14,14,1,1,2,0,0,0.0024065,854.04,21344.426009,21344.426009,0.000000,0.000000,0.000000,0.000000,0.000000
PERFDUMP,FP,1.9-1623,40,40,512,512,7,7,3,3,1,1,1,0.0078687,1175.3,40709.463170,40709.463128,0.000036,0.557614,0.000000,0.415624,0.000001
PERFDUMP,FP,1.9-1623,40,40,512,2048,7,7,1,1,1,0,0,0.0039004,1053.8,60327.146411,60327.146411,0.000000,0.000000,0.000000,0.000000,0.000000
PERFDUMP,FP,1.9-1623,40,40,2048,512,7,7,1,1,1,0,0,0.0038679,1062.7,30196.770619,30196.770619,0.000000,0.000000,0.000000,0.000000,0.000000
PERFDUMP,FP,1.9-1623,10,10,3,64,224,224,7,7,2,3,3,0.0050078,471.32,64048.234288,64048.234275,0.000008,0.944100,0.000000,0.813463,0.000000
PERFDUMP,FP,1.9-1623,10,10,64,256,56,56,1,1,1,0,0,0.0025294,406.27,42697.019806,42697.019806,0.000000,0.000000,0.000000,0.000000,0.000000
PERFDUMP,FP,1.9-1623,10,10,64,64,56,56,1,1,1,0,0,0.00058404,439.87,10732.478445,10732.478445,0.000000,0.000000,0.000000,0.000000,0.000000
PERFDUMP,FP,1.9-1623,10,10,64,64,56,56,3,3,1,1,1,0.0040997,563.97,31660.544393,31660.544386,0.000012,1.147092,0.000000,0.819845,0.000000
PERFDUMP,FP,1.9-1623,10,10,256,64,56,56,1,1,1,0,0,0.0023398,439.18,21356.185740,21356.185740,0.000000,0.000000,0.000000,0.000000,0.000000
PERFDUMP,FP,1.9-1623,10,10,256,512,56,56,1,1,2,0,0,0.0045885,447.9,42652.928873,42652.928873,0.000000,0.000000,0.000000,0.000000,0.000000
PERFDUMP,FP,1.9-1623,10,10,256,128,56,56,1,1,2,0,0,0.0012599,407.81,10603.838050,10603.838050,0.000000,0.000000,0.000000,0.000000,0.000000
PERFDUMP,FP,1.9-1623,10,10,128,128,28,28,3,3,1,1,1,0.0042083,549.42,22015.817480,22015.817496,0.000014,1.365683,0.000000,1.354703,0.000001
PERFDUMP,FP,1.9-1623,10,10,128,512,28,28,1,1,1,0,0,0.0021304,482.35,30050.167006,30050.167006,0.000000,0.000000,0.000000,0.000000,0.000000
PERFDUMP,FP,1.9-1623,10,10,512,128,28,28,1,1,1,0,0,0.0020341,505.19,15121.931550,15121.931550,0.000000,0.000000,0.000000,0.000000,0.000000
PERFDUMP,FP,1.9-1623,10,10,512,1024,28,28,1,1,2,0,0,0.0049903,411.84,30158.273773,30158.273773,0.000000,0.000000,0.000000,0.000000,0.000000
PERFDUMP,FP,1.9-1623,10,10,512,256,28,28,1,1,2,0,0,0.001306,393.42,7545.868970,7545.868970,0.000000,0.000000,0.000000,0.000000,0.000000
PERFDUMP,FP,1.9-1623,10,10,256,256,14,14,3,3,1,1,1,0.0041883,552.04,15196.855821,15196.855817,0.000016,0.193266,0.000000,0.153412,0.000001
PERFDUMP,FP,1.9-1623,10,10,256,1024,14,14,1,1,1,0,0,0.0021141,486.08,21372.731915,21372.731915,0.000000,0.000000,0.000000,0.000000,0.000000
PERFDUMP,FP,1.9-1623,10,10,1024,256,14,14,1,1,1,0,0,0.0021144,486,10690.236410,10690.236410,0.000000,0.000000,0.000000,0.000000,0.000000
PERFDUMP,FP,1.9-1623,10,10,1024,2048,14,14,1,1,2,0,0,0.0059284,346.67,21360.095057,21360.095057,0.000000,0.000000,0.000000,0.000000,0.000000
PERFDUMP,FP,1.9-1623,10,10,1024,512,14,14,1,1,2,0,0,0.001526,336.7,5316.831120,5316.831120,0.000000,0.000000,0.000000,0.000000,0.000000
PERFDUMP,FP,1.9-1623,10,10,512,512,7,7,3,3,1,1,1,0.0049426,467.8,10150.797808,10150.797849,0.000018,0.391557,0.000000,0.382996,0.000001
PERFDUMP,FP,1.9-1623,10,10,512,2048,7,7,1,1,1,0,0,0.0024135,425.78,15118.506819,15118.506819,0.000000,0.000000,0.000000,0.000000,0.000000
PERFDUMP,FP,1.9-1623,10,10,2048,512,7,7,1,1,1,0,0,0.0023697,433.65,7520.864536,7520.864536,0.000000,0.000000,0.000000,0.000000,0.000000
