##########################################
#          Setting Up (Common)           #
##########################################
PARAMS: W:224  H:224  N:72  C:3  K:64  R:7  S:7  P:112  Q:112  STRIDE:2
 InImg 224x224 Padded (230x230)
OutImg 112x112 Padded (118x118)
SIZE Input  (MB):      43.59 MiB
SIZE Output (MB):     244.76 MiB
SIZE Input   (1):       0.61 MiB
SIZE Output  (1):       3.40 MiB
SIZE Weight     :       0.04 MiB
##########################################
#            Naive Computation           #
##########################################
##########################################
#           Performance Analysis         #
##########################################
##########################################
               FORWARD PASS               
##########################################
Openmp Time = 6.6729
Total Time = 0.0066729
GFLOP  = 16.994
fp time = 0.00066729
GFLOPS  = 25467
PERFDUMP,FP,72,72,3,64,224,224,7,7,2,3,3,0.0066729,0.00066729,25467
Zeros: 14389898/64161792
##########################################
#           Cleaning Up data...          #
##########################################
##########################################
#                Complete.               #
##########################################
##########################################
#          Setting Up (Common)           #
##########################################
PARAMS: W:56  H:56  N:72  C:64  K:256  R:1  S:1  P:56  Q:56  STRIDE:1
 InImg 56x56 Padded (56x56)
OutImg 56x56 Padded (56x56)
SIZE Input  (MB):      55.12 MiB
SIZE Output (MB):     220.50 MiB
SIZE Input   (1):       0.77 MiB
SIZE Output  (1):       3.06 MiB
SIZE Weight     :       0.06 MiB
##########################################
#            Naive Computation           #
##########################################
##########################################
#           Performance Analysis         #
##########################################
##########################################
               FORWARD PASS               
##########################################
Openmp Time = 4.8061
Total Time = 0.0048061
GFLOP  = 7.3988
fp time = 0.00048061
GFLOPS  = 15394
PERFDUMP,FP,72,72,64,256,56,56,1,1,1,0,0,0.0048061,0.00048061,15394
Zeros: 0/57802752
##########################################
#           Cleaning Up data...          #
##########################################
##########################################
#                Complete.               #
##########################################
##########################################
#          Setting Up (Common)           #
##########################################
PARAMS: W:56  H:56  N:72  C:64  K:64  R:1  S:1  P:56  Q:56  STRIDE:1
 InImg 56x56 Padded (56x56)
OutImg 56x56 Padded (56x56)
SIZE Input  (MB):      55.12 MiB
SIZE Output (MB):      55.12 MiB
SIZE Input   (1):       0.77 MiB
SIZE Output  (1):       0.77 MiB
SIZE Weight     :       0.02 MiB
##########################################
#            Naive Computation           #
##########################################
##########################################
#           Performance Analysis         #
##########################################
##########################################
               FORWARD PASS               
##########################################
Openmp Time = 1.4687
Total Time = 0.0014687
GFLOP  = 1.8497
fp time = 0.00014687
GFLOPS  = 12594
PERFDUMP,FP,72,72,64,64,56,56,1,1,1,0,0,0.0014687,0.00014687,12594
Zeros: 0/14450688
##########################################
#           Cleaning Up data...          #
##########################################
##########################################
#                Complete.               #
##########################################
##########################################
#          Setting Up (Common)           #
##########################################
PARAMS: W:56  H:56  N:72  C:64  K:64  R:3  S:3  P:56  Q:56  STRIDE:1
 InImg 56x56 Padded (58x58)
OutImg 56x56 Padded (58x58)
SIZE Input  (MB):      59.13 MiB
SIZE Output (MB):      59.13 MiB
SIZE Input   (1):       0.82 MiB
SIZE Output  (1):       0.82 MiB
SIZE Weight     :       0.14 MiB
##########################################
#            Naive Computation           #
##########################################
##########################################
#           Performance Analysis         #
##########################################
##########################################
               FORWARD PASS               
##########################################
Openmp Time = 5.2745
Total Time = 0.0052745
GFLOP  = 16.647
fp time = 0.00052745
GFLOPS  = 31562
PERFDUMP,FP,72,72,64,64,56,56,3,3,1,1,1,0.0052745,0.00052745,31562
Zeros: 1050624/15501312
##########################################
#           Cleaning Up data...          #
##########################################
##########################################
#                Complete.               #
##########################################
##########################################
#          Setting Up (Common)           #
##########################################
PARAMS: W:56  H:56  N:72  C:256  K:64  R:1  S:1  P:56  Q:56  STRIDE:1
 InImg 56x56 Padded (56x56)
OutImg 56x56 Padded (56x56)
SIZE Input  (MB):     220.50 MiB
SIZE Output (MB):      55.12 MiB
SIZE Input   (1):       3.06 MiB
SIZE Output  (1):       0.77 MiB
SIZE Weight     :       0.06 MiB
##########################################
#            Naive Computation           #
##########################################
##########################################
#           Performance Analysis         #
##########################################
##########################################
               FORWARD PASS               
##########################################
Openmp Time = 6.2193
Total Time = 0.0062193
GFLOP  = 7.3988
fp time = 0.00062193
GFLOPS  = 11896
PERFDUMP,FP,72,72,256,64,56,56,1,1,1,0,0,0.0062193,0.00062193,11896
Zeros: 0/14450688
##########################################
#           Cleaning Up data...          #
##########################################
##########################################
#                Complete.               #
##########################################
##########################################
#          Setting Up (Common)           #
##########################################
PARAMS: W:56  H:56  N:72  C:256  K:512  R:1  S:1  P:28  Q:28  STRIDE:2
 InImg 56x56 Padded (56x56)
OutImg 28x28 Padded (28x28)
SIZE Input  (MB):     220.50 MiB
SIZE Output (MB):     110.25 MiB
SIZE Input   (1):       3.06 MiB
SIZE Output  (1):       1.53 MiB
SIZE Weight     :       0.50 MiB
##########################################
#            Naive Computation           #
##########################################
##########################################
#           Performance Analysis         #
##########################################
##########################################
               FORWARD PASS               
##########################################
Openmp Time = 15.502
Total Time = 0.015502
GFLOP  = 14.798
fp time = 0.0015502
GFLOPS  = 9545.6
PERFDUMP,FP,72,72,256,512,56,56,1,1,2,0,0,0.015502,0.0015502,9545.6
Zeros: 0/28901376
##########################################
#           Cleaning Up data...          #
##########################################
##########################################
#                Complete.               #
##########################################
##########################################
#          Setting Up (Common)           #
##########################################
PARAMS: W:56  H:56  N:72  C:256  K:128  R:1  S:1  P:28  Q:28  STRIDE:2
 InImg 56x56 Padded (56x56)
OutImg 28x28 Padded (28x28)
SIZE Input  (MB):     220.50 MiB
SIZE Output (MB):      27.56 MiB
SIZE Input   (1):       3.06 MiB
SIZE Output  (1):       0.38 MiB
SIZE Weight     :       0.12 MiB
##########################################
#            Naive Computation           #
##########################################
##########################################
#           Performance Analysis         #
##########################################
##########################################
               FORWARD PASS               
##########################################
Openmp Time = 4.1232
Total Time = 0.0041232
GFLOP  = 3.6994
fp time = 0.00041232
GFLOPS  = 8972.1
PERFDUMP,FP,72,72,256,128,56,56,1,1,2,0,0,0.0041232,0.00041232,8972.1
Zeros: 0/7225344
##########################################
#           Cleaning Up data...          #
##########################################
##########################################
#                Complete.               #
##########################################
##########################################
#          Setting Up (Common)           #
##########################################
PARAMS: W:28  H:28  N:72  C:128  K:128  R:3  S:3  P:28  Q:28  STRIDE:1
 InImg 28x28 Padded (30x30)
OutImg 28x28 Padded (30x30)
SIZE Input  (MB):      31.64 MiB
SIZE Output (MB):      31.64 MiB
SIZE Input   (1):       0.44 MiB
SIZE Output  (1):       0.44 MiB
SIZE Weight     :       0.56 MiB
##########################################
#            Naive Computation           #
##########################################
##########################################
#           Performance Analysis         #
##########################################
##########################################
               FORWARD PASS               
##########################################
Openmp Time = 4.5508
Total Time = 0.0045508
GFLOP  = 16.647
fp time = 0.00045508
GFLOPS  = 36581
PERFDUMP,FP,72,72,128,128,28,28,3,3,1,1,1,0.0045508,0.00045508,36581
Zeros: 1069056/8294400
##########################################
#           Cleaning Up data...          #
##########################################
##########################################
#                Complete.               #
##########################################
##########################################
#          Setting Up (Common)           #
##########################################
PARAMS: W:28  H:28  N:72  C:128  K:512  R:1  S:1  P:28  Q:28  STRIDE:1
 InImg 28x28 Padded (28x28)
OutImg 28x28 Padded (28x28)
SIZE Input  (MB):      27.56 MiB
SIZE Output (MB):     110.25 MiB
SIZE Input   (1):       0.38 MiB
SIZE Output  (1):       1.53 MiB
SIZE Weight     :       0.25 MiB
##########################################
#            Naive Computation           #
##########################################
##########################################
#           Performance Analysis         #
##########################################
##########################################
               FORWARD PASS               
##########################################
Openmp Time = 3.7038
Total Time = 0.0037038
GFLOP  = 7.3988
fp time = 0.00037038
GFLOPS  = 19976
PERFDUMP,FP,72,72,128,512,28,28,1,1,1,0,0,0.0037038,0.00037038,19976
Zeros: 0/28901376
##########################################
#           Cleaning Up data...          #
##########################################
##########################################
#                Complete.               #
##########################################
##########################################
#          Setting Up (Common)           #
##########################################
PARAMS: W:28  H:28  N:72  C:512  K:128  R:1  S:1  P:28  Q:28  STRIDE:1
 InImg 28x28 Padded (28x28)
OutImg 28x28 Padded (28x28)
SIZE Input  (MB):     110.25 MiB
SIZE Output (MB):      27.56 MiB
SIZE Input   (1):       1.53 MiB
SIZE Output  (1):       0.38 MiB
SIZE Weight     :       0.25 MiB
##########################################
#            Naive Computation           #
##########################################
##########################################
#           Performance Analysis         #
##########################################
##########################################
               FORWARD PASS               
##########################################
Openmp Time = 7.7406
Total Time = 0.0077406
GFLOP  = 7.3988
fp time = 0.00077406
GFLOPS  = 9558.3
PERFDUMP,FP,72,72,512,128,28,28,1,1,1,0,0,0.0077406,0.00077406,9558.3
Zeros: 0/7225344
##########################################
#           Cleaning Up data...          #
##########################################
##########################################
#                Complete.               #
##########################################
##########################################
#          Setting Up (Common)           #
##########################################
PARAMS: W:28  H:28  N:72  C:512  K:1024  R:1  S:1  P:14  Q:14  STRIDE:2
 InImg 28x28 Padded (28x28)
OutImg 14x14 Padded (14x14)
SIZE Input  (MB):     110.25 MiB
SIZE Output (MB):      55.12 MiB
SIZE Input   (1):       1.53 MiB
SIZE Output  (1):       0.77 MiB
SIZE Weight     :       2.00 MiB
##########################################
#            Naive Computation           #
##########################################
##########################################
#           Performance Analysis         #
##########################################
##########################################
               FORWARD PASS               
##########################################
Openmp Time = 17.983
Total Time = 0.017983
GFLOP  = 14.798
fp time = 0.0017983
GFLOPS  = 8228.5
PERFDUMP,FP,72,72,512,1024,28,28,1,1,2,0,0,0.017983,0.0017983,8228.5
Zeros: 0/14450688
##########################################
#           Cleaning Up data...          #
##########################################
##########################################
#                Complete.               #
##########################################
##########################################
#          Setting Up (Common)           #
##########################################
PARAMS: W:28  H:28  N:72  C:512  K:256  R:1  S:1  P:14  Q:14  STRIDE:2
 InImg 28x28 Padded (28x28)
OutImg 14x14 Padded (14x14)
SIZE Input  (MB):     110.25 MiB
SIZE Output (MB):      13.78 MiB
SIZE Input   (1):       1.53 MiB
SIZE Output  (1):       0.19 MiB
SIZE Weight     :       0.50 MiB
##########################################
#            Naive Computation           #
##########################################
##########################################
#           Performance Analysis         #
##########################################
##########################################
               FORWARD PASS               
##########################################
Openmp Time = 4.6672
Total Time = 0.0046672
GFLOP  = 3.6994
fp time = 0.00046672
GFLOPS  = 7926.3
PERFDUMP,FP,72,72,512,256,28,28,1,1,2,0,0,0.0046672,0.00046672,7926.3
Zeros: 0/3612672
##########################################
#           Cleaning Up data...          #
##########################################
##########################################
#                Complete.               #
##########################################
##########################################
#          Setting Up (Common)           #
##########################################
PARAMS: W:14  H:14  N:72  C:256  K:256  R:3  S:3  P:14  Q:14  STRIDE:1
 InImg 14x14 Padded (16x16)
OutImg 14x14 Padded (16x16)
SIZE Input  (MB):      18.00 MiB
SIZE Output (MB):      18.00 MiB
SIZE Input   (1):       0.25 MiB
SIZE Output  (1):       0.25 MiB
SIZE Weight     :       2.25 MiB
##########################################
#            Naive Computation           #
##########################################
##########################################
#           Performance Analysis         #
##########################################
##########################################
               FORWARD PASS               
##########################################
Openmp Time = 3.7111
Total Time = 0.0037111
GFLOP  = 16.647
fp time = 0.00037111
GFLOPS  = 44858
PERFDUMP,FP,72,72,256,256,14,14,3,3,1,1,1,0.0037111,0.00037111,44858
Zeros: 1105920/4718592
##########################################
#           Cleaning Up data...          #
##########################################
##########################################
#                Complete.               #
##########################################
##########################################
#          Setting Up (Common)           #
##########################################
PARAMS: W:14  H:14  N:72  C:256  K:1024  R:1  S:1  P:14  Q:14  STRIDE:1
 InImg 14x14 Padded (14x14)
OutImg 14x14 Padded (14x14)
SIZE Input  (MB):      13.78 MiB
SIZE Output (MB):      55.12 MiB
SIZE Input   (1):       0.19 MiB
SIZE Output  (1):       0.77 MiB
SIZE Weight     :       1.00 MiB
##########################################
#            Naive Computation           #
##########################################
##########################################
#           Performance Analysis         #
##########################################
##########################################
               FORWARD PASS               
##########################################
Openmp Time = 4.9592
Total Time = 0.0049592
GFLOP  = 7.3988
fp time = 0.00049592
GFLOPS  = 14919
PERFDUMP,FP,72,72,256,1024,14,14,1,1,1,0,0,0.0049592,0.00049592,14919
Zeros: 0/14450688
##########################################
#           Cleaning Up data...          #
##########################################
##########################################
#                Complete.               #
##########################################
##########################################
#          Setting Up (Common)           #
##########################################
PARAMS: W:14  H:14  N:72  C:1024  K:256  R:1  S:1  P:14  Q:14  STRIDE:1
 InImg 14x14 Padded (14x14)
OutImg 14x14 Padded (14x14)
SIZE Input  (MB):      55.12 MiB
SIZE Output (MB):      13.78 MiB
SIZE Input   (1):       0.77 MiB
SIZE Output  (1):       0.19 MiB
SIZE Weight     :       1.00 MiB
##########################################
#            Naive Computation           #
##########################################
##########################################
#           Performance Analysis         #
##########################################
##########################################
               FORWARD PASS               
##########################################
Openmp Time = 7.1219
Total Time = 0.0071219
GFLOP  = 7.3988
fp time = 0.00071219
GFLOPS  = 10389
PERFDUMP,FP,72,72,1024,256,14,14,1,1,1,0,0,0.0071219,0.00071219,10389
Zeros: 0/3612672
##########################################
#           Cleaning Up data...          #
##########################################
##########################################
#                Complete.               #
##########################################
##########################################
#          Setting Up (Common)           #
##########################################
PARAMS: W:14  H:14  N:72  C:1024  K:2048  R:1  S:1  P:7  Q:7  STRIDE:2
 InImg 14x14 Padded (14x14)
OutImg 7x7 Padded (7x7)
SIZE Input  (MB):      55.12 MiB
SIZE Output (MB):      27.56 MiB
SIZE Input   (1):       0.77 MiB
SIZE Output  (1):       0.38 MiB
SIZE Weight     :       8.00 MiB
##########################################
#            Naive Computation           #
##########################################
##########################################
#           Performance Analysis         #
##########################################
##########################################
               FORWARD PASS               
##########################################
Openmp Time = 11.823
Total Time = 0.011823
GFLOP  = 14.798
fp time = 0.0011823
GFLOPS  = 12516
PERFDUMP,FP,72,72,1024,2048,14,14,1,1,2,0,0,0.011823,0.0011823,12516
Zeros: 0/7225344
##########################################
#           Cleaning Up data...          #
##########################################
##########################################
#                Complete.               #
##########################################
##########################################
#          Setting Up (Common)           #
##########################################
PARAMS: W:14  H:14  N:72  C:1024  K:512  R:1  S:1  P:7  Q:7  STRIDE:2
 InImg 14x14 Padded (14x14)
OutImg 7x7 Padded (7x7)
SIZE Input  (MB):      55.12 MiB
SIZE Output (MB):       6.89 MiB
SIZE Input   (1):       0.77 MiB
SIZE Output  (1):       0.10 MiB
SIZE Weight     :       2.00 MiB
##########################################
#            Naive Computation           #
##########################################
##########################################
#           Performance Analysis         #
##########################################
##########################################
               FORWARD PASS               
##########################################
Openmp Time = 3.4893
Total Time = 0.0034893
GFLOP  = 3.6994
fp time = 0.00034893
GFLOPS  = 10602
PERFDUMP,FP,72,72,1024,512,14,14,1,1,2,0,0,0.0034893,0.00034893,10602
Zeros: 0/1806336
##########################################
#           Cleaning Up data...          #
##########################################
##########################################
#                Complete.               #
##########################################
##########################################
#          Setting Up (Common)           #
##########################################
PARAMS: W:7  H:7  N:72  C:512  K:512  R:3  S:3  P:7  Q:7  STRIDE:1
 InImg 7x7 Padded (9x9)
OutImg 7x7 Padded (9x9)
SIZE Input  (MB):      11.39 MiB
SIZE Output (MB):      11.39 MiB
SIZE Input   (1):       0.16 MiB
SIZE Output  (1):       0.16 MiB
SIZE Weight     :       9.00 MiB
##########################################
#            Naive Computation           #
##########################################
##########################################
#           Performance Analysis         #
##########################################
##########################################
               FORWARD PASS               
##########################################
Openmp Time = 2.7185
Total Time = 0.0027185
GFLOP  = 16.647
fp time = 0.00027185
GFLOPS  = 61236
PERFDUMP,FP,72,72,512,512,7,7,3,3,1,1,1,0.0027185,0.00027185,61236
Zeros: 1179648/2985984
##########################################
#           Cleaning Up data...          #
##########################################
##########################################
#                Complete.               #
##########################################
##########################################
#          Setting Up (Common)           #
##########################################
PARAMS: W:7  H:7  N:72  C:512  K:2048  R:1  S:1  P:7  Q:7  STRIDE:1
 InImg 7x7 Padded (7x7)
OutImg 7x7 Padded (7x7)
SIZE Input  (MB):       6.89 MiB
SIZE Output (MB):      27.56 MiB
SIZE Input   (1):       0.10 MiB
SIZE Output  (1):       0.38 MiB
SIZE Weight     :       4.00 MiB
##########################################
#            Naive Computation           #
##########################################
##########################################
#           Performance Analysis         #
##########################################
##########################################
               FORWARD PASS               
##########################################
Openmp Time = 2.7297
Total Time = 0.0027297
GFLOP  = 7.3988
fp time = 0.00027297
GFLOPS  = 27105
PERFDUMP,FP,72,72,512,2048,7,7,1,1,1,0,0,0.0027297,0.00027297,27105
Zeros: 0/7225344
##########################################
#           Cleaning Up data...          #
##########################################
##########################################
#                Complete.               #
##########################################
##########################################
#          Setting Up (Common)           #
##########################################
PARAMS: W:7  H:7  N:72  C:2048  K:512  R:1  S:1  P:7  Q:7  STRIDE:1
 InImg 7x7 Padded (7x7)
OutImg 7x7 Padded (7x7)
SIZE Input  (MB):      27.56 MiB
SIZE Output (MB):       6.89 MiB
SIZE Input   (1):       0.38 MiB
SIZE Output  (1):       0.10 MiB
SIZE Weight     :       4.00 MiB
##########################################
#            Naive Computation           #
##########################################
##########################################
#           Performance Analysis         #
##########################################
##########################################
               FORWARD PASS               
##########################################
Openmp Time = 3.8407
Total Time = 0.0038406
GFLOP  = 7.3988
fp time = 0.00038406
GFLOPS  = 19264
PERFDUMP,FP,72,72,2048,512,7,7,1,1,1,0,0,0.0038406,0.00038406,19264
Zeros: 0/1806336
##########################################
#           Cleaning Up data...          #
##########################################
##########################################
#                Complete.               #
##########################################
