##########################################
#          Setting Up (Common)           #
##########################################
PARAMS: W:224  H:224  N:72  C:3  K:64  R:7  S:7  P:112  Q:112  STRIDE:2
 InImg 224x224 Padded (230x230)
OutImg 112x112 Padded (118x118)
SIZE Input  (MB):      43.59 MiB
SIZE Output (MB):     244.76 MiB
SIZE Input   (1):       0.61 MiB
SIZE Output  (1):       3.40 MiB
SIZE Weight     :       0.04 MiB
##########################################
#            Naive Computation           #
##########################################
##########################################
#           Performance Analysis         #
##########################################
##########################################
               FORWARD PASS               
##########################################
Total Time = 1233.9
GFLOP  = 16.994
fp time = 12.339
GFLOPS  = 1.3773
PERFDUMP,FP,72,72,3,64,224,224,7,7,2,3,3,1233.9,12.339,1.3773
Zeros: 61452960/64161792
##########################################
#           Cleaning Up data...          #
##########################################
##########################################
#                Complete.               #
##########################################
##########################################
#          Setting Up (Common)           #
##########################################
PARAMS: W:56  H:56  N:72  C:64  K:256  R:1  S:1  P:56  Q:56  STRIDE:1
 InImg 56x56 Padded (56x56)
OutImg 56x56 Padded (56x56)
SIZE Input  (MB):      55.12 MiB
SIZE Output (MB):     220.50 MiB
SIZE Input   (1):       0.77 MiB
SIZE Output  (1):       3.06 MiB
SIZE Weight     :       0.06 MiB
##########################################
#            Naive Computation           #
##########################################
##########################################
#           Performance Analysis         #
##########################################
##########################################
               FORWARD PASS               
##########################################
Total Time = 616.15
GFLOP  = 7.3988
fp time = 6.1615
GFLOPS  = 1.2008
PERFDUMP,FP,72,72,64,256,56,56,1,1,1,0,0,616.15,6.1615,1.2008
Zeros: 56899584/57802752
##########################################
#           Cleaning Up data...          #
##########################################
##########################################
#                Complete.               #
##########################################
##########################################
#          Setting Up (Common)           #
##########################################
PARAMS: W:56  H:56  N:72  C:64  K:64  R:1  S:1  P:56  Q:56  STRIDE:1
 InImg 56x56 Padded (56x56)
OutImg 56x56 Padded (56x56)
SIZE Input  (MB):      55.12 MiB
SIZE Output (MB):      55.12 MiB
SIZE Input   (1):       0.77 MiB
SIZE Output  (1):       0.77 MiB
SIZE Weight     :       0.02 MiB
##########################################
#            Naive Computation           #
##########################################
##########################################
#           Performance Analysis         #
##########################################
##########################################
               FORWARD PASS               
##########################################
Total Time = 152.54
GFLOP  = 1.8497
fp time = 1.5254
GFLOPS  = 1.2126
PERFDUMP,FP,72,72,64,64,56,56,1,1,1,0,0,152.54,1.5254,1.2126
Zeros: 13547520/14450688
##########################################
#           Cleaning Up data...          #
##########################################
##########################################
#                Complete.               #
##########################################
##########################################
#          Setting Up (Common)           #
##########################################
PARAMS: W:56  H:56  N:72  C:64  K:64  R:3  S:3  P:56  Q:56  STRIDE:1
 InImg 56x56 Padded (58x58)
OutImg 56x56 Padded (58x58)
SIZE Input  (MB):      59.13 MiB
SIZE Output (MB):      59.13 MiB
SIZE Input   (1):       0.82 MiB
SIZE Output  (1):       0.82 MiB
SIZE Weight     :       0.14 MiB
##########################################
#            Naive Computation           #
##########################################
##########################################
#           Performance Analysis         #
##########################################
##########################################
               FORWARD PASS               
##########################################
Total Time = 1137.4
GFLOP  = 16.647
fp time = 11.374
GFLOPS  = 1.4636
PERFDUMP,FP,72,72,64,64,56,56,3,3,1,1,1,1137.4,11.374,1.4636
Zeros: 14598144/15501312
##########################################
#           Cleaning Up data...          #
##########################################
##########################################
#                Complete.               #
##########################################
##########################################
#          Setting Up (Common)           #
##########################################
PARAMS: W:56  H:56  N:72  C:256  K:64  R:1  S:1  P:56  Q:56  STRIDE:1
 InImg 56x56 Padded (56x56)
OutImg 56x56 Padded (56x56)
SIZE Input  (MB):     220.50 MiB
SIZE Output (MB):      55.12 MiB
SIZE Input   (1):       3.06 MiB
SIZE Output  (1):       0.77 MiB
SIZE Weight     :       0.06 MiB
##########################################
#            Naive Computation           #
##########################################
##########################################
#           Performance Analysis         #
##########################################
##########################################
               FORWARD PASS               
##########################################
Total Time = 615.48
GFLOP  = 7.3988
fp time = 6.1548
GFLOPS  = 1.2021
PERFDUMP,FP,72,72,256,64,56,56,1,1,1,0,0,615.48,6.1548,1.2021
Zeros: 13547520/14450688
##########################################
#           Cleaning Up data...          #
##########################################
##########################################
#                Complete.               #
##########################################
##########################################
#          Setting Up (Common)           #
##########################################
PARAMS: W:56  H:56  N:72  C:256  K:512  R:1  S:1  P:28  Q:28  STRIDE:2
 InImg 56x56 Padded (56x56)
OutImg 28x28 Padded (28x28)
SIZE Input  (MB):     220.50 MiB
SIZE Output (MB):     110.25 MiB
SIZE Input   (1):       3.06 MiB
SIZE Output  (1):       1.53 MiB
SIZE Weight     :       0.50 MiB
##########################################
#            Naive Computation           #
##########################################
##########################################
#           Performance Analysis         #
##########################################
##########################################
               FORWARD PASS               
##########################################
Total Time = 359.9
GFLOP  = 14.798
fp time = 3.599
GFLOPS  = 4.1116
PERFDUMP,FP,72,72,256,512,56,56,1,1,2,0,0,359.9,3.599,4.1116
Zeros: 28675584/28901376
##########################################
#           Cleaning Up data...          #
##########################################
##########################################
#                Complete.               #
##########################################
##########################################
#          Setting Up (Common)           #
##########################################
PARAMS: W:56  H:56  N:72  C:256  K:128  R:1  S:1  P:28  Q:28  STRIDE:2
 InImg 56x56 Padded (56x56)
OutImg 28x28 Padded (28x28)
SIZE Input  (MB):     220.50 MiB
SIZE Output (MB):      27.56 MiB
SIZE Input   (1):       3.06 MiB
SIZE Output  (1):       0.38 MiB
SIZE Weight     :       0.12 MiB
##########################################
#            Naive Computation           #
##########################################
##########################################
#           Performance Analysis         #
##########################################
##########################################
               FORWARD PASS               
##########################################
Total Time = 88.823
GFLOP  = 3.6994
fp time = 0.88823
GFLOPS  = 4.1649
PERFDUMP,FP,72,72,256,128,56,56,1,1,2,0,0,88.823,0.88823,4.1649
Zeros: 6999552/7225344
##########################################
#           Cleaning Up data...          #
##########################################
##########################################
#                Complete.               #
##########################################
##########################################
#          Setting Up (Common)           #
##########################################
PARAMS: W:28  H:28  N:72  C:128  K:128  R:3  S:3  P:28  Q:28  STRIDE:1
 InImg 28x28 Padded (30x30)
OutImg 28x28 Padded (30x30)
SIZE Input  (MB):      31.64 MiB
SIZE Output (MB):      31.64 MiB
SIZE Input   (1):       0.44 MiB
SIZE Output  (1):       0.44 MiB
SIZE Weight     :       0.56 MiB
##########################################
#            Naive Computation           #
##########################################
##########################################
#           Performance Analysis         #
##########################################
##########################################
               FORWARD PASS               
##########################################
Total Time = 210.68
GFLOP  = 16.647
fp time = 2.1068
GFLOPS  = 7.9018
PERFDUMP,FP,72,72,128,128,28,28,3,3,1,1,1,210.68,2.1068,7.9018
Zeros: 8068608/8294400
##########################################
#           Cleaning Up data...          #
##########################################
##########################################
#                Complete.               #
##########################################
##########################################
#          Setting Up (Common)           #
##########################################
PARAMS: W:28  H:28  N:72  C:128  K:512  R:1  S:1  P:28  Q:28  STRIDE:1
 InImg 28x28 Padded (28x28)
OutImg 28x28 Padded (28x28)
SIZE Input  (MB):      27.56 MiB
SIZE Output (MB):     110.25 MiB
SIZE Input   (1):       0.38 MiB
SIZE Output  (1):       1.53 MiB
SIZE Weight     :       0.25 MiB
##########################################
#            Naive Computation           #
##########################################
##########################################
#           Performance Analysis         #
##########################################
##########################################
               FORWARD PASS               
##########################################
Total Time = 202.11
GFLOP  = 7.3988
fp time = 2.0211
GFLOPS  = 3.6607
PERFDUMP,FP,72,72,128,512,28,28,1,1,1,0,0,202.11,2.0211,3.6607
Zeros: 28675584/28901376
##########################################
#           Cleaning Up data...          #
##########################################
##########################################
#                Complete.               #
##########################################
##########################################
#          Setting Up (Common)           #
##########################################
PARAMS: W:28  H:28  N:72  C:512  K:128  R:1  S:1  P:28  Q:28  STRIDE:1
 InImg 28x28 Padded (28x28)
OutImg 28x28 Padded (28x28)
SIZE Input  (MB):     110.25 MiB
SIZE Output (MB):      27.56 MiB
SIZE Input   (1):       1.53 MiB
SIZE Output  (1):       0.38 MiB
SIZE Weight     :       0.25 MiB
##########################################
#            Naive Computation           #
##########################################
##########################################
#           Performance Analysis         #
##########################################
##########################################
               FORWARD PASS               
##########################################
Total Time = 202.24
GFLOP  = 7.3988
fp time = 2.0224
GFLOPS  = 3.6584
PERFDUMP,FP,72,72,512,128,28,28,1,1,1,0,0,202.24,2.0224,3.6584
Zeros: 6999552/7225344
##########################################
#           Cleaning Up data...          #
##########################################
##########################################
#                Complete.               #
##########################################
##########################################
#          Setting Up (Common)           #
##########################################
PARAMS: W:28  H:28  N:72  C:512  K:1024  R:1  S:1  P:14  Q:14  STRIDE:2
 InImg 28x28 Padded (28x28)
OutImg 14x14 Padded (14x14)
SIZE Input  (MB):     110.25 MiB
SIZE Output (MB):      55.12 MiB
SIZE Input   (1):       1.53 MiB
SIZE Output  (1):       0.77 MiB
SIZE Weight     :       2.00 MiB
##########################################
#            Naive Computation           #
##########################################
##########################################
#           Performance Analysis         #
##########################################
##########################################
               FORWARD PASS               
##########################################
Total Time = 845.76
GFLOP  = 14.798
fp time = 8.4576
GFLOPS  = 1.7496
PERFDUMP,FP,72,72,512,1024,28,28,1,1,2,0,0,845.76,8.4576,1.7496
Zeros: 14394240/14450688
##########################################
#           Cleaning Up data...          #
##########################################
##########################################
#                Complete.               #
##########################################
##########################################
#          Setting Up (Common)           #
##########################################
PARAMS: W:28  H:28  N:72  C:512  K:256  R:1  S:1  P:14  Q:14  STRIDE:2
 InImg 28x28 Padded (28x28)
OutImg 14x14 Padded (14x14)
SIZE Input  (MB):     110.25 MiB
SIZE Output (MB):      13.78 MiB
SIZE Input   (1):       1.53 MiB
SIZE Output  (1):       0.19 MiB
SIZE Weight     :       0.50 MiB
##########################################
#            Naive Computation           #
##########################################
##########################################
#           Performance Analysis         #
##########################################
##########################################
               FORWARD PASS               
##########################################
Total Time = 216.88
GFLOP  = 3.6994
fp time = 2.1688
GFLOPS  = 1.7057
PERFDUMP,FP,72,72,512,256,28,28,1,1,2,0,0,216.88,2.1688,1.7057
Zeros: 3556224/3612672
##########################################
#           Cleaning Up data...          #
##########################################
##########################################
#                Complete.               #
##########################################
##########################################
#          Setting Up (Common)           #
##########################################
PARAMS: W:14  H:14  N:72  C:256  K:256  R:3  S:3  P:14  Q:14  STRIDE:1
 InImg 14x14 Padded (16x16)
OutImg 14x14 Padded (16x16)
SIZE Input  (MB):      18.00 MiB
SIZE Output (MB):      18.00 MiB
SIZE Input   (1):       0.25 MiB
SIZE Output  (1):       0.25 MiB
SIZE Weight     :       2.25 MiB
##########################################
#            Naive Computation           #
##########################################
##########################################
#           Performance Analysis         #
##########################################
##########################################
               FORWARD PASS               
##########################################
Total Time = 439.21
GFLOP  = 16.647
fp time = 4.3921
GFLOPS  = 3.7903
PERFDUMP,FP,72,72,256,256,14,14,3,3,1,1,1,439.21,4.3921,3.7903
Zeros: 4662144/4718592
##########################################
#           Cleaning Up data...          #
##########################################
##########################################
#                Complete.               #
##########################################
##########################################
#          Setting Up (Common)           #
##########################################
PARAMS: W:14  H:14  N:72  C:256  K:1024  R:1  S:1  P:14  Q:14  STRIDE:1
 InImg 14x14 Padded (14x14)
OutImg 14x14 Padded (14x14)
SIZE Input  (MB):      13.78 MiB
SIZE Output (MB):      55.12 MiB
SIZE Input   (1):       0.19 MiB
SIZE Output  (1):       0.77 MiB
SIZE Weight     :       1.00 MiB
##########################################
#            Naive Computation           #
##########################################
##########################################
#           Performance Analysis         #
##########################################
##########################################
               FORWARD PASS               
##########################################
Total Time = 386.92
GFLOP  = 7.3988
fp time = 3.8692
GFLOPS  = 1.9122
PERFDUMP,FP,72,72,256,1024,14,14,1,1,1,0,0,386.92,3.8692,1.9122
Zeros: 14394240/14450688
##########################################
#           Cleaning Up data...          #
##########################################
##########################################
#                Complete.               #
##########################################
##########################################
#          Setting Up (Common)           #
##########################################
PARAMS: W:14  H:14  N:72  C:1024  K:256  R:1  S:1  P:14  Q:14  STRIDE:1
 InImg 14x14 Padded (14x14)
OutImg 14x14 Padded (14x14)
SIZE Input  (MB):      55.12 MiB
SIZE Output (MB):      13.78 MiB
SIZE Input   (1):       0.77 MiB
SIZE Output  (1):       0.19 MiB
SIZE Weight     :       1.00 MiB
##########################################
#            Naive Computation           #
##########################################
##########################################
#           Performance Analysis         #
##########################################
##########################################
               FORWARD PASS               
##########################################
Total Time = 437.13
GFLOP  = 7.3988
fp time = 4.3713
GFLOPS  = 1.6926
PERFDUMP,FP,72,72,1024,256,14,14,1,1,1,0,0,437.13,4.3713,1.6926
Zeros: 3556224/3612672
##########################################
#           Cleaning Up data...          #
##########################################
##########################################
#                Complete.               #
##########################################
