##########################################
#          Setting Up (Common)           #
##########################################
PARAMS: W:224  H:224  N:72  C:3  K:64  R:7  S:7  P:112  Q:112  STRIDE:2
 InImg 224x224 Padded (230x230)
OutImg 112x112 Padded (118x118)
SIZE Input  (MB):      43.59 MiB
SIZE Output (MB):     244.76 MiB
SIZE Input   (1):       0.61 MiB
SIZE Output  (1):       3.40 MiB
SIZE Weight     :       0.04 MiB
##########################################
#            Naive Computation           #
##########################################
##########################################
#           Performance Analysis         #
##########################################
##########################################
               FORWARD PASS               
##########################################
Total Time = 0.052186
GFLOP  = 16.994
fp time = 0.00052186
GFLOPS  = 32564
PERFDUMP,FP,1,72,3,64,224,224,7,7,2,3,3,0.052186,0.00052186,32564
Zeros: 61452960/64161792
##########################################
#           Cleaning Up data...          #
##########################################
##########################################
#                Complete.               #
##########################################
##########################################
#          Setting Up (Common)           #
##########################################
PARAMS: W:56  H:56  N:72  C:64  K:256  R:1  S:1  P:56  Q:56  STRIDE:1
 InImg 56x56 Padded (56x56)
OutImg 56x56 Padded (56x56)
SIZE Input  (MB):      55.12 MiB
SIZE Output (MB):     220.50 MiB
SIZE Input   (1):       0.77 MiB
SIZE Output  (1):       3.06 MiB
SIZE Weight     :       0.06 MiB
##########################################
#            Naive Computation           #
##########################################
##########################################
#           Performance Analysis         #
##########################################
##########################################
               FORWARD PASS               
##########################################
Total Time = 0.01836
GFLOP  = 7.3988
fp time = 0.0001836
GFLOPS  = 40299
PERFDUMP,FP,1,72,64,256,56,56,1,1,1,0,0,0.01836,0.0001836,40299
Zeros: 56899584/57802752
##########################################
#           Cleaning Up data...          #
##########################################
##########################################
#                Complete.               #
##########################################
##########################################
#          Setting Up (Common)           #
##########################################
PARAMS: W:56  H:56  N:72  C:64  K:64  R:1  S:1  P:56  Q:56  STRIDE:1
 InImg 56x56 Padded (56x56)
OutImg 56x56 Padded (56x56)
SIZE Input  (MB):      55.12 MiB
SIZE Output (MB):      55.12 MiB
SIZE Input   (1):       0.77 MiB
SIZE Output  (1):       0.77 MiB
SIZE Weight     :       0.02 MiB
##########################################
#            Naive Computation           #
##########################################
##########################################
#           Performance Analysis         #
##########################################
##########################################
               FORWARD PASS               
##########################################
Total Time = 0.004625
GFLOP  = 1.8497
fp time = 4.625e-05
GFLOPS  = 39993
PERFDUMP,FP,1,72,64,64,56,56,1,1,1,0,0,0.004625,4.625e-05,39993
Zeros: 13547520/14450688
##########################################
#           Cleaning Up data...          #
##########################################
##########################################
#                Complete.               #
##########################################
##########################################
#          Setting Up (Common)           #
##########################################
PARAMS: W:56  H:56  N:72  C:64  K:64  R:3  S:3  P:56  Q:56  STRIDE:1
 InImg 56x56 Padded (58x58)
OutImg 56x56 Padded (58x58)
SIZE Input  (MB):      59.13 MiB
SIZE Output (MB):      59.13 MiB
SIZE Input   (1):       0.82 MiB
SIZE Output  (1):       0.82 MiB
SIZE Weight     :       0.14 MiB
##########################################
#            Naive Computation           #
##########################################
##########################################
#           Performance Analysis         #
##########################################
##########################################
               FORWARD PASS               
##########################################
Total Time = 0.038475
GFLOP  = 16.647
fp time = 0.00038475
GFLOPS  = 43268
PERFDUMP,FP,1,72,64,64,56,56,3,3,1,1,1,0.038475,0.00038475,43268
Zeros: 14598144/15501312
##########################################
#           Cleaning Up data...          #
##########################################
##########################################
#                Complete.               #
##########################################
##########################################
#          Setting Up (Common)           #
##########################################
PARAMS: W:56  H:56  N:72  C:256  K:64  R:1  S:1  P:56  Q:56  STRIDE:1
 InImg 56x56 Padded (56x56)
OutImg 56x56 Padded (56x56)
SIZE Input  (MB):     220.50 MiB
SIZE Output (MB):      55.12 MiB
SIZE Input   (1):       3.06 MiB
SIZE Output  (1):       0.77 MiB
SIZE Weight     :       0.06 MiB
##########################################
#            Naive Computation           #
##########################################
##########################################
#           Performance Analysis         #
##########################################
##########################################
               FORWARD PASS               
##########################################
Total Time = 0.018394
GFLOP  = 7.3988
fp time = 0.00018394
GFLOPS  = 40224
PERFDUMP,FP,1,72,256,64,56,56,1,1,1,0,0,0.018394,0.00018394,40224
Zeros: 13547520/14450688
##########################################
#           Cleaning Up data...          #
##########################################
##########################################
#                Complete.               #
##########################################
##########################################
#          Setting Up (Common)           #
##########################################
PARAMS: W:56  H:56  N:72  C:256  K:512  R:1  S:1  P:28  Q:28  STRIDE:2
 InImg 56x56 Padded (56x56)
OutImg 28x28 Padded (28x28)
SIZE Input  (MB):     220.50 MiB
SIZE Output (MB):     110.25 MiB
SIZE Input   (1):       3.06 MiB
SIZE Output  (1):       1.53 MiB
SIZE Weight     :       0.50 MiB
##########################################
#            Naive Computation           #
##########################################
##########################################
#           Performance Analysis         #
##########################################
##########################################
               FORWARD PASS               
##########################################
Total Time = 0.036105
GFLOP  = 14.798
fp time = 0.00036105
GFLOPS  = 40985
PERFDUMP,FP,1,72,256,512,56,56,1,1,2,0,0,0.036105,0.00036105,40985
Zeros: 28675584/28901376
##########################################
#           Cleaning Up data...          #
##########################################
##########################################
#                Complete.               #
##########################################
##########################################
#          Setting Up (Common)           #
##########################################
PARAMS: W:56  H:56  N:72  C:256  K:128  R:1  S:1  P:28  Q:28  STRIDE:2
 InImg 56x56 Padded (56x56)
OutImg 28x28 Padded (28x28)
SIZE Input  (MB):     220.50 MiB
SIZE Output (MB):      27.56 MiB
SIZE Input   (1):       3.06 MiB
SIZE Output  (1):       0.38 MiB
SIZE Weight     :       0.12 MiB
##########################################
#            Naive Computation           #
##########################################
##########################################
#           Performance Analysis         #
##########################################
##########################################
               FORWARD PASS               
##########################################
Total Time = 0.0091001
GFLOP  = 3.6994
fp time = 9.1001e-05
GFLOPS  = 40652
PERFDUMP,FP,1,72,256,128,56,56,1,1,2,0,0,0.0091001,9.1001e-05,40652
Zeros: 6999552/7225344
##########################################
#           Cleaning Up data...          #
##########################################
##########################################
#                Complete.               #
##########################################
##########################################
#          Setting Up (Common)           #
##########################################
PARAMS: W:28  H:28  N:72  C:128  K:128  R:3  S:3  P:28  Q:28  STRIDE:1
 InImg 28x28 Padded (30x30)
OutImg 28x28 Padded (30x30)
SIZE Input  (MB):      31.64 MiB
SIZE Output (MB):      31.64 MiB
SIZE Input   (1):       0.44 MiB
SIZE Output  (1):       0.44 MiB
SIZE Weight     :       0.56 MiB
##########################################
#            Naive Computation           #
##########################################
##########################################
#           Performance Analysis         #
##########################################
##########################################
               FORWARD PASS               
##########################################
Total Time = 0.037842
GFLOP  = 16.647
fp time = 0.00037842
GFLOPS  = 43991
PERFDUMP,FP,1,72,128,128,28,28,3,3,1,1,1,0.037842,0.00037842,43991
Zeros: 8068608/8294400
##########################################
#           Cleaning Up data...          #
##########################################
##########################################
#                Complete.               #
##########################################
##########################################
#          Setting Up (Common)           #
##########################################
PARAMS: W:28  H:28  N:72  C:128  K:512  R:1  S:1  P:28  Q:28  STRIDE:1
 InImg 28x28 Padded (28x28)
OutImg 28x28 Padded (28x28)
SIZE Input  (MB):      27.56 MiB
SIZE Output (MB):     110.25 MiB
SIZE Input   (1):       0.38 MiB
SIZE Output  (1):       1.53 MiB
SIZE Weight     :       0.25 MiB
##########################################
#            Naive Computation           #
##########################################
##########################################
#           Performance Analysis         #
##########################################
##########################################
               FORWARD PASS               
##########################################
Total Time = 0.018167
GFLOP  = 7.3988
fp time = 0.00018167
GFLOPS  = 40726
PERFDUMP,FP,1,72,128,512,28,28,1,1,1,0,0,0.018167,0.00018167,40726
Zeros: 28675584/28901376
##########################################
#           Cleaning Up data...          #
##########################################
##########################################
#                Complete.               #
##########################################
##########################################
#          Setting Up (Common)           #
##########################################
PARAMS: W:28  H:28  N:72  C:512  K:128  R:1  S:1  P:28  Q:28  STRIDE:1
 InImg 28x28 Padded (28x28)
OutImg 28x28 Padded (28x28)
SIZE Input  (MB):     110.25 MiB
SIZE Output (MB):      27.56 MiB
SIZE Input   (1):       1.53 MiB
SIZE Output  (1):       0.38 MiB
SIZE Weight     :       0.25 MiB
##########################################
#            Naive Computation           #
##########################################
##########################################
#           Performance Analysis         #
##########################################
##########################################
               FORWARD PASS               
##########################################
Total Time = 0.018147
GFLOP  = 7.3988
fp time = 0.00018147
GFLOPS  = 40771
PERFDUMP,FP,1,72,512,128,28,28,1,1,1,0,0,0.018147,0.00018147,40771
Zeros: 6999552/7225344
##########################################
#           Cleaning Up data...          #
##########################################
##########################################
#                Complete.               #
##########################################
##########################################
#          Setting Up (Common)           #
##########################################
PARAMS: W:28  H:28  N:72  C:512  K:1024  R:1  S:1  P:14  Q:14  STRIDE:2
 InImg 28x28 Padded (28x28)
OutImg 14x14 Padded (14x14)
SIZE Input  (MB):     110.25 MiB
SIZE Output (MB):      55.12 MiB
SIZE Input   (1):       1.53 MiB
SIZE Output  (1):       0.77 MiB
SIZE Weight     :       2.00 MiB
##########################################
#            Naive Computation           #
##########################################
##########################################
#           Performance Analysis         #
##########################################
##########################################
               FORWARD PASS               
##########################################
Total Time = 0.036487
GFLOP  = 14.798
fp time = 0.00036487
GFLOPS  = 40555
PERFDUMP,FP,1,72,512,1024,28,28,1,1,2,0,0,0.036487,0.00036487,40555
Zeros: 14394240/14450688
##########################################
#           Cleaning Up data...          #
##########################################
##########################################
#                Complete.               #
##########################################
##########################################
#          Setting Up (Common)           #
##########################################
PARAMS: W:28  H:28  N:72  C:512  K:256  R:1  S:1  P:14  Q:14  STRIDE:2
 InImg 28x28 Padded (28x28)
OutImg 14x14 Padded (14x14)
SIZE Input  (MB):     110.25 MiB
SIZE Output (MB):      13.78 MiB
SIZE Input   (1):       1.53 MiB
SIZE Output  (1):       0.19 MiB
SIZE Weight     :       0.50 MiB
##########################################
#            Naive Computation           #
##########################################
##########################################
#           Performance Analysis         #
##########################################
##########################################
               FORWARD PASS               
##########################################
Total Time = 0.0091207
GFLOP  = 3.6994
fp time = 9.1207e-05
GFLOPS  = 40560
PERFDUMP,FP,1,72,512,256,28,28,1,1,2,0,0,0.0091207,9.1207e-05,40560
Zeros: 3556224/3612672
##########################################
#           Cleaning Up data...          #
##########################################
##########################################
#                Complete.               #
##########################################
##########################################
#          Setting Up (Common)           #
##########################################
PARAMS: W:14  H:14  N:72  C:256  K:256  R:3  S:3  P:14  Q:14  STRIDE:1
 InImg 14x14 Padded (16x16)
OutImg 14x14 Padded (16x16)
SIZE Input  (MB):      18.00 MiB
SIZE Output (MB):      18.00 MiB
SIZE Input   (1):       0.25 MiB
SIZE Output  (1):       0.25 MiB
SIZE Weight     :       2.25 MiB
##########################################
#            Naive Computation           #
##########################################
##########################################
#           Performance Analysis         #
##########################################
##########################################
               FORWARD PASS               
##########################################
Total Time = 0.036373
GFLOP  = 16.647
fp time = 0.00036373
GFLOPS  = 45768
PERFDUMP,FP,1,72,256,256,14,14,3,3,1,1,1,0.036373,0.00036373,45768
Zeros: 4662144/4718592
##########################################
#           Cleaning Up data...          #
##########################################
##########################################
#                Complete.               #
##########################################
##########################################
#          Setting Up (Common)           #
##########################################
PARAMS: W:14  H:14  N:72  C:256  K:1024  R:1  S:1  P:14  Q:14  STRIDE:1
 InImg 14x14 Padded (14x14)
OutImg 14x14 Padded (14x14)
SIZE Input  (MB):      13.78 MiB
SIZE Output (MB):      55.12 MiB
SIZE Input   (1):       0.19 MiB
SIZE Output  (1):       0.77 MiB
SIZE Weight     :       1.00 MiB
##########################################
#            Naive Computation           #
##########################################
##########################################
#           Performance Analysis         #
##########################################
##########################################
               FORWARD PASS               
##########################################
Total Time = 0.018115
GFLOP  = 7.3988
fp time = 0.00018115
GFLOPS  = 40843
PERFDUMP,FP,1,72,256,1024,14,14,1,1,1,0,0,0.018115,0.00018115,40843
Zeros: 14394240/14450688
##########################################
#           Cleaning Up data...          #
##########################################
##########################################
#                Complete.               #
##########################################
##########################################
#          Setting Up (Common)           #
##########################################
PARAMS: W:14  H:14  N:72  C:1024  K:256  R:1  S:1  P:14  Q:14  STRIDE:1
 InImg 14x14 Padded (14x14)
OutImg 14x14 Padded (14x14)
SIZE Input  (MB):      55.12 MiB
SIZE Output (MB):      13.78 MiB
SIZE Input   (1):       0.77 MiB
SIZE Output  (1):       0.19 MiB
SIZE Weight     :       1.00 MiB
##########################################
#            Naive Computation           #
##########################################
##########################################
#           Performance Analysis         #
##########################################
##########################################
               FORWARD PASS               
##########################################
Total Time = 0.018152
GFLOP  = 7.3988
fp time = 0.00018152
GFLOPS  = 40760
PERFDUMP,FP,1,72,1024,256,14,14,1,1,1,0,0,0.018152,0.00018152,40760
Zeros: 3556224/3612672
##########################################
#           Cleaning Up data...          #
##########################################
##########################################
#                Complete.               #
##########################################
##########################################
#          Setting Up (Common)           #
##########################################
PARAMS: W:14  H:14  N:72  C:1024  K:2048  R:1  S:1  P:7  Q:7  STRIDE:2
 InImg 14x14 Padded (14x14)
OutImg 7x7 Padded (7x7)
SIZE Input  (MB):      55.12 MiB
SIZE Output (MB):      27.56 MiB
SIZE Input   (1):       0.77 MiB
SIZE Output  (1):       0.38 MiB
SIZE Weight     :       8.00 MiB
##########################################
#            Naive Computation           #
##########################################
##########################################
#           Performance Analysis         #
##########################################
##########################################
               FORWARD PASS               
##########################################
Total Time = 0.037886
GFLOP  = 14.798
fp time = 0.00037886
GFLOPS  = 39058
PERFDUMP,FP,1,72,1024,2048,14,14,1,1,2,0,0,0.037886,0.00037886,39058
Zeros: 7211232/7225344
##########################################
#           Cleaning Up data...          #
##########################################
##########################################
#                Complete.               #
##########################################
##########################################
#          Setting Up (Common)           #
##########################################
PARAMS: W:14  H:14  N:72  C:1024  K:512  R:1  S:1  P:7  Q:7  STRIDE:2
 InImg 14x14 Padded (14x14)
OutImg 7x7 Padded (7x7)
SIZE Input  (MB):      55.12 MiB
SIZE Output (MB):       6.89 MiB
SIZE Input   (1):       0.77 MiB
SIZE Output  (1):       0.10 MiB
SIZE Weight     :       2.00 MiB
##########################################
#            Naive Computation           #
##########################################
##########################################
#           Performance Analysis         #
##########################################
##########################################
               FORWARD PASS               
##########################################
Total Time = 0.0094745
GFLOP  = 3.6994
fp time = 9.4745e-05
GFLOPS  = 39046
PERFDUMP,FP,1,72,1024,512,14,14,1,1,2,0,0,0.0094745,9.4745e-05,39046
Zeros: 1792224/1806336
##########################################
#           Cleaning Up data...          #
##########################################
##########################################
#                Complete.               #
##########################################
##########################################
#          Setting Up (Common)           #
##########################################
PARAMS: W:7  H:7  N:72  C:512  K:512  R:3  S:3  P:7  Q:7  STRIDE:1
 InImg 7x7 Padded (9x9)
OutImg 7x7 Padded (9x9)
SIZE Input  (MB):      11.39 MiB
SIZE Output (MB):      11.39 MiB
SIZE Input   (1):       0.16 MiB
SIZE Output  (1):       0.16 MiB
SIZE Weight     :       9.00 MiB
##########################################
#            Naive Computation           #
##########################################
##########################################
#           Performance Analysis         #
##########################################
##########################################
               FORWARD PASS               
##########################################
Total Time = 0.034088
GFLOP  = 16.647
fp time = 0.00034088
GFLOPS  = 48836
PERFDUMP,FP,1,72,512,512,7,7,3,3,1,1,1,0.034088,0.00034088,48836
Zeros: 2971872/2985984
##########################################
#           Cleaning Up data...          #
##########################################
##########################################
#                Complete.               #
##########################################
##########################################
#          Setting Up (Common)           #
##########################################
PARAMS: W:7  H:7  N:72  C:512  K:2048  R:1  S:1  P:7  Q:7  STRIDE:1
 InImg 7x7 Padded (7x7)
OutImg 7x7 Padded (7x7)
SIZE Input  (MB):       6.89 MiB
SIZE Output (MB):      27.56 MiB
SIZE Input   (1):       0.10 MiB
SIZE Output  (1):       0.38 MiB
SIZE Weight     :       4.00 MiB
##########################################
#            Naive Computation           #
##########################################
##########################################
#           Performance Analysis         #
##########################################
##########################################
               FORWARD PASS               
##########################################
Total Time = 0.018985
GFLOP  = 7.3988
fp time = 0.00018985
GFLOPS  = 38972
PERFDUMP,FP,1,72,512,2048,7,7,1,1,1,0,0,0.018985,0.00018985,38972
Zeros: 7211232/7225344
##########################################
#           Cleaning Up data...          #
##########################################
##########################################
#                Complete.               #
##########################################
##########################################
#          Setting Up (Common)           #
##########################################
PARAMS: W:7  H:7  N:72  C:2048  K:512  R:1  S:1  P:7  Q:7  STRIDE:1
 InImg 7x7 Padded (7x7)
OutImg 7x7 Padded (7x7)
SIZE Input  (MB):      27.56 MiB
SIZE Output (MB):       6.89 MiB
SIZE Input   (1):       0.38 MiB
SIZE Output  (1):       0.10 MiB
SIZE Weight     :       4.00 MiB
##########################################
#            Naive Computation           #
##########################################
##########################################
#           Performance Analysis         #
##########################################
##########################################
               FORWARD PASS               
##########################################
Total Time = 0.018935
GFLOP  = 7.3988
fp time = 0.00018935
GFLOPS  = 39075
PERFDUMP,FP,1,72,2048,512,7,7,1,1,1,0,0,0.018935,0.00018935,39075
Zeros: 1792224/1806336
##########################################
#           Cleaning Up data...          #
##########################################
##########################################
#                Complete.               #
##########################################
