##########################################
#          Setting Up (Common)           #
##########################################
PARAMS: W:224  H:224  N:1  C:3  K:64  R:7  S:7  P:112  Q:112  STRIDE:2
 InImg 224x224 Padded (230x230)
OutImg 112x112 Padded (118x118)
SIZE Input  (MB):       0.61 MiB
SIZE Output (MB):       3.40 MiB
SIZE Input   (1):       0.61 MiB
SIZE Output  (1):       3.40 MiB
SIZE Weight     :       0.04 MiB
##########################################
#            Naive Computation           #
##########################################
##########################################
#           Performance Analysis         #
##########################################
##########################################
               FORWARD PASS               
##########################################
Total Time = 8.5389e-05
GFLOP  = 0.23603
fp time = 8.5389e-06
GFLOPS  = 27642
PERFDUMP,FP,1,1,3,64,224,224,7,7,2,3,3,8.5389e-05,8.5389e-06,27642
Zeros: 242883/891136
##########################################
#           Cleaning Up data...          #
##########################################
##########################################
#                Complete.               #
##########################################
##########################################
#          Setting Up (Common)           #
##########################################
PARAMS: W:56  H:56  N:1  C:64  K:256  R:1  S:1  P:56  Q:56  STRIDE:1
 InImg 56x56 Padded (56x56)
OutImg 56x56 Padded (56x56)
SIZE Input  (MB):       0.77 MiB
SIZE Output (MB):       3.06 MiB
SIZE Input   (1):       0.77 MiB
SIZE Output  (1):       3.06 MiB
SIZE Weight     :       0.06 MiB
##########################################
#            Naive Computation           #
##########################################
##########################################
#           Performance Analysis         #
##########################################
##########################################
               FORWARD PASS               
##########################################
Total Time = 3.3611e-05
GFLOP  = 0.10276
fp time = 3.3611e-06
GFLOPS  = 30574
PERFDUMP,FP,1,1,64,256,56,56,1,1,1,0,0,3.3611e-05,3.3611e-06,30574
Zeros: 0/802816
##########################################
#           Cleaning Up data...          #
##########################################
##########################################
#                Complete.               #
##########################################
##########################################
#          Setting Up (Common)           #
##########################################
PARAMS: W:56  H:56  N:1  C:64  K:64  R:1  S:1  P:56  Q:56  STRIDE:1
 InImg 56x56 Padded (56x56)
OutImg 56x56 Padded (56x56)
SIZE Input  (MB):       0.77 MiB
SIZE Output (MB):       0.77 MiB
SIZE Input   (1):       0.77 MiB
SIZE Output  (1):       0.77 MiB
SIZE Weight     :       0.02 MiB
##########################################
#            Naive Computation           #
##########################################
##########################################
#           Performance Analysis         #
##########################################
##########################################
               FORWARD PASS               
##########################################
Total Time = 8.5097e-06
GFLOP  = 0.02569
fp time = 8.5097e-07
GFLOPS  = 30189
PERFDUMP,FP,1,1,64,64,56,56,1,1,1,0,0,8.5097e-06,8.5097e-07,30189
Zeros: 0/200704
##########################################
#           Cleaning Up data...          #
##########################################
##########################################
#                Complete.               #
##########################################
##########################################
#          Setting Up (Common)           #
##########################################
PARAMS: W:56  H:56  N:1  C:64  K:64  R:3  S:3  P:56  Q:56  STRIDE:1
 InImg 56x56 Padded (58x58)
OutImg 56x56 Padded (58x58)
SIZE Input  (MB):       0.82 MiB
SIZE Output (MB):       0.82 MiB
SIZE Input   (1):       0.82 MiB
SIZE Output  (1):       0.82 MiB
SIZE Weight     :       0.14 MiB
##########################################
#            Naive Computation           #
##########################################
##########################################
#           Performance Analysis         #
##########################################
##########################################
               FORWARD PASS               
##########################################
Total Time = 6.0734e-05
GFLOP  = 0.23121
fp time = 6.0734e-06
GFLOPS  = 38070
PERFDUMP,FP,1,1,64,64,56,56,3,3,1,1,1,6.0734e-05,6.0734e-06,38070
Zeros: 14592/215296
##########################################
#           Cleaning Up data...          #
##########################################
##########################################
#                Complete.               #
##########################################
##########################################
#          Setting Up (Common)           #
##########################################
PARAMS: W:56  H:56  N:1  C:256  K:64  R:1  S:1  P:56  Q:56  STRIDE:1
 InImg 56x56 Padded (56x56)
OutImg 56x56 Padded (56x56)
SIZE Input  (MB):       3.06 MiB
SIZE Output (MB):       0.77 MiB
SIZE Input   (1):       3.06 MiB
SIZE Output  (1):       0.77 MiB
SIZE Weight     :       0.06 MiB
##########################################
#            Naive Computation           #
##########################################
##########################################
#           Performance Analysis         #
##########################################
##########################################
               FORWARD PASS               
##########################################
Total Time = 3.3125e-05
GFLOP  = 0.10276
fp time = 3.3125e-06
GFLOPS  = 31022
PERFDUMP,FP,1,1,256,64,56,56,1,1,1,0,0,3.3125e-05,3.3125e-06,31022
Zeros: 0/200704
##########################################
#           Cleaning Up data...          #
##########################################
##########################################
#                Complete.               #
##########################################
##########################################
#          Setting Up (Common)           #
##########################################
PARAMS: W:56  H:56  N:1  C:256  K:512  R:1  S:1  P:28  Q:28  STRIDE:2
 InImg 56x56 Padded (56x56)
OutImg 28x28 Padded (28x28)
SIZE Input  (MB):       3.06 MiB
SIZE Output (MB):       1.53 MiB
SIZE Input   (1):       3.06 MiB
SIZE Output  (1):       1.53 MiB
SIZE Weight     :       0.50 MiB
##########################################
#            Naive Computation           #
##########################################
##########################################
#           Performance Analysis         #
##########################################
##########################################
               FORWARD PASS               
##########################################
Total Time = 7.2435e-05
GFLOP  = 0.20552
fp time = 7.2435e-06
GFLOPS  = 28373
PERFDUMP,FP,1,1,256,512,56,56,1,1,2,0,0,7.2435e-05,7.2435e-06,28373
Zeros: 0/401408
##########################################
#           Cleaning Up data...          #
##########################################
##########################################
#                Complete.               #
##########################################
##########################################
#          Setting Up (Common)           #
##########################################
PARAMS: W:56  H:56  N:1  C:256  K:128  R:1  S:1  P:28  Q:28  STRIDE:2
 InImg 56x56 Padded (56x56)
OutImg 28x28 Padded (28x28)
SIZE Input  (MB):       3.06 MiB
SIZE Output (MB):       0.38 MiB
SIZE Input   (1):       3.06 MiB
SIZE Output  (1):       0.38 MiB
SIZE Weight     :       0.12 MiB
##########################################
#            Naive Computation           #
##########################################
##########################################
#           Performance Analysis         #
##########################################
##########################################
               FORWARD PASS               
##########################################
Total Time = 1.7967e-05
GFLOP  = 0.05138
fp time = 1.7967e-06
GFLOPS  = 28597
PERFDUMP,FP,1,1,256,128,56,56,1,1,2,0,0,1.7967e-05,1.7967e-06,28597
Zeros: 0/100352
##########################################
#           Cleaning Up data...          #
##########################################
##########################################
#                Complete.               #
##########################################
##########################################
#          Setting Up (Common)           #
##########################################
PARAMS: W:28  H:28  N:1  C:128  K:128  R:3  S:3  P:28  Q:28  STRIDE:1
 InImg 28x28 Padded (30x30)
OutImg 28x28 Padded (30x30)
SIZE Input  (MB):       0.44 MiB
SIZE Output (MB):       0.44 MiB
SIZE Input   (1):       0.44 MiB
SIZE Output  (1):       0.44 MiB
SIZE Weight     :       0.56 MiB
##########################################
#            Naive Computation           #
##########################################
##########################################
#           Performance Analysis         #
##########################################
##########################################
               FORWARD PASS               
##########################################
Total Time = 5.4767e-05
GFLOP  = 0.23121
fp time = 5.4767e-06
GFLOPS  = 42217
PERFDUMP,FP,1,1,128,128,28,28,3,3,1,1,1,5.4767e-05,5.4767e-06,42217
Zeros: 14848/115200
##########################################
#           Cleaning Up data...          #
##########################################
##########################################
#                Complete.               #
##########################################
##########################################
#          Setting Up (Common)           #
##########################################
PARAMS: W:28  H:28  N:1  C:128  K:512  R:1  S:1  P:28  Q:28  STRIDE:1
 InImg 28x28 Padded (28x28)
OutImg 28x28 Padded (28x28)
SIZE Input  (MB):       0.38 MiB
SIZE Output (MB):       1.53 MiB
SIZE Input   (1):       0.38 MiB
SIZE Output  (1):       1.53 MiB
SIZE Weight     :       0.25 MiB
##########################################
#            Naive Computation           #
##########################################
##########################################
#           Performance Analysis         #
##########################################
##########################################
               FORWARD PASS               
##########################################
Total Time = 3.1483e-05
GFLOP  = 0.10276
fp time = 3.1483e-06
GFLOPS  = 32640
PERFDUMP,FP,1,1,128,512,28,28,1,1,1,0,0,3.1483e-05,3.1483e-06,32640
Zeros: 0/401408
##########################################
#           Cleaning Up data...          #
##########################################
##########################################
#                Complete.               #
##########################################
##########################################
#          Setting Up (Common)           #
##########################################
PARAMS: W:28  H:28  N:1  C:512  K:128  R:1  S:1  P:28  Q:28  STRIDE:1
 InImg 28x28 Padded (28x28)
OutImg 28x28 Padded (28x28)
SIZE Input  (MB):       1.53 MiB
SIZE Output (MB):       0.38 MiB
SIZE Input   (1):       1.53 MiB
SIZE Output  (1):       0.38 MiB
SIZE Weight     :       0.25 MiB
##########################################
#            Naive Computation           #
##########################################
##########################################
#           Performance Analysis         #
##########################################
##########################################
               FORWARD PASS               
##########################################
Total Time = 3.2431e-05
GFLOP  = 0.10276
fp time = 3.2431e-06
GFLOPS  = 31685
PERFDUMP,FP,1,1,512,128,28,28,1,1,1,0,0,3.2431e-05,3.2431e-06,31685
Zeros: 0/100352
##########################################
#           Cleaning Up data...          #
##########################################
##########################################
#                Complete.               #
##########################################
##########################################
#          Setting Up (Common)           #
##########################################
PARAMS: W:28  H:28  N:1  C:512  K:1024  R:1  S:1  P:14  Q:14  STRIDE:2
 InImg 28x28 Padded (28x28)
OutImg 14x14 Padded (14x14)
SIZE Input  (MB):       1.53 MiB
SIZE Output (MB):       0.77 MiB
SIZE Input   (1):       1.53 MiB
SIZE Output  (1):       0.77 MiB
SIZE Weight     :       2.00 MiB
##########################################
#            Naive Computation           #
##########################################
##########################################
#           Performance Analysis         #
##########################################
##########################################
               FORWARD PASS               
##########################################
Total Time = 7.4638e-05
GFLOP  = 0.20552
fp time = 7.4638e-06
GFLOPS  = 27536
PERFDUMP,FP,1,1,512,1024,28,28,1,1,2,0,0,7.4638e-05,7.4638e-06,27536
Zeros: 0/200704
##########################################
#           Cleaning Up data...          #
##########################################
##########################################
#                Complete.               #
##########################################
##########################################
#          Setting Up (Common)           #
##########################################
PARAMS: W:28  H:28  N:1  C:512  K:256  R:1  S:1  P:14  Q:14  STRIDE:2
 InImg 28x28 Padded (28x28)
OutImg 14x14 Padded (14x14)
SIZE Input  (MB):       1.53 MiB
SIZE Output (MB):       0.19 MiB
SIZE Input   (1):       1.53 MiB
SIZE Output  (1):       0.19 MiB
SIZE Weight     :       0.50 MiB
##########################################
#            Naive Computation           #
##########################################
##########################################
#           Performance Analysis         #
##########################################
##########################################
               FORWARD PASS               
##########################################
Total Time = 1.9289e-05
GFLOP  = 0.05138
fp time = 1.9289e-06
GFLOPS  = 26637
PERFDUMP,FP,1,1,512,256,28,28,1,1,2,0,0,1.9289e-05,1.9289e-06,26637
Zeros: 0/50176
##########################################
#           Cleaning Up data...          #
##########################################
##########################################
#                Complete.               #
##########################################
##########################################
#          Setting Up (Common)           #
##########################################
PARAMS: W:14  H:14  N:1  C:256  K:256  R:3  S:3  P:14  Q:14  STRIDE:1
 InImg 14x14 Padded (16x16)
OutImg 14x14 Padded (16x16)
SIZE Input  (MB):       0.25 MiB
SIZE Output (MB):       0.25 MiB
SIZE Input   (1):       0.25 MiB
SIZE Output  (1):       0.25 MiB
SIZE Weight     :       2.25 MiB
##########################################
#            Naive Computation           #
##########################################
##########################################
#           Performance Analysis         #
##########################################
##########################################
               FORWARD PASS               
##########################################
Total Time = 4.399e-05
GFLOP  = 0.23121
fp time = 4.399e-06
GFLOPS  = 52560
PERFDUMP,FP,1,1,256,256,14,14,3,3,1,1,1,4.399e-05,4.399e-06,52560
Zeros: 15360/65536
##########################################
#           Cleaning Up data...          #
##########################################
##########################################
#                Complete.               #
##########################################
##########################################
#          Setting Up (Common)           #
##########################################
PARAMS: W:14  H:14  N:1  C:256  K:1024  R:1  S:1  P:14  Q:14  STRIDE:1
 InImg 14x14 Padded (14x14)
OutImg 14x14 Padded (14x14)
SIZE Input  (MB):       0.19 MiB
SIZE Output (MB):       0.77 MiB
SIZE Input   (1):       0.19 MiB
SIZE Output  (1):       0.77 MiB
SIZE Weight     :       1.00 MiB
##########################################
#            Naive Computation           #
##########################################
##########################################
#           Performance Analysis         #
##########################################
##########################################
               FORWARD PASS               
##########################################
Total Time = 3.1034e-05
GFLOP  = 0.10276
fp time = 3.1034e-06
GFLOPS  = 33112
PERFDUMP,FP,1,1,256,1024,14,14,1,1,1,0,0,3.1034e-05,3.1034e-06,33112
Zeros: 0/200704
##########################################
#           Cleaning Up data...          #
##########################################
##########################################
#                Complete.               #
##########################################
##########################################
#          Setting Up (Common)           #
##########################################
PARAMS: W:14  H:14  N:1  C:1024  K:256  R:1  S:1  P:14  Q:14  STRIDE:1
 InImg 14x14 Padded (14x14)
OutImg 14x14 Padded (14x14)
SIZE Input  (MB):       0.77 MiB
SIZE Output (MB):       0.19 MiB
SIZE Input   (1):       0.77 MiB
SIZE Output  (1):       0.19 MiB
SIZE Weight     :       1.00 MiB
##########################################
#            Naive Computation           #
##########################################
##########################################
#           Performance Analysis         #
##########################################
##########################################
               FORWARD PASS               
##########################################
Total Time = 3.1552e-05
GFLOP  = 0.10276
fp time = 3.1552e-06
GFLOPS  = 32568
PERFDUMP,FP,1,1,1024,256,14,14,1,1,1,0,0,3.1552e-05,3.1552e-06,32568
Zeros: 0/50176
##########################################
#           Cleaning Up data...          #
##########################################
##########################################
#                Complete.               #
##########################################
##########################################
#          Setting Up (Common)           #
##########################################
PARAMS: W:14  H:14  N:1  C:1024  K:2048  R:1  S:1  P:7  Q:7  STRIDE:2
 InImg 14x14 Padded (14x14)
OutImg 7x7 Padded (7x7)
SIZE Input  (MB):       0.77 MiB
SIZE Output (MB):       0.38 MiB
SIZE Input   (1):       0.77 MiB
SIZE Output  (1):       0.38 MiB
SIZE Weight     :       8.00 MiB
##########################################
#            Naive Computation           #
##########################################
##########################################
#           Performance Analysis         #
##########################################
##########################################
               FORWARD PASS               
##########################################
Total Time = 7.1937e-05
GFLOP  = 0.20552
fp time = 7.1937e-06
GFLOPS  = 28570
PERFDUMP,FP,1,1,1024,2048,14,14,1,1,2,0,0,7.1937e-05,7.1937e-06,28570
Zeros: 0/100352
##########################################
#           Cleaning Up data...          #
##########################################
##########################################
#                Complete.               #
##########################################
##########################################
#          Setting Up (Common)           #
##########################################
PARAMS: W:14  H:14  N:1  C:1024  K:512  R:1  S:1  P:7  Q:7  STRIDE:2
 InImg 14x14 Padded (14x14)
OutImg 7x7 Padded (7x7)
SIZE Input  (MB):       0.77 MiB
SIZE Output (MB):       0.10 MiB
SIZE Input   (1):       0.77 MiB
SIZE Output  (1):       0.10 MiB
SIZE Weight     :       2.00 MiB
##########################################
#            Naive Computation           #
##########################################
##########################################
#           Performance Analysis         #
##########################################
##########################################
               FORWARD PASS               
##########################################
Total Time = 1.7637e-05
GFLOP  = 0.05138
fp time = 1.7637e-06
GFLOPS  = 29132
PERFDUMP,FP,1,1,1024,512,14,14,1,1,2,0,0,1.7637e-05,1.7637e-06,29132
Zeros: 0/25088
##########################################
#           Cleaning Up data...          #
##########################################
##########################################
#                Complete.               #
##########################################
##########################################
#          Setting Up (Common)           #
##########################################
PARAMS: W:7  H:7  N:1  C:512  K:512  R:3  S:3  P:7  Q:7  STRIDE:1
 InImg 7x7 Padded (9x9)
OutImg 7x7 Padded (9x9)
SIZE Input  (MB):       0.16 MiB
SIZE Output (MB):       0.16 MiB
SIZE Input   (1):       0.16 MiB
SIZE Output  (1):       0.16 MiB
SIZE Weight     :       9.00 MiB
##########################################
#            Naive Computation           #
##########################################
##########################################
#           Performance Analysis         #
##########################################
##########################################
               FORWARD PASS               
##########################################
Total Time = 2.7161e-05
GFLOP  = 0.23121
fp time = 2.7161e-06
GFLOPS  = 85125
PERFDUMP,FP,1,1,512,512,7,7,3,3,1,1,1,2.7161e-05,2.7161e-06,85125
Zeros: 16384/41472
##########################################
#           Cleaning Up data...          #
##########################################
##########################################
#                Complete.               #
##########################################
##########################################
#          Setting Up (Common)           #
##########################################
PARAMS: W:7  H:7  N:1  C:512  K:2048  R:1  S:1  P:7  Q:7  STRIDE:1
 InImg 7x7 Padded (7x7)
OutImg 7x7 Padded (7x7)
SIZE Input  (MB):       0.10 MiB
SIZE Output (MB):       0.38 MiB
SIZE Input   (1):       0.10 MiB
SIZE Output  (1):       0.38 MiB
SIZE Weight     :       4.00 MiB
##########################################
#            Naive Computation           #
##########################################
##########################################
#           Performance Analysis         #
##########################################
##########################################
               FORWARD PASS               
##########################################
Total Time = 3.1818e-05
GFLOP  = 0.10276
fp time = 3.1818e-06
GFLOPS  = 32297
PERFDUMP,FP,1,1,512,2048,7,7,1,1,1,0,0,3.1818e-05,3.1818e-06,32297
Zeros: 0/100352
##########################################
#           Cleaning Up data...          #
##########################################
##########################################
#                Complete.               #
##########################################
##########################################
#          Setting Up (Common)           #
##########################################
PARAMS: W:7  H:7  N:1  C:2048  K:512  R:1  S:1  P:7  Q:7  STRIDE:1
 InImg 7x7 Padded (7x7)
OutImg 7x7 Padded (7x7)
SIZE Input  (MB):       0.38 MiB
SIZE Output (MB):       0.10 MiB
SIZE Input   (1):       0.38 MiB
SIZE Output  (1):       0.10 MiB
SIZE Weight     :       4.00 MiB
##########################################
#            Naive Computation           #
##########################################
##########################################
#           Performance Analysis         #
##########################################
##########################################
               FORWARD PASS               
##########################################
Total Time = 3.1586e-05
GFLOP  = 0.10276
fp time = 3.1586e-06
GFLOPS  = 32534
PERFDUMP,FP,1,1,2048,512,7,7,1,1,1,0,0,3.1586e-05,3.1586e-06,32534
Zeros: 0/25088
##########################################
#           Cleaning Up data...          #
##########################################
##########################################
#                Complete.               #
##########################################
