##########################################
#          Setting Up (Common)           #
##########################################
PARAMS: W:224  H:224  N:72  C:3  K:64  R:7  S:7  P:112  Q:112  STRIDE:2
 InImg 224x224 Padded (230x230)
OutImg 112x112 Padded (118x118)
SIZE Input  (MB):      43.59 MiB
SIZE Output (MB):     244.76 MiB
SIZE Input   (1):       0.61 MiB
SIZE Output  (1):       3.40 MiB
SIZE Weight     :       0.04 MiB
##########################################
#            Naive Computation           #
##########################################
##########################################
#           Performance Analysis         #
##########################################
##########################################
               FORWARD PASS               
##########################################
Openmp Time = 12.846
Total Time = 0.012846
GFLOP  = 16.994
fp time = 0.0012846
GFLOPS  = 13229
PERFDUMP,FP,72,72,3,64,224,224,7,7,2,3,3,0.012846,0.0012846,13229
Zeros: 61452960/64161792
##########################################
#           Cleaning Up data...          #
##########################################
##########################################
#                Complete.               #
##########################################
##########################################
#          Setting Up (Common)           #
##########################################
PARAMS: W:56  H:56  N:72  C:64  K:256  R:1  S:1  P:56  Q:56  STRIDE:1
 InImg 56x56 Padded (56x56)
OutImg 56x56 Padded (56x56)
SIZE Input  (MB):      55.12 MiB
SIZE Output (MB):     220.50 MiB
SIZE Input   (1):       0.77 MiB
SIZE Output  (1):       3.06 MiB
SIZE Weight     :       0.06 MiB
##########################################
#            Naive Computation           #
##########################################
##########################################
#           Performance Analysis         #
##########################################
##########################################
               FORWARD PASS               
##########################################
Openmp Time = 11.414
Total Time = 0.011414
GFLOP  = 7.3988
fp time = 0.0011414
GFLOPS  = 6482.2
PERFDUMP,FP,72,72,64,256,56,56,1,1,1,0,0,0.011414,0.0011414,6482.2
Zeros: 56899585/57802752
##########################################
#           Cleaning Up data...          #
##########################################
##########################################
#                Complete.               #
##########################################
##########################################
#          Setting Up (Common)           #
##########################################
PARAMS: W:56  H:56  N:72  C:64  K:64  R:1  S:1  P:56  Q:56  STRIDE:1
 InImg 56x56 Padded (56x56)
OutImg 56x56 Padded (56x56)
SIZE Input  (MB):      55.12 MiB
SIZE Output (MB):      55.12 MiB
SIZE Input   (1):       0.77 MiB
SIZE Output  (1):       0.77 MiB
SIZE Weight     :       0.02 MiB
##########################################
#            Naive Computation           #
##########################################
##########################################
#           Performance Analysis         #
##########################################
##########################################
               FORWARD PASS               
##########################################
Openmp Time = 2.7868
Total Time = 0.0027868
GFLOP  = 1.8497
fp time = 0.00027868
GFLOPS  = 6637.2
PERFDUMP,FP,72,72,64,64,56,56,1,1,1,0,0,0.0027868,0.00027868,6637.2
Zeros: 13547520/14450688
##########################################
#           Cleaning Up data...          #
##########################################
##########################################
#                Complete.               #
##########################################
##########################################
#          Setting Up (Common)           #
##########################################
PARAMS: W:56  H:56  N:72  C:64  K:64  R:3  S:3  P:56  Q:56  STRIDE:1
 InImg 56x56 Padded (58x58)
OutImg 56x56 Padded (58x58)
SIZE Input  (MB):      59.13 MiB
SIZE Output (MB):      59.13 MiB
SIZE Input   (1):       0.82 MiB
SIZE Output  (1):       0.82 MiB
SIZE Weight     :       0.14 MiB
##########################################
#            Naive Computation           #
##########################################
##########################################
#           Performance Analysis         #
##########################################
##########################################
               FORWARD PASS               
##########################################
Openmp Time = 13.645
Total Time = 0.013645
GFLOP  = 16.647
fp time = 0.0013645
GFLOPS  = 12201
PERFDUMP,FP,72,72,64,64,56,56,3,3,1,1,1,0.013645,0.0013645,12201
Zeros: 14598144/15501312
##########################################
#           Cleaning Up data...          #
##########################################
##########################################
#                Complete.               #
##########################################
##########################################
#          Setting Up (Common)           #
##########################################
PARAMS: W:56  H:56  N:72  C:256  K:64  R:1  S:1  P:56  Q:56  STRIDE:1
 InImg 56x56 Padded (56x56)
OutImg 56x56 Padded (56x56)
SIZE Input  (MB):     220.50 MiB
SIZE Output (MB):      55.12 MiB
SIZE Input   (1):       3.06 MiB
SIZE Output  (1):       0.77 MiB
SIZE Weight     :       0.06 MiB
##########################################
#            Naive Computation           #
##########################################
##########################################
#           Performance Analysis         #
##########################################
##########################################
               FORWARD PASS               
##########################################
Openmp Time = 11.429
Total Time = 0.011429
GFLOP  = 7.3988
fp time = 0.0011429
GFLOPS  = 6473.7
PERFDUMP,FP,72,72,256,64,56,56,1,1,1,0,0,0.011429,0.0011429,6473.7
Zeros: 13547520/14450688
##########################################
#           Cleaning Up data...          #
##########################################
##########################################
#                Complete.               #
##########################################
##########################################
#          Setting Up (Common)           #
##########################################
PARAMS: W:56  H:56  N:72  C:256  K:512  R:1  S:1  P:28  Q:28  STRIDE:2
 InImg 56x56 Padded (56x56)
OutImg 28x28 Padded (28x28)
SIZE Input  (MB):     220.50 MiB
SIZE Output (MB):     110.25 MiB
SIZE Input   (1):       3.06 MiB
SIZE Output  (1):       1.53 MiB
SIZE Weight     :       0.50 MiB
##########################################
#            Naive Computation           #
##########################################
##########################################
#           Performance Analysis         #
##########################################
##########################################
               FORWARD PASS               
##########################################
Openmp Time = 41.133
Total Time = 0.041133
GFLOP  = 14.798
fp time = 0.0041133
GFLOPS  = 3597.5
PERFDUMP,FP,72,72,256,512,56,56,1,1,2,0,0,0.041133,0.0041133,3597.5
Zeros: 28675584/28901376
##########################################
#           Cleaning Up data...          #
##########################################
##########################################
#                Complete.               #
##########################################
##########################################
#          Setting Up (Common)           #
##########################################
PARAMS: W:56  H:56  N:72  C:256  K:128  R:1  S:1  P:28  Q:28  STRIDE:2
 InImg 56x56 Padded (56x56)
OutImg 28x28 Padded (28x28)
SIZE Input  (MB):     220.50 MiB
SIZE Output (MB):      27.56 MiB
SIZE Input   (1):       3.06 MiB
SIZE Output  (1):       0.38 MiB
SIZE Weight     :       0.12 MiB
##########################################
#            Naive Computation           #
##########################################
##########################################
#           Performance Analysis         #
##########################################
##########################################
               FORWARD PASS               
##########################################
Openmp Time = 10.134
Total Time = 0.010134
GFLOP  = 3.6994
fp time = 0.0010134
GFLOPS  = 3650.6
PERFDUMP,FP,72,72,256,128,56,56,1,1,2,0,0,0.010134,0.0010134,3650.6
Zeros: 6999552/7225344
##########################################
#           Cleaning Up data...          #
##########################################
##########################################
#                Complete.               #
##########################################
##########################################
#          Setting Up (Common)           #
##########################################
PARAMS: W:28  H:28  N:72  C:128  K:128  R:3  S:3  P:28  Q:28  STRIDE:1
 InImg 28x28 Padded (30x30)
OutImg 28x28 Padded (30x30)
SIZE Input  (MB):      31.64 MiB
SIZE Output (MB):      31.64 MiB
SIZE Input   (1):       0.44 MiB
SIZE Output  (1):       0.44 MiB
SIZE Weight     :       0.56 MiB
##########################################
#            Naive Computation           #
##########################################
##########################################
#           Performance Analysis         #
##########################################
##########################################
               FORWARD PASS               
##########################################
Openmp Time = 27.624
Total Time = 0.027624
GFLOP  = 16.647
fp time = 0.0027624
GFLOPS  = 6026.4
PERFDUMP,FP,72,72,128,128,28,28,3,3,1,1,1,0.027624,0.0027624,6026.4
Zeros: 8068608/8294400
##########################################
#           Cleaning Up data...          #
##########################################
##########################################
#                Complete.               #
##########################################
##########################################
#          Setting Up (Common)           #
##########################################
PARAMS: W:28  H:28  N:72  C:128  K:512  R:1  S:1  P:28  Q:28  STRIDE:1
 InImg 28x28 Padded (28x28)
OutImg 28x28 Padded (28x28)
SIZE Input  (MB):      27.56 MiB
SIZE Output (MB):     110.25 MiB
SIZE Input   (1):       0.38 MiB
SIZE Output  (1):       1.53 MiB
SIZE Weight     :       0.25 MiB
##########################################
#            Naive Computation           #
##########################################
##########################################
#           Performance Analysis         #
##########################################
##########################################
               FORWARD PASS               
##########################################
Openmp Time = 22.03
Total Time = 0.02203
GFLOP  = 7.3988
fp time = 0.002203
GFLOPS  = 3358.5
PERFDUMP,FP,72,72,128,512,28,28,1,1,1,0,0,0.02203,0.002203,3358.5
Zeros: 28675584/28901376
##########################################
#           Cleaning Up data...          #
##########################################
##########################################
#                Complete.               #
##########################################
##########################################
#          Setting Up (Common)           #
##########################################
PARAMS: W:28  H:28  N:72  C:512  K:128  R:1  S:1  P:28  Q:28  STRIDE:1
 InImg 28x28 Padded (28x28)
OutImg 28x28 Padded (28x28)
SIZE Input  (MB):     110.25 MiB
SIZE Output (MB):      27.56 MiB
SIZE Input   (1):       1.53 MiB
SIZE Output  (1):       0.38 MiB
SIZE Weight     :       0.25 MiB
##########################################
#            Naive Computation           #
##########################################
##########################################
#           Performance Analysis         #
##########################################
##########################################
               FORWARD PASS               
##########################################
Openmp Time = 22.465
Total Time = 0.022465
GFLOP  = 7.3988
fp time = 0.0022465
GFLOPS  = 3293.4
PERFDUMP,FP,72,72,512,128,28,28,1,1,1,0,0,0.022465,0.0022465,3293.4
Zeros: 6999552/7225344
##########################################
#           Cleaning Up data...          #
##########################################
##########################################
#                Complete.               #
##########################################
##########################################
#          Setting Up (Common)           #
##########################################
PARAMS: W:28  H:28  N:72  C:512  K:1024  R:1  S:1  P:14  Q:14  STRIDE:2
 InImg 28x28 Padded (28x28)
OutImg 14x14 Padded (14x14)
SIZE Input  (MB):     110.25 MiB
SIZE Output (MB):      55.12 MiB
SIZE Input   (1):       1.53 MiB
SIZE Output  (1):       0.77 MiB
SIZE Weight     :       2.00 MiB
##########################################
#            Naive Computation           #
##########################################
##########################################
#           Performance Analysis         #
##########################################
##########################################
               FORWARD PASS               
##########################################
Openmp Time = 89.855
Total Time = 0.089855
GFLOP  = 14.798
fp time = 0.0089855
GFLOPS  = 1646.8
PERFDUMP,FP,72,72,512,1024,28,28,1,1,2,0,0,0.089855,0.0089855,1646.8
Zeros: 14394240/14450688
##########################################
#           Cleaning Up data...          #
##########################################
##########################################
#                Complete.               #
##########################################
##########################################
#          Setting Up (Common)           #
##########################################
PARAMS: W:28  H:28  N:72  C:512  K:256  R:1  S:1  P:14  Q:14  STRIDE:2
 InImg 28x28 Padded (28x28)
OutImg 14x14 Padded (14x14)
SIZE Input  (MB):     110.25 MiB
SIZE Output (MB):      13.78 MiB
SIZE Input   (1):       1.53 MiB
SIZE Output  (1):       0.19 MiB
SIZE Weight     :       0.50 MiB
##########################################
#            Naive Computation           #
##########################################
##########################################
#           Performance Analysis         #
##########################################
##########################################
               FORWARD PASS               
##########################################
Openmp Time = 23.365
Total Time = 0.023365
GFLOP  = 3.6994
fp time = 0.0023365
GFLOPS  = 1583.3
PERFDUMP,FP,72,72,512,256,28,28,1,1,2,0,0,0.023365,0.0023365,1583.3
Zeros: 3556224/3612672
##########################################
#           Cleaning Up data...          #
##########################################
##########################################
#                Complete.               #
##########################################
##########################################
#          Setting Up (Common)           #
##########################################
PARAMS: W:14  H:14  N:72  C:256  K:256  R:3  S:3  P:14  Q:14  STRIDE:1
 InImg 14x14 Padded (16x16)
OutImg 14x14 Padded (16x16)
SIZE Input  (MB):      18.00 MiB
SIZE Output (MB):      18.00 MiB
SIZE Input   (1):       0.25 MiB
SIZE Output  (1):       0.25 MiB
SIZE Weight     :       2.25 MiB
##########################################
#            Naive Computation           #
##########################################
##########################################
#           Performance Analysis         #
##########################################
##########################################
               FORWARD PASS               
##########################################
Openmp Time = 47.49
Total Time = 0.04749
GFLOP  = 16.647
fp time = 0.004749
GFLOPS  = 3505.4
PERFDUMP,FP,72,72,256,256,14,14,3,3,1,1,1,0.04749,0.004749,3505.4
Zeros: 4662144/4718592
##########################################
#           Cleaning Up data...          #
##########################################
##########################################
#                Complete.               #
##########################################
##########################################
#          Setting Up (Common)           #
##########################################
PARAMS: W:14  H:14  N:72  C:256  K:1024  R:1  S:1  P:14  Q:14  STRIDE:1
 InImg 14x14 Padded (14x14)
OutImg 14x14 Padded (14x14)
SIZE Input  (MB):      13.78 MiB
SIZE Output (MB):      55.12 MiB
SIZE Input   (1):       0.19 MiB
SIZE Output  (1):       0.77 MiB
SIZE Weight     :       1.00 MiB
##########################################
#            Naive Computation           #
##########################################
##########################################
#           Performance Analysis         #
##########################################
##########################################
               FORWARD PASS               
##########################################
Openmp Time = 45.543
Total Time = 0.045543
GFLOP  = 7.3988
fp time = 0.0045543
GFLOPS  = 1624.6
PERFDUMP,FP,72,72,256,1024,14,14,1,1,1,0,0,0.045543,0.0045543,1624.6
Zeros: 14394240/14450688
##########################################
#           Cleaning Up data...          #
##########################################
##########################################
#                Complete.               #
##########################################
##########################################
#          Setting Up (Common)           #
##########################################
PARAMS: W:14  H:14  N:72  C:1024  K:256  R:1  S:1  P:14  Q:14  STRIDE:1
 InImg 14x14 Padded (14x14)
OutImg 14x14 Padded (14x14)
SIZE Input  (MB):      55.12 MiB
SIZE Output (MB):      13.78 MiB
SIZE Input   (1):       0.77 MiB
SIZE Output  (1):       0.19 MiB
SIZE Weight     :       1.00 MiB
##########################################
#            Naive Computation           #
##########################################
##########################################
#           Performance Analysis         #
##########################################
##########################################
               FORWARD PASS               
##########################################
Openmp Time = 44.955
Total Time = 0.044955
GFLOP  = 7.3988
fp time = 0.0044955
GFLOPS  = 1645.8
PERFDUMP,FP,72,72,1024,256,14,14,1,1,1,0,0,0.044955,0.0044955,1645.8
Zeros: 3556224/3612672
##########################################
#           Cleaning Up data...          #
##########################################
##########################################
#                Complete.               #
##########################################
##########################################
#          Setting Up (Common)           #
##########################################
PARAMS: W:14  H:14  N:72  C:1024  K:2048  R:1  S:1  P:7  Q:7  STRIDE:2
 InImg 14x14 Padded (14x14)
OutImg 7x7 Padded (7x7)
SIZE Input  (MB):      55.12 MiB
SIZE Output (MB):      27.56 MiB
SIZE Input   (1):       0.77 MiB
SIZE Output  (1):       0.38 MiB
SIZE Weight     :       8.00 MiB
##########################################
#            Naive Computation           #
##########################################
##########################################
#           Performance Analysis         #
##########################################
##########################################
               FORWARD PASS               
##########################################
Openmp Time = 132.7
Total Time = 0.1327
GFLOP  = 14.798
fp time = 0.01327
GFLOPS  = 1115.1
PERFDUMP,FP,72,72,1024,2048,14,14,1,1,2,0,0,0.1327,0.01327,1115.1
Zeros: 7211232/7225344
##########################################
#           Cleaning Up data...          #
##########################################
##########################################
#                Complete.               #
##########################################
##########################################
#          Setting Up (Common)           #
##########################################
PARAMS: W:14  H:14  N:72  C:1024  K:512  R:1  S:1  P:7  Q:7  STRIDE:2
 InImg 14x14 Padded (14x14)
OutImg 7x7 Padded (7x7)
SIZE Input  (MB):      55.12 MiB
SIZE Output (MB):       6.89 MiB
SIZE Input   (1):       0.77 MiB
SIZE Output  (1):       0.10 MiB
SIZE Weight     :       2.00 MiB
##########################################
#            Naive Computation           #
##########################################
##########################################
#           Performance Analysis         #
##########################################
##########################################
               FORWARD PASS               
##########################################
Openmp Time = 32.831
Total Time = 0.032831
GFLOP  = 3.6994
fp time = 0.0032831
GFLOPS  = 1126.8
PERFDUMP,FP,72,72,1024,512,14,14,1,1,2,0,0,0.032831,0.0032831,1126.8
Zeros: 1792224/1806336
##########################################
#           Cleaning Up data...          #
##########################################
##########################################
#                Complete.               #
##########################################
##########################################
#          Setting Up (Common)           #
##########################################
PARAMS: W:7  H:7  N:72  C:512  K:512  R:3  S:3  P:7  Q:7  STRIDE:1
 InImg 7x7 Padded (9x9)
OutImg 7x7 Padded (9x9)
SIZE Input  (MB):      11.39 MiB
SIZE Output (MB):      11.39 MiB
SIZE Input   (1):       0.16 MiB
SIZE Output  (1):       0.16 MiB
SIZE Weight     :       9.00 MiB
##########################################
#            Naive Computation           #
##########################################
##########################################
#           Performance Analysis         #
##########################################
##########################################
               FORWARD PASS               
##########################################
Openmp Time = 130.78
Total Time = 0.13078
GFLOP  = 16.647
fp time = 0.013078
GFLOPS  = 1273
PERFDUMP,FP,72,72,512,512,7,7,3,3,1,1,1,0.13078,0.013078,1273
Zeros: 2971872/2985984
##########################################
#           Cleaning Up data...          #
##########################################
##########################################
#                Complete.               #
##########################################
##########################################
#          Setting Up (Common)           #
##########################################
PARAMS: W:7  H:7  N:72  C:512  K:2048  R:1  S:1  P:7  Q:7  STRIDE:1
 InImg 7x7 Padded (7x7)
OutImg 7x7 Padded (7x7)
SIZE Input  (MB):       6.89 MiB
SIZE Output (MB):      27.56 MiB
SIZE Input   (1):       0.10 MiB
SIZE Output  (1):       0.38 MiB
SIZE Weight     :       4.00 MiB
##########################################
#            Naive Computation           #
##########################################
##########################################
#           Performance Analysis         #
##########################################
##########################################
               FORWARD PASS               
##########################################
Openmp Time = 60.926
Total Time = 0.060926
GFLOP  = 7.3988
fp time = 0.0060926
GFLOPS  = 1214.4
PERFDUMP,FP,72,72,512,2048,7,7,1,1,1,0,0,0.060926,0.0060926,1214.4
Zeros: 7211232/7225344
##########################################
#           Cleaning Up data...          #
##########################################
##########################################
#                Complete.               #
##########################################
##########################################
#          Setting Up (Common)           #
##########################################
PARAMS: W:7  H:7  N:72  C:2048  K:512  R:1  S:1  P:7  Q:7  STRIDE:1
 InImg 7x7 Padded (7x7)
OutImg 7x7 Padded (7x7)
SIZE Input  (MB):      27.56 MiB
SIZE Output (MB):       6.89 MiB
SIZE Input   (1):       0.38 MiB
SIZE Output  (1):       0.10 MiB
SIZE Weight     :       4.00 MiB
##########################################
#            Naive Computation           #
##########################################
##########################################
#           Performance Analysis         #
##########################################
##########################################
               FORWARD PASS               
##########################################
Openmp Time = 72.367
Total Time = 0.072367
GFLOP  = 7.3988
fp time = 0.0072367
GFLOPS  = 1022.4
PERFDUMP,FP,72,72,2048,512,7,7,1,1,1,0,0,0.072367,0.0072367,1022.4
Zeros: 1792224/1806336
##########################################
#           Cleaning Up data...          #
##########################################
##########################################
#                Complete.               #
##########################################
