##########################################
#          Setting Up (Common)           #
##########################################
PARAMS: W:224  H:224  N:1  C:3  K:64  R:7  S:7  P:112  Q:112  STRIDE:2
 InImg 224x224 Padded (230x230)
OutImg 112x112 Padded (118x118)
SIZE Input  (MB):       0.61 MiB
SIZE Output (MB):       3.40 MiB
SIZE Input   (1):       0.61 MiB
SIZE Output  (1):       3.40 MiB
SIZE Weight     :       0.04 MiB
##########################################
#            Naive Computation           #
##########################################
##########################################
#           Performance Analysis         #
##########################################
##########################################
               FORWARD PASS               
##########################################
Total Time = 8.5537e-05
GFLOP  = 0.23603
fp time = 8.5537e-06
GFLOPS  = 27594
PERFDUMP,FP,1,1,3,64,224,224,7,7,2,3,3,8.5537e-05,8.5537e-06,27594
Zeros: 242883/891136
##########################################
#           Cleaning Up data...          #
##########################################
##########################################
#                Complete.               #
##########################################
##########################################
#          Setting Up (Common)           #
##########################################
PARAMS: W:56  H:56  N:1  C:64  K:256  R:1  S:1  P:56  Q:56  STRIDE:1
 InImg 56x56 Padded (56x56)
OutImg 56x56 Padded (56x56)
SIZE Input  (MB):       0.77 MiB
SIZE Output (MB):       3.06 MiB
SIZE Input   (1):       0.77 MiB
SIZE Output  (1):       3.06 MiB
SIZE Weight     :       0.06 MiB
##########################################
#            Naive Computation           #
##########################################
##########################################
#           Performance Analysis         #
##########################################
##########################################
               FORWARD PASS               
##########################################
Total Time = 3.3988e-05
GFLOP  = 0.10276
fp time = 3.3988e-06
GFLOPS  = 30235
PERFDUMP,FP,1,1,64,256,56,56,1,1,1,0,0,3.3988e-05,3.3988e-06,30235
Zeros: 0/802816
##########################################
#           Cleaning Up data...          #
##########################################
##########################################
#                Complete.               #
##########################################
##########################################
#          Setting Up (Common)           #
##########################################
PARAMS: W:56  H:56  N:1  C:64  K:64  R:1  S:1  P:56  Q:56  STRIDE:1
 InImg 56x56 Padded (56x56)
OutImg 56x56 Padded (56x56)
SIZE Input  (MB):       0.77 MiB
SIZE Output (MB):       0.77 MiB
SIZE Input   (1):       0.77 MiB
SIZE Output  (1):       0.77 MiB
SIZE Weight     :       0.02 MiB
##########################################
#            Naive Computation           #
##########################################
##########################################
#           Performance Analysis         #
##########################################
##########################################
               FORWARD PASS               
##########################################
Total Time = 8.5119e-06
GFLOP  = 0.02569
fp time = 8.5119e-07
GFLOPS  = 30181
PERFDUMP,FP,1,1,64,64,56,56,1,1,1,0,0,8.5119e-06,8.5119e-07,30181
Zeros: 0/200704
##########################################
#           Cleaning Up data...          #
##########################################
##########################################
#                Complete.               #
##########################################
##########################################
#          Setting Up (Common)           #
##########################################
PARAMS: W:56  H:56  N:1  C:64  K:64  R:3  S:3  P:56  Q:56  STRIDE:1
 InImg 56x56 Padded (58x58)
OutImg 56x56 Padded (58x58)
SIZE Input  (MB):       0.82 MiB
SIZE Output (MB):       0.82 MiB
SIZE Input   (1):       0.82 MiB
SIZE Output  (1):       0.82 MiB
SIZE Weight     :       0.14 MiB
##########################################
#            Naive Computation           #
##########################################
##########################################
#           Performance Analysis         #
##########################################
##########################################
               FORWARD PASS               
##########################################
Total Time = 6.0922e-05
GFLOP  = 0.23121
fp time = 6.0922e-06
GFLOPS  = 37952
PERFDUMP,FP,1,1,64,64,56,56,3,3,1,1,1,6.0922e-05,6.0922e-06,37952
Zeros: 14592/215296
##########################################
#           Cleaning Up data...          #
##########################################
##########################################
#                Complete.               #
##########################################
##########################################
#          Setting Up (Common)           #
##########################################
PARAMS: W:56  H:56  N:1  C:256  K:64  R:1  S:1  P:56  Q:56  STRIDE:1
 InImg 56x56 Padded (56x56)
OutImg 56x56 Padded (56x56)
SIZE Input  (MB):       3.06 MiB
SIZE Output (MB):       0.77 MiB
SIZE Input   (1):       3.06 MiB
SIZE Output  (1):       0.77 MiB
SIZE Weight     :       0.06 MiB
##########################################
#            Naive Computation           #
##########################################
##########################################
#           Performance Analysis         #
##########################################
##########################################
               FORWARD PASS               
##########################################
Total Time = 3.3222e-05
GFLOP  = 0.10276
fp time = 3.3222e-06
GFLOPS  = 30932
PERFDUMP,FP,1,1,256,64,56,56,1,1,1,0,0,3.3222e-05,3.3222e-06,30932
Zeros: 0/200704
##########################################
#           Cleaning Up data...          #
##########################################
##########################################
#                Complete.               #
##########################################
##########################################
#          Setting Up (Common)           #
##########################################
PARAMS: W:56  H:56  N:1  C:256  K:512  R:1  S:1  P:28  Q:28  STRIDE:2
 InImg 56x56 Padded (56x56)
OutImg 28x28 Padded (28x28)
SIZE Input  (MB):       3.06 MiB
SIZE Output (MB):       1.53 MiB
SIZE Input   (1):       3.06 MiB
SIZE Output  (1):       1.53 MiB
SIZE Weight     :       0.50 MiB
##########################################
#            Naive Computation           #
##########################################
##########################################
#           Performance Analysis         #
##########################################
##########################################
               FORWARD PASS               
##########################################
Total Time = 7.3136e-05
GFLOP  = 0.20552
fp time = 7.3136e-06
GFLOPS  = 28101
PERFDUMP,FP,1,1,256,512,56,56,1,1,2,0,0,7.3136e-05,7.3136e-06,28101
Zeros: 0/401408
##########################################
#           Cleaning Up data...          #
##########################################
##########################################
#                Complete.               #
##########################################
##########################################
#          Setting Up (Common)           #
##########################################
PARAMS: W:56  H:56  N:1  C:256  K:128  R:1  S:1  P:28  Q:28  STRIDE:2
 InImg 56x56 Padded (56x56)
OutImg 28x28 Padded (28x28)
SIZE Input  (MB):       3.06 MiB
SIZE Output (MB):       0.38 MiB
SIZE Input   (1):       3.06 MiB
SIZE Output  (1):       0.38 MiB
SIZE Weight     :       0.12 MiB
##########################################
#            Naive Computation           #
##########################################
##########################################
#           Performance Analysis         #
##########################################
##########################################
               FORWARD PASS               
##########################################
Total Time = 1.8376e-05
GFLOP  = 0.05138
fp time = 1.8376e-06
GFLOPS  = 27961
PERFDUMP,FP,1,1,256,128,56,56,1,1,2,0,0,1.8376e-05,1.8376e-06,27961
Zeros: 0/100352
##########################################
#           Cleaning Up data...          #
##########################################
##########################################
#                Complete.               #
##########################################
##########################################
#          Setting Up (Common)           #
##########################################
PARAMS: W:28  H:28  N:1  C:128  K:128  R:3  S:3  P:28  Q:28  STRIDE:1
 InImg 28x28 Padded (30x30)
OutImg 28x28 Padded (30x30)
SIZE Input  (MB):       0.44 MiB
SIZE Output (MB):       0.44 MiB
SIZE Input   (1):       0.44 MiB
SIZE Output  (1):       0.44 MiB
SIZE Weight     :       0.56 MiB
##########################################
#            Naive Computation           #
##########################################
##########################################
#           Performance Analysis         #
##########################################
##########################################
               FORWARD PASS               
##########################################
Total Time = 5.5058e-05
GFLOP  = 0.23121
fp time = 5.5058e-06
GFLOPS  = 41994
PERFDUMP,FP,1,1,128,128,28,28,3,3,1,1,1,5.5058e-05,5.5058e-06,41994
Zeros: 14848/115200
##########################################
#           Cleaning Up data...          #
##########################################
##########################################
#                Complete.               #
##########################################
##########################################
#          Setting Up (Common)           #
##########################################
PARAMS: W:28  H:28  N:1  C:128  K:512  R:1  S:1  P:28  Q:28  STRIDE:1
 InImg 28x28 Padded (28x28)
OutImg 28x28 Padded (28x28)
SIZE Input  (MB):       0.38 MiB
SIZE Output (MB):       1.53 MiB
SIZE Input   (1):       0.38 MiB
SIZE Output  (1):       1.53 MiB
SIZE Weight     :       0.25 MiB
##########################################
#            Naive Computation           #
##########################################
##########################################
#           Performance Analysis         #
##########################################
##########################################
               FORWARD PASS               
##########################################
Total Time = 3.1627e-05
GFLOP  = 0.10276
fp time = 3.1627e-06
GFLOPS  = 32491
PERFDUMP,FP,1,1,128,512,28,28,1,1,1,0,0,3.1627e-05,3.1627e-06,32491
Zeros: 0/401408
##########################################
#           Cleaning Up data...          #
##########################################
##########################################
#                Complete.               #
##########################################
##########################################
#          Setting Up (Common)           #
##########################################
PARAMS: W:28  H:28  N:1  C:512  K:128  R:1  S:1  P:28  Q:28  STRIDE:1
 InImg 28x28 Padded (28x28)
OutImg 28x28 Padded (28x28)
SIZE Input  (MB):       1.53 MiB
SIZE Output (MB):       0.38 MiB
SIZE Input   (1):       1.53 MiB
SIZE Output  (1):       0.38 MiB
SIZE Weight     :       0.25 MiB
##########################################
#            Naive Computation           #
##########################################
##########################################
#           Performance Analysis         #
##########################################
##########################################
               FORWARD PASS               
##########################################
Total Time = 3.2432e-05
GFLOP  = 0.10276
fp time = 3.2432e-06
GFLOPS  = 31685
PERFDUMP,FP,1,1,512,128,28,28,1,1,1,0,0,3.2432e-05,3.2432e-06,31685
Zeros: 0/100352
##########################################
#           Cleaning Up data...          #
##########################################
##########################################
#                Complete.               #
##########################################
##########################################
#          Setting Up (Common)           #
##########################################
PARAMS: W:28  H:28  N:1  C:512  K:1024  R:1  S:1  P:14  Q:14  STRIDE:2
 InImg 28x28 Padded (28x28)
OutImg 14x14 Padded (14x14)
SIZE Input  (MB):       1.53 MiB
SIZE Output (MB):       0.77 MiB
SIZE Input   (1):       1.53 MiB
SIZE Output  (1):       0.77 MiB
SIZE Weight     :       2.00 MiB
##########################################
#            Naive Computation           #
##########################################
##########################################
#           Performance Analysis         #
##########################################
##########################################
               FORWARD PASS               
##########################################
Total Time = 7.7886e-05
GFLOP  = 0.20552
fp time = 7.7886e-06
GFLOPS  = 26387
PERFDUMP,FP,1,1,512,1024,28,28,1,1,2,0,0,7.7886e-05,7.7886e-06,26387
Zeros: 0/200704
##########################################
#           Cleaning Up data...          #
##########################################
##########################################
#                Complete.               #
##########################################
##########################################
#          Setting Up (Common)           #
##########################################
PARAMS: W:28  H:28  N:1  C:512  K:256  R:1  S:1  P:14  Q:14  STRIDE:2
 InImg 28x28 Padded (28x28)
OutImg 14x14 Padded (14x14)
SIZE Input  (MB):       1.53 MiB
SIZE Output (MB):       0.19 MiB
SIZE Input   (1):       1.53 MiB
SIZE Output  (1):       0.19 MiB
SIZE Weight     :       0.50 MiB
##########################################
#            Naive Computation           #
##########################################
##########################################
#           Performance Analysis         #
##########################################
##########################################
               FORWARD PASS               
##########################################
Total Time = 1.9429e-05
GFLOP  = 0.05138
fp time = 1.9429e-06
GFLOPS  = 26445
PERFDUMP,FP,1,1,512,256,28,28,1,1,2,0,0,1.9429e-05,1.9429e-06,26445
Zeros: 0/50176
##########################################
#           Cleaning Up data...          #
##########################################
##########################################
#                Complete.               #
##########################################
##########################################
#          Setting Up (Common)           #
##########################################
PARAMS: W:14  H:14  N:1  C:256  K:256  R:3  S:3  P:14  Q:14  STRIDE:1
 InImg 14x14 Padded (16x16)
OutImg 14x14 Padded (16x16)
SIZE Input  (MB):       0.25 MiB
SIZE Output (MB):       0.25 MiB
SIZE Input   (1):       0.25 MiB
SIZE Output  (1):       0.25 MiB
SIZE Weight     :       2.25 MiB
##########################################
#            Naive Computation           #
##########################################
##########################################
#           Performance Analysis         #
##########################################
##########################################
               FORWARD PASS               
##########################################
Total Time = 4.4141e-05
GFLOP  = 0.23121
fp time = 4.4141e-06
GFLOPS  = 52380
PERFDUMP,FP,1,1,256,256,14,14,3,3,1,1,1,4.4141e-05,4.4141e-06,52380
Zeros: 15360/65536
##########################################
#           Cleaning Up data...          #
##########################################
##########################################
#                Complete.               #
##########################################
##########################################
#          Setting Up (Common)           #
##########################################
PARAMS: W:14  H:14  N:1  C:256  K:1024  R:1  S:1  P:14  Q:14  STRIDE:1
 InImg 14x14 Padded (14x14)
OutImg 14x14 Padded (14x14)
SIZE Input  (MB):       0.19 MiB
SIZE Output (MB):       0.77 MiB
SIZE Input   (1):       0.19 MiB
SIZE Output  (1):       0.77 MiB
SIZE Weight     :       1.00 MiB
##########################################
#            Naive Computation           #
##########################################
##########################################
#           Performance Analysis         #
##########################################
##########################################
               FORWARD PASS               
##########################################
Total Time = 3.0845e-05
GFLOP  = 0.10276
fp time = 3.0845e-06
GFLOPS  = 33315
PERFDUMP,FP,1,1,256,1024,14,14,1,1,1,0,0,3.0845e-05,3.0845e-06,33315
Zeros: 0/200704
##########################################
#           Cleaning Up data...          #
##########################################
##########################################
#                Complete.               #
##########################################
##########################################
#          Setting Up (Common)           #
##########################################
PARAMS: W:14  H:14  N:1  C:1024  K:256  R:1  S:1  P:14  Q:14  STRIDE:1
 InImg 14x14 Padded (14x14)
OutImg 14x14 Padded (14x14)
SIZE Input  (MB):       0.77 MiB
SIZE Output (MB):       0.19 MiB
SIZE Input   (1):       0.77 MiB
SIZE Output  (1):       0.19 MiB
SIZE Weight     :       1.00 MiB
##########################################
#            Naive Computation           #
##########################################
##########################################
#           Performance Analysis         #
##########################################
##########################################
               FORWARD PASS               
##########################################
Total Time = 3.2103e-05
GFLOP  = 0.10276
fp time = 3.2103e-06
GFLOPS  = 32009
PERFDUMP,FP,1,1,1024,256,14,14,1,1,1,0,0,3.2103e-05,3.2103e-06,32009
Zeros: 0/50176
##########################################
#           Cleaning Up data...          #
##########################################
##########################################
#                Complete.               #
##########################################
##########################################
#          Setting Up (Common)           #
##########################################
PARAMS: W:14  H:14  N:1  C:1024  K:2048  R:1  S:1  P:7  Q:7  STRIDE:2
 InImg 14x14 Padded (14x14)
OutImg 7x7 Padded (7x7)
SIZE Input  (MB):       0.77 MiB
SIZE Output (MB):       0.38 MiB
SIZE Input   (1):       0.77 MiB
SIZE Output  (1):       0.38 MiB
SIZE Weight     :       8.00 MiB
##########################################
#            Naive Computation           #
##########################################
##########################################
#           Performance Analysis         #
##########################################
##########################################
               FORWARD PASS               
##########################################
Total Time = 8.8053e-05
GFLOP  = 0.20552
fp time = 8.8053e-06
GFLOPS  = 23341
PERFDUMP,FP,1,1,1024,2048,14,14,1,1,2,0,0,8.8053e-05,8.8053e-06,23341
Zeros: 0/100352
##########################################
#           Cleaning Up data...          #
##########################################
##########################################
#                Complete.               #
##########################################
##########################################
#          Setting Up (Common)           #
##########################################
PARAMS: W:14  H:14  N:1  C:1024  K:512  R:1  S:1  P:7  Q:7  STRIDE:2
 InImg 14x14 Padded (14x14)
OutImg 7x7 Padded (7x7)
SIZE Input  (MB):       0.77 MiB
SIZE Output (MB):       0.10 MiB
SIZE Input   (1):       0.77 MiB
SIZE Output  (1):       0.10 MiB
SIZE Weight     :       2.00 MiB
##########################################
#            Naive Computation           #
##########################################
##########################################
#           Performance Analysis         #
##########################################
##########################################
               FORWARD PASS               
##########################################
Total Time = 1.8476e-05
GFLOP  = 0.05138
fp time = 1.8476e-06
GFLOPS  = 27809
PERFDUMP,FP,1,1,1024,512,14,14,1,1,2,0,0,1.8476e-05,1.8476e-06,27809
Zeros: 0/25088
##########################################
#           Cleaning Up data...          #
##########################################
##########################################
#                Complete.               #
##########################################
##########################################
#          Setting Up (Common)           #
##########################################
PARAMS: W:7  H:7  N:1  C:512  K:512  R:3  S:3  P:7  Q:7  STRIDE:1
 InImg 7x7 Padded (9x9)
OutImg 7x7 Padded (9x9)
SIZE Input  (MB):       0.16 MiB
SIZE Output (MB):       0.16 MiB
SIZE Input   (1):       0.16 MiB
SIZE Output  (1):       0.16 MiB
SIZE Weight     :       9.00 MiB
##########################################
#            Naive Computation           #
##########################################
##########################################
#           Performance Analysis         #
##########################################
##########################################
               FORWARD PASS               
##########################################
Total Time = 2.7133e-05
GFLOP  = 0.23121
fp time = 2.7133e-06
GFLOPS  = 85215
PERFDUMP,FP,1,1,512,512,7,7,3,3,1,1,1,2.7133e-05,2.7133e-06,85215
Zeros: 16384/41472
##########################################
#           Cleaning Up data...          #
##########################################
##########################################
#                Complete.               #
##########################################
##########################################
#          Setting Up (Common)           #
##########################################
PARAMS: W:7  H:7  N:1  C:512  K:2048  R:1  S:1  P:7  Q:7  STRIDE:1
 InImg 7x7 Padded (7x7)
OutImg 7x7 Padded (7x7)
SIZE Input  (MB):       0.10 MiB
SIZE Output (MB):       0.38 MiB
SIZE Input   (1):       0.10 MiB
SIZE Output  (1):       0.38 MiB
SIZE Weight     :       4.00 MiB
##########################################
#            Naive Computation           #
##########################################
##########################################
#           Performance Analysis         #
##########################################
##########################################
               FORWARD PASS               
##########################################
Total Time = 3.1654e-05
GFLOP  = 0.10276
fp time = 3.1654e-06
GFLOPS  = 32464
PERFDUMP,FP,1,1,512,2048,7,7,1,1,1,0,0,3.1654e-05,3.1654e-06,32464
Zeros: 0/100352
##########################################
#           Cleaning Up data...          #
##########################################
##########################################
#                Complete.               #
##########################################
##########################################
#          Setting Up (Common)           #
##########################################
PARAMS: W:7  H:7  N:1  C:2048  K:512  R:1  S:1  P:7  Q:7  STRIDE:1
 InImg 7x7 Padded (7x7)
OutImg 7x7 Padded (7x7)
SIZE Input  (MB):       0.38 MiB
SIZE Output (MB):       0.10 MiB
SIZE Input   (1):       0.38 MiB
SIZE Output  (1):       0.10 MiB
SIZE Weight     :       4.00 MiB
##########################################
#            Naive Computation           #
##########################################
##########################################
#           Performance Analysis         #
##########################################
##########################################
               FORWARD PASS               
##########################################
Total Time = 3.1564e-05
GFLOP  = 0.10276
fp time = 3.1564e-06
GFLOPS  = 32556
PERFDUMP,FP,1,1,2048,512,7,7,1,1,1,0,0,3.1564e-05,3.1564e-06,32556
Zeros: 0/25088
##########################################
#           Cleaning Up data...          #
##########################################
##########################################
#                Complete.               #
##########################################
