Compilation successful
##########################################
#          Setting Up (Common)           #
##########################################
PARAMS: W:16  H:16  N:3  C:64  K:64  R:3  S:3  P:16  Q:16  STRIDE:1
 InImg 16x16 Padded (16x16)
OutImg 16x16 Padded (16x16)
SIZE Input  (MB):       0.19 MiB
SIZE Output (MB):       0.19 MiB
SIZE Input   (1):       0.06 MiB
SIZE Output  (1):       0.06 MiB
SIZE Weight     :       0.14 MiB
##########################################
#           Performance Analysis         #
##########################################
##########################################
               FORWARD PASS               
##########################################
Total Time = 32.398
GFLOP  = 0.056623
fp time = 0.032398
GFLOPS  = 1.7477
Error Count: 49152/49152
##########################################
#           Cleaning Up data...          #
##########################################
##########################################
#                Complete.               #
##########################################
