##########################################
#          Setting Up (Common)           #
##########################################
PARAMS: W:224  H:224  N:1  C:3  K:64  R:7  S:7  P:112  Q:112  STRIDE:2
 InImg 224x224 Padded (230x230)
OutImg 112x112 Padded (118x118)
SIZE Input  (MB):       0.61 MiB
SIZE Output (MB):       3.40 MiB
SIZE Input   (1):       0.61 MiB
SIZE Output  (1):       3.40 MiB
SIZE Weight     :       0.04 MiB
##########################################
#           Performance Analysis         #
##########################################
##########################################
               FORWARD PASS               
##########################################
Total Time = 0.77085
GFLOP  = 0.23603
fp time = 0.00077085
GFLOPS  = 306.19
##########################################
#           Cleaning Up data...          #
##########################################
##########################################
#                Complete.               #
##########################################
