##########################################
#          Setting Up (Common)           #
##########################################
PARAMS: W:224  H:224  N:72  C:3  K:64  R:7  S:7  P:112  Q:112  STRIDE:2
 InImg 224x224 Padded (230x230)
OutImg 112x112 Padded (118x118)
SIZE Input  (MB):      43.59 MiB
SIZE Output (MB):     244.76 MiB
SIZE Input   (1):       0.61 MiB
SIZE Output  (1):       3.40 MiB
SIZE Weight     :       0.04 MiB
##########################################
#           Performance Analysis         #
##########################################
##########################################
               FORWARD PASS               
##########################################
Total Time = 0.16248
GFLOP  = 16.994
fp time = 0.016248
GFLOPS  = 1045.9
PERFDUMP,FP,72,72,3,64,224,224,7,7,2,3,3,0.16248,0.016248,1045.9
##########################################
#           Cleaning Up data...          #
##########################################
##########################################
#                Complete.               #
##########################################
##########################################
#          Setting Up (Common)           #
##########################################
PARAMS: W:56  H:56  N:72  C:64  K:256  R:1  S:1  P:56  Q:56  STRIDE:1
 InImg 56x56 Padded (56x56)
OutImg 56x56 Padded (56x56)
SIZE Input  (MB):      55.12 MiB
SIZE Output (MB):     220.50 MiB
SIZE Input   (1):       0.77 MiB
SIZE Output  (1):       3.06 MiB
SIZE Weight     :       0.06 MiB
##########################################
#           Performance Analysis         #
##########################################
##########################################
               FORWARD PASS               
##########################################
Total Time = 0.064718
GFLOP  = 7.3988
fp time = 0.0064718
GFLOPS  = 1143.2
PERFDUMP,FP,72,72,64,256,56,56,1,1,1,0,0,0.064718,0.0064718,1143.2
##########################################
#           Cleaning Up data...          #
##########################################
##########################################
#                Complete.               #
##########################################
##########################################
#          Setting Up (Common)           #
##########################################
PARAMS: W:56  H:56  N:72  C:64  K:64  R:1  S:1  P:56  Q:56  STRIDE:1
 InImg 56x56 Padded (56x56)
OutImg 56x56 Padded (56x56)
SIZE Input  (MB):      55.12 MiB
SIZE Output (MB):      55.12 MiB
SIZE Input   (1):       0.77 MiB
SIZE Output  (1):       0.77 MiB
SIZE Weight     :       0.02 MiB
##########################################
#           Performance Analysis         #
##########################################
##########################################
               FORWARD PASS               
##########################################
Total Time = 0.016183
GFLOP  = 1.8497
fp time = 0.0016183
GFLOPS  = 1142.9
PERFDUMP,FP,72,72,64,64,56,56,1,1,1,0,0,0.016183,0.0016183,1142.9
##########################################
#           Cleaning Up data...          #
##########################################
##########################################
#                Complete.               #
##########################################
##########################################
#          Setting Up (Common)           #
##########################################
PARAMS: W:56  H:56  N:72  C:64  K:64  R:3  S:3  P:56  Q:56  STRIDE:1
 InImg 56x56 Padded (58x58)
OutImg 56x56 Padded (58x58)
SIZE Input  (MB):      59.13 MiB
SIZE Output (MB):      59.13 MiB
SIZE Input   (1):       0.82 MiB
SIZE Output  (1):       0.82 MiB
SIZE Weight     :       0.14 MiB
##########################################
#           Performance Analysis         #
##########################################
##########################################
               FORWARD PASS               
##########################################
Total Time = 0.11129
GFLOP  = 16.647
fp time = 0.011129
GFLOPS  = 1495.8
PERFDUMP,FP,72,72,64,64,56,56,3,3,1,1,1,0.11129,0.011129,1495.8
##########################################
#           Cleaning Up data...          #
##########################################
##########################################
#                Complete.               #
##########################################
##########################################
#          Setting Up (Common)           #
##########################################
PARAMS: W:56  H:56  N:72  C:256  K:64  R:1  S:1  P:56  Q:56  STRIDE:1
 InImg 56x56 Padded (56x56)
OutImg 56x56 Padded (56x56)
SIZE Input  (MB):     220.50 MiB
SIZE Output (MB):      55.12 MiB
SIZE Input   (1):       3.06 MiB
SIZE Output  (1):       0.77 MiB
SIZE Weight     :       0.06 MiB
##########################################
#           Performance Analysis         #
##########################################
##########################################
               FORWARD PASS               
##########################################
Total Time = 0.08726
GFLOP  = 7.3988
fp time = 0.008726
GFLOPS  = 847.9
PERFDUMP,FP,72,72,256,64,56,56,1,1,1,0,0,0.08726,0.008726,847.9
##########################################
#           Cleaning Up data...          #
##########################################
##########################################
#                Complete.               #
##########################################
##########################################
#          Setting Up (Common)           #
##########################################
PARAMS: W:56  H:56  N:72  C:256  K:512  R:1  S:1  P:28  Q:28  STRIDE:2
 InImg 56x56 Padded (56x56)
OutImg 28x28 Padded (28x28)
SIZE Input  (MB):     220.50 MiB
SIZE Output (MB):     110.25 MiB
SIZE Input   (1):       3.06 MiB
SIZE Output  (1):       1.53 MiB
SIZE Weight     :       0.50 MiB
##########################################
#           Performance Analysis         #
##########################################
##########################################
               FORWARD PASS               
##########################################
Total Time = 0.13167
GFLOP  = 14.798
fp time = 0.013167
GFLOPS  = 1123.9
PERFDUMP,FP,72,72,256,512,56,56,1,1,2,0,0,0.13167,0.013167,1123.9
##########################################
#           Cleaning Up data...          #
##########################################
##########################################
#                Complete.               #
##########################################
##########################################
#          Setting Up (Common)           #
##########################################
PARAMS: W:56  H:56  N:72  C:256  K:128  R:1  S:1  P:28  Q:28  STRIDE:2
 InImg 56x56 Padded (56x56)
OutImg 28x28 Padded (28x28)
SIZE Input  (MB):     220.50 MiB
SIZE Output (MB):      27.56 MiB
SIZE Input   (1):       3.06 MiB
SIZE Output  (1):       0.38 MiB
SIZE Weight     :       0.12 MiB
##########################################
#           Performance Analysis         #
##########################################
##########################################
               FORWARD PASS               
##########################################
Total Time = 0.035711
GFLOP  = 3.6994
fp time = 0.0035711
GFLOPS  = 1035.9
PERFDUMP,FP,72,72,256,128,56,56,1,1,2,0,0,0.035711,0.0035711,1035.9
##########################################
#           Cleaning Up data...          #
##########################################
##########################################
#                Complete.               #
##########################################
##########################################
#          Setting Up (Common)           #
##########################################
PARAMS: W:28  H:28  N:72  C:128  K:128  R:3  S:3  P:28  Q:28  STRIDE:1
 InImg 28x28 Padded (30x30)
OutImg 28x28 Padded (30x30)
SIZE Input  (MB):      31.64 MiB
SIZE Output (MB):      31.64 MiB
SIZE Input   (1):       0.44 MiB
SIZE Output  (1):       0.44 MiB
SIZE Weight     :       0.56 MiB
##########################################
#           Performance Analysis         #
##########################################
##########################################
               FORWARD PASS               
##########################################
Total Time = 0.10789
GFLOP  = 16.647
fp time = 0.010789
GFLOPS  = 1543
PERFDUMP,FP,72,72,128,128,28,28,3,3,1,1,1,0.10789,0.010789,1543
##########################################
#           Cleaning Up data...          #
##########################################
##########################################
#                Complete.               #
##########################################
##########################################
#          Setting Up (Common)           #
##########################################
PARAMS: W:28  H:28  N:72  C:128  K:512  R:1  S:1  P:28  Q:28  STRIDE:1
 InImg 28x28 Padded (28x28)
OutImg 28x28 Padded (28x28)
SIZE Input  (MB):      27.56 MiB
SIZE Output (MB):     110.25 MiB
SIZE Input   (1):       0.38 MiB
SIZE Output  (1):       1.53 MiB
SIZE Weight     :       0.25 MiB
##########################################
#           Performance Analysis         #
##########################################
##########################################
               FORWARD PASS               
##########################################
Total Time = 0.064533
GFLOP  = 7.3988
fp time = 0.0064533
GFLOPS  = 1146.5
PERFDUMP,FP,72,72,128,512,28,28,1,1,1,0,0,0.064533,0.0064533,1146.5
##########################################
#           Cleaning Up data...          #
##########################################
##########################################
#                Complete.               #
##########################################
##########################################
#          Setting Up (Common)           #
##########################################
PARAMS: W:28  H:28  N:72  C:512  K:128  R:1  S:1  P:28  Q:28  STRIDE:1
 InImg 28x28 Padded (28x28)
OutImg 28x28 Padded (28x28)
SIZE Input  (MB):     110.25 MiB
SIZE Output (MB):      27.56 MiB
SIZE Input   (1):       1.53 MiB
SIZE Output  (1):       0.38 MiB
SIZE Weight     :       0.25 MiB
##########################################
#           Performance Analysis         #
##########################################
##########################################
               FORWARD PASS               
##########################################
Total Time = 0.072265
GFLOP  = 7.3988
fp time = 0.0072265
GFLOPS  = 1023.8
PERFDUMP,FP,72,72,512,128,28,28,1,1,1,0,0,0.072265,0.0072265,1023.8
##########################################
#           Cleaning Up data...          #
##########################################
##########################################
#                Complete.               #
##########################################
##########################################
#          Setting Up (Common)           #
##########################################
PARAMS: W:28  H:28  N:72  C:512  K:1024  R:1  S:1  P:14  Q:14  STRIDE:2
 InImg 28x28 Padded (28x28)
OutImg 14x14 Padded (14x14)
SIZE Input  (MB):     110.25 MiB
SIZE Output (MB):      55.12 MiB
SIZE Input   (1):       1.53 MiB
SIZE Output  (1):       0.77 MiB
SIZE Weight     :       2.00 MiB
##########################################
#           Performance Analysis         #
##########################################
##########################################
               FORWARD PASS               
##########################################
Total Time = 0.13329
GFLOP  = 14.798
fp time = 0.013329
GFLOPS  = 1110.2
PERFDUMP,FP,72,72,512,1024,28,28,1,1,2,0,0,0.13329,0.013329,1110.2
##########################################
#           Cleaning Up data...          #
##########################################
##########################################
#                Complete.               #
##########################################
##########################################
#          Setting Up (Common)           #
##########################################
PARAMS: W:28  H:28  N:72  C:512  K:256  R:1  S:1  P:14  Q:14  STRIDE:2
 InImg 28x28 Padded (28x28)
OutImg 14x14 Padded (14x14)
SIZE Input  (MB):     110.25 MiB
SIZE Output (MB):      13.78 MiB
SIZE Input   (1):       1.53 MiB
SIZE Output  (1):       0.19 MiB
SIZE Weight     :       0.50 MiB
##########################################
#           Performance Analysis         #
##########################################
##########################################
               FORWARD PASS               
##########################################
Total Time = 0.036098
GFLOP  = 3.6994
fp time = 0.0036098
GFLOPS  = 1024.8
PERFDUMP,FP,72,72,512,256,28,28,1,1,2,0,0,0.036098,0.0036098,1024.8
##########################################
#           Cleaning Up data...          #
##########################################
##########################################
#                Complete.               #
##########################################
##########################################
#          Setting Up (Common)           #
##########################################
PARAMS: W:14  H:14  N:72  C:256  K:256  R:3  S:3  P:14  Q:14  STRIDE:1
 InImg 14x14 Padded (16x16)
OutImg 14x14 Padded (16x16)
SIZE Input  (MB):      18.00 MiB
SIZE Output (MB):      18.00 MiB
SIZE Input   (1):       0.25 MiB
SIZE Output  (1):       0.25 MiB
SIZE Weight     :       2.25 MiB
##########################################
#           Performance Analysis         #
##########################################
##########################################
               FORWARD PASS               
##########################################
Total Time = 0.10596
GFLOP  = 16.647
fp time = 0.010596
GFLOPS  = 1571.1
PERFDUMP,FP,72,72,256,256,14,14,3,3,1,1,1,0.10596,0.010596,1571.1
##########################################
#           Cleaning Up data...          #
##########################################
##########################################
#                Complete.               #
##########################################
##########################################
#          Setting Up (Common)           #
##########################################
PARAMS: W:14  H:14  N:72  C:256  K:1024  R:1  S:1  P:14  Q:14  STRIDE:1
 InImg 14x14 Padded (14x14)
OutImg 14x14 Padded (14x14)
SIZE Input  (MB):      13.78 MiB
SIZE Output (MB):      55.12 MiB
SIZE Input   (1):       0.19 MiB
SIZE Output  (1):       0.77 MiB
SIZE Weight     :       1.00 MiB
##########################################
#           Performance Analysis         #
##########################################
##########################################
               FORWARD PASS               
##########################################
Total Time = 0.063256
GFLOP  = 7.3988
fp time = 0.0063256
GFLOPS  = 1169.6
PERFDUMP,FP,72,72,256,1024,14,14,1,1,1,0,0,0.063256,0.0063256,1169.6
##########################################
#           Cleaning Up data...          #
##########################################
##########################################
#                Complete.               #
##########################################
##########################################
#          Setting Up (Common)           #
##########################################
PARAMS: W:14  H:14  N:72  C:1024  K:256  R:1  S:1  P:14  Q:14  STRIDE:1
 InImg 14x14 Padded (14x14)
OutImg 14x14 Padded (14x14)
SIZE Input  (MB):      55.12 MiB
SIZE Output (MB):      13.78 MiB
SIZE Input   (1):       0.77 MiB
SIZE Output  (1):       0.19 MiB
SIZE Weight     :       1.00 MiB
##########################################
#           Performance Analysis         #
##########################################
##########################################
               FORWARD PASS               
##########################################
Total Time = 0.070951
GFLOP  = 7.3988
fp time = 0.0070951
GFLOPS  = 1042.8
PERFDUMP,FP,72,72,1024,256,14,14,1,1,1,0,0,0.070951,0.0070951,1042.8
##########################################
#           Cleaning Up data...          #
##########################################
##########################################
#                Complete.               #
##########################################
##########################################
#          Setting Up (Common)           #
##########################################
PARAMS: W:14  H:14  N:72  C:1024  K:2048  R:1  S:1  P:7  Q:7  STRIDE:2
 InImg 14x14 Padded (14x14)
OutImg 7x7 Padded (7x7)
SIZE Input  (MB):      55.12 MiB
SIZE Output (MB):      27.56 MiB
SIZE Input   (1):       0.77 MiB
SIZE Output  (1):       0.38 MiB
SIZE Weight     :       8.00 MiB
##########################################
#           Performance Analysis         #
##########################################
##########################################
               FORWARD PASS               
##########################################
Total Time = 0.12484
GFLOP  = 14.798
fp time = 0.012484
GFLOPS  = 1185.3
PERFDUMP,FP,72,72,1024,2048,14,14,1,1,2,0,0,0.12484,0.012484,1185.3
##########################################
#           Cleaning Up data...          #
##########################################
##########################################
#                Complete.               #
##########################################
##########################################
#          Setting Up (Common)           #
##########################################
PARAMS: W:14  H:14  N:72  C:1024  K:512  R:1  S:1  P:7  Q:7  STRIDE:2
 InImg 14x14 Padded (14x14)
OutImg 7x7 Padded (7x7)
SIZE Input  (MB):      55.12 MiB
SIZE Output (MB):       6.89 MiB
SIZE Input   (1):       0.77 MiB
SIZE Output  (1):       0.10 MiB
SIZE Weight     :       2.00 MiB
##########################################
#           Performance Analysis         #
##########################################
##########################################
               FORWARD PASS               
##########################################
Total Time = 0.032204
GFLOP  = 3.6994
fp time = 0.0032204
GFLOPS  = 1148.7
PERFDUMP,FP,72,72,1024,512,14,14,1,1,2,0,0,0.032204,0.0032204,1148.7
##########################################
#           Cleaning Up data...          #
##########################################
##########################################
#                Complete.               #
##########################################
##########################################
#          Setting Up (Common)           #
##########################################
PARAMS: W:7  H:7  N:72  C:512  K:512  R:3  S:3  P:7  Q:7  STRIDE:1
 InImg 7x7 Padded (9x9)
OutImg 7x7 Padded (9x9)
SIZE Input  (MB):      11.39 MiB
SIZE Output (MB):      11.39 MiB
SIZE Input   (1):       0.16 MiB
SIZE Output  (1):       0.16 MiB
SIZE Weight     :       9.00 MiB
##########################################
#           Performance Analysis         #
##########################################
##########################################
               FORWARD PASS               
##########################################
Total Time = 0.098265
GFLOP  = 16.647
fp time = 0.0098265
GFLOPS  = 1694.1
PERFDUMP,FP,72,72,512,512,7,7,3,3,1,1,1,0.098265,0.0098265,1694.1
##########################################
#           Cleaning Up data...          #
##########################################
##########################################
#                Complete.               #
##########################################
##########################################
#          Setting Up (Common)           #
##########################################
PARAMS: W:7  H:7  N:72  C:512  K:2048  R:1  S:1  P:7  Q:7  STRIDE:1
 InImg 7x7 Padded (7x7)
OutImg 7x7 Padded (7x7)
SIZE Input  (MB):       6.89 MiB
SIZE Output (MB):      27.56 MiB
SIZE Input   (1):       0.10 MiB
SIZE Output  (1):       0.38 MiB
SIZE Weight     :       4.00 MiB
##########################################
#           Performance Analysis         #
##########################################
##########################################
               FORWARD PASS               
##########################################
Total Time = 0.061548
GFLOP  = 7.3988
fp time = 0.0061548
GFLOPS  = 1202.1
PERFDUMP,FP,72,72,512,2048,7,7,1,1,1,0,0,0.061548,0.0061548,1202.1
##########################################
#           Cleaning Up data...          #
##########################################
##########################################
#                Complete.               #
##########################################
##########################################
#          Setting Up (Common)           #
##########################################
PARAMS: W:7  H:7  N:72  C:2048  K:512  R:1  S:1  P:7  Q:7  STRIDE:1
 InImg 7x7 Padded (7x7)
OutImg 7x7 Padded (7x7)
SIZE Input  (MB):      27.56 MiB
SIZE Output (MB):       6.89 MiB
SIZE Input   (1):       0.38 MiB
SIZE Output  (1):       0.10 MiB
SIZE Weight     :       4.00 MiB
##########################################
#           Performance Analysis         #
##########################################
##########################################
               FORWARD PASS               
##########################################
Total Time = 0.064059
GFLOP  = 7.3988
fp time = 0.0064059
GFLOPS  = 1155
PERFDUMP,FP,72,72,2048,512,7,7,1,1,1,0,0,0.064059,0.0064059,1155
##########################################
#           Cleaning Up data...          #
##########################################
##########################################
#                Complete.               #
##########################################
