##########################################
#          Setting Up (Common)           #
##########################################
PARAMS: W:224  H:224  N:72  C:3  K:64  R:7  S:7  P:112  Q:112  STRIDE:2
 InImg 224x224 Padded (230x230)
OutImg 112x112 Padded (118x118)
SIZE Input  (MB):      43.59 MiB
SIZE Output (MB):     244.76 MiB
SIZE Input   (1):       0.61 MiB
SIZE Output  (1):       3.40 MiB
SIZE Weight     :       0.04 MiB
##########################################
#            Naive Computation           #
##########################################
##########################################
#           Performance Analysis         #
##########################################
##########################################
               FORWARD PASS               
##########################################
Total Time = 1.3024e-08
GFLOP  = 16.994
fp time = 1.3024e-09
GFLOPS  = 1.3048e+10
PERFDUMP,FP,1,72,3,64,224,224,7,7,2,3,3,1.3024e-08,1.3024e-09,1.3048e+10

##########################################
#           Cleaning Up data...          #
##########################################
##########################################
#                Complete.               #
##########################################
##########################################
#          Setting Up (Common)           #
##########################################
PARAMS: W:56  H:56  N:72  C:64  K:256  R:1  S:1  P:56  Q:56  STRIDE:1
 InImg 56x56 Padded (56x56)
OutImg 56x56 Padded (56x56)
SIZE Input  (MB):      55.12 MiB
SIZE Output (MB):     220.50 MiB
SIZE Input   (1):       0.77 MiB
SIZE Output  (1):       3.06 MiB
SIZE Weight     :       0.06 MiB
##########################################
#            Naive Computation           #
##########################################
##########################################
#           Performance Analysis         #
##########################################
##########################################
               FORWARD PASS               
##########################################
Total Time = 0.28457
GFLOP  = 7.3988
fp time = 0.028457
GFLOPS  = 259.99
PERFDUMP,FP,1,72,64,256,56,56,1,1,1,0,0,0.28457,0.028457,259.99

##########################################
#           Cleaning Up data...          #
##########################################
##########################################
#                Complete.               #
##########################################
##########################################
#          Setting Up (Common)           #
##########################################
PARAMS: W:56  H:56  N:72  C:64  K:64  R:1  S:1  P:56  Q:56  STRIDE:1
 InImg 56x56 Padded (56x56)
OutImg 56x56 Padded (56x56)
SIZE Input  (MB):      55.12 MiB
SIZE Output (MB):      55.12 MiB
SIZE Input   (1):       0.77 MiB
SIZE Output  (1):       0.77 MiB
SIZE Weight     :       0.02 MiB
##########################################
#            Naive Computation           #
##########################################
##########################################
#           Performance Analysis         #
##########################################
##########################################
               FORWARD PASS               
##########################################
Total Time = 0.071036
GFLOP  = 1.8497
fp time = 0.0071036
GFLOPS  = 260.39
PERFDUMP,FP,1,72,64,64,56,56,1,1,1,0,0,0.071036,0.0071036,260.39

##########################################
#           Cleaning Up data...          #
##########################################
##########################################
#                Complete.               #
##########################################
