##########################################
#          Setting Up (Common)           #
##########################################
PARAMS: W:224  H:224  N:1  C:3  K:64  R:7  S:7  P:112  Q:112  STRIDE:2
 InImg 224x224 Padded (230x230)
OutImg 112x112 Padded (118x118)
SIZE Input  (MB):       0.61 MiB
SIZE Output (MB):       3.40 MiB
SIZE Input   (1):       0.61 MiB
SIZE Output  (1):       3.40 MiB
SIZE Weight     :       0.04 MiB
##########################################
#            Naive Computation           #
##########################################
##########################################
#           Performance Analysis         #
##########################################
##########################################
               FORWARD PASS               
##########################################
Total Time = 2.56e-07
GFLOP  = 0.23603
fp time = 2.56e-10
GFLOPS  = 9.2198e+08

##########################################
#           Cleaning Up data...          #
##########################################
##########################################
#                Complete.               #
##########################################
##########################################
#          Setting Up (Common)           #
##########################################
PARAMS: W:56  H:56  N:1  C:64  K:256  R:1  S:1  P:56  Q:56  STRIDE:1
 InImg 56x56 Padded (56x56)
OutImg 56x56 Padded (56x56)
SIZE Input  (MB):       0.77 MiB
SIZE Output (MB):       3.06 MiB
SIZE Input   (1):       0.77 MiB
SIZE Output  (1):       3.06 MiB
SIZE Weight     :       0.06 MiB
##########################################
#            Naive Computation           #
##########################################
##########################################
#           Performance Analysis         #
##########################################
##########################################
               FORWARD PASS               
##########################################
Total Time = 0.49014
GFLOP  = 0.10276
fp time = 0.00049014
GFLOPS  = 209.65

##########################################
#           Cleaning Up data...          #
##########################################
##########################################
#                Complete.               #
##########################################
##########################################
#          Setting Up (Common)           #
##########################################
PARAMS: W:56  H:56  N:1  C:64  K:64  R:1  S:1  P:56  Q:56  STRIDE:1
 InImg 56x56 Padded (56x56)
OutImg 56x56 Padded (56x56)
SIZE Input  (MB):       0.77 MiB
SIZE Output (MB):       0.77 MiB
SIZE Input   (1):       0.77 MiB
SIZE Output  (1):       0.77 MiB
SIZE Weight     :       0.02 MiB
##########################################
#            Naive Computation           #
##########################################
##########################################
#           Performance Analysis         #
##########################################
##########################################
               FORWARD PASS               
##########################################
Total Time = 0.12263
GFLOP  = 0.02569
fp time = 0.00012263
GFLOPS  = 209.49

##########################################
#           Cleaning Up data...          #
##########################################
##########################################
#                Complete.               #
##########################################
##########################################
#          Setting Up (Common)           #
##########################################
PARAMS: W:56  H:56  N:1  C:64  K:64  R:3  S:3  P:56  Q:56  STRIDE:1
 InImg 56x56 Padded (58x58)
OutImg 56x56 Padded (58x58)
SIZE Input  (MB):       0.82 MiB
SIZE Output (MB):       0.82 MiB
SIZE Input   (1):       0.82 MiB
SIZE Output  (1):       0.82 MiB
SIZE Weight     :       0.14 MiB
##########################################
#            Naive Computation           #
##########################################
##########################################
#           Performance Analysis         #
##########################################
##########################################
               FORWARD PASS               
##########################################
Total Time = 1.0862
GFLOP  = 0.23121
fp time = 0.0010862
GFLOPS  = 212.87

##########################################
#           Cleaning Up data...          #
##########################################
##########################################
#                Complete.               #
##########################################
##########################################
#          Setting Up (Common)           #
##########################################
PARAMS: W:56  H:56  N:1  C:256  K:64  R:1  S:1  P:56  Q:56  STRIDE:1
 InImg 56x56 Padded (56x56)
OutImg 56x56 Padded (56x56)
SIZE Input  (MB):       3.06 MiB
SIZE Output (MB):       0.77 MiB
SIZE Input   (1):       3.06 MiB
SIZE Output  (1):       0.77 MiB
SIZE Weight     :       0.06 MiB
##########################################
#            Naive Computation           #
##########################################
##########################################
#           Performance Analysis         #
##########################################
##########################################
               FORWARD PASS               
##########################################
Total Time = 0.49204
GFLOP  = 0.10276
fp time = 0.00049204
GFLOPS  = 208.84

##########################################
#           Cleaning Up data...          #
##########################################
##########################################
#                Complete.               #
##########################################
##########################################
#          Setting Up (Common)           #
##########################################
PARAMS: W:56  H:56  N:1  C:256  K:512  R:1  S:1  P:28  Q:28  STRIDE:2
 InImg 56x56 Padded (56x56)
OutImg 28x28 Padded (28x28)
SIZE Input  (MB):       3.06 MiB
SIZE Output (MB):       1.53 MiB
SIZE Input   (1):       3.06 MiB
SIZE Output  (1):       1.53 MiB
SIZE Weight     :       0.50 MiB
##########################################
#            Naive Computation           #
##########################################
##########################################
#           Performance Analysis         #
##########################################
##########################################
               FORWARD PASS               
##########################################
Total Time = 0.98481
GFLOP  = 0.20552
fp time = 0.00098481
GFLOPS  = 208.69

##########################################
#           Cleaning Up data...          #
##########################################
##########################################
#                Complete.               #
##########################################
##########################################
#          Setting Up (Common)           #
##########################################
PARAMS: W:56  H:56  N:1  C:256  K:128  R:1  S:1  P:28  Q:28  STRIDE:2
 InImg 56x56 Padded (56x56)
OutImg 28x28 Padded (28x28)
SIZE Input  (MB):       3.06 MiB
SIZE Output (MB):       0.38 MiB
SIZE Input   (1):       3.06 MiB
SIZE Output  (1):       0.38 MiB
SIZE Weight     :       0.12 MiB
##########################################
#            Naive Computation           #
##########################################
##########################################
#           Performance Analysis         #
##########################################
##########################################
               FORWARD PASS               
##########################################
Total Time = 0.24674
GFLOP  = 0.05138
fp time = 0.00024674
GFLOPS  = 208.24

##########################################
#           Cleaning Up data...          #
##########################################
##########################################
#                Complete.               #
##########################################
##########################################
#          Setting Up (Common)           #
##########################################
PARAMS: W:28  H:28  N:1  C:128  K:128  R:3  S:3  P:28  Q:28  STRIDE:1
 InImg 28x28 Padded (30x30)
OutImg 28x28 Padded (30x30)
SIZE Input  (MB):       0.44 MiB
SIZE Output (MB):       0.44 MiB
SIZE Input   (1):       0.44 MiB
SIZE Output  (1):       0.44 MiB
SIZE Weight     :       0.56 MiB
##########################################
#            Naive Computation           #
##########################################
##########################################
#           Performance Analysis         #
##########################################
##########################################
               FORWARD PASS               
##########################################
Total Time = 1.0599
GFLOP  = 0.23121
fp time = 0.0010599
GFLOPS  = 218.14

##########################################
#           Cleaning Up data...          #
##########################################
##########################################
#                Complete.               #
##########################################
##########################################
#          Setting Up (Common)           #
##########################################
PARAMS: W:28  H:28  N:1  C:128  K:512  R:1  S:1  P:28  Q:28  STRIDE:1
 InImg 28x28 Padded (28x28)
OutImg 28x28 Padded (28x28)
SIZE Input  (MB):       0.38 MiB
SIZE Output (MB):       1.53 MiB
SIZE Input   (1):       0.38 MiB
SIZE Output  (1):       1.53 MiB
SIZE Weight     :       0.25 MiB
##########################################
#            Naive Computation           #
##########################################
##########################################
#           Performance Analysis         #
##########################################
##########################################
               FORWARD PASS               
##########################################
Total Time = 0.48895
GFLOP  = 0.10276
fp time = 0.00048895
GFLOPS  = 210.16

##########################################
#           Cleaning Up data...          #
##########################################
##########################################
#                Complete.               #
##########################################
##########################################
#          Setting Up (Common)           #
##########################################
PARAMS: W:28  H:28  N:1  C:512  K:128  R:1  S:1  P:28  Q:28  STRIDE:1
 InImg 28x28 Padded (28x28)
OutImg 28x28 Padded (28x28)
SIZE Input  (MB):       1.53 MiB
SIZE Output (MB):       0.38 MiB
SIZE Input   (1):       1.53 MiB
SIZE Output  (1):       0.38 MiB
SIZE Weight     :       0.25 MiB
##########################################
#            Naive Computation           #
##########################################
##########################################
#           Performance Analysis         #
##########################################
##########################################
               FORWARD PASS               
##########################################
Total Time = 0.48972
GFLOP  = 0.10276
fp time = 0.00048972
GFLOPS  = 209.83

##########################################
#           Cleaning Up data...          #
##########################################
##########################################
#                Complete.               #
##########################################
##########################################
#          Setting Up (Common)           #
##########################################
PARAMS: W:28  H:28  N:1  C:512  K:1024  R:1  S:1  P:14  Q:14  STRIDE:2
 InImg 28x28 Padded (28x28)
OutImg 14x14 Padded (14x14)
SIZE Input  (MB):       1.53 MiB
SIZE Output (MB):       0.77 MiB
SIZE Input   (1):       1.53 MiB
SIZE Output  (1):       0.77 MiB
SIZE Weight     :       2.00 MiB
##########################################
#            Naive Computation           #
##########################################
##########################################
#           Performance Analysis         #
##########################################
##########################################
               FORWARD PASS               
##########################################
Total Time = 0.98291
GFLOP  = 0.20552
fp time = 0.00098291
GFLOPS  = 209.09

##########################################
#           Cleaning Up data...          #
##########################################
##########################################
#                Complete.               #
##########################################
##########################################
#          Setting Up (Common)           #
##########################################
PARAMS: W:28  H:28  N:1  C:512  K:256  R:1  S:1  P:14  Q:14  STRIDE:2
 InImg 28x28 Padded (28x28)
OutImg 14x14 Padded (14x14)
SIZE Input  (MB):       1.53 MiB
SIZE Output (MB):       0.19 MiB
SIZE Input   (1):       1.53 MiB
SIZE Output  (1):       0.19 MiB
SIZE Weight     :       0.50 MiB
##########################################
#            Naive Computation           #
##########################################
##########################################
#           Performance Analysis         #
##########################################
##########################################
               FORWARD PASS               
##########################################
Total Time = 0.24585
GFLOP  = 0.05138
fp time = 0.00024585
GFLOPS  = 208.99

##########################################
#           Cleaning Up data...          #
##########################################
##########################################
#                Complete.               #
##########################################
##########################################
#          Setting Up (Common)           #
##########################################
PARAMS: W:14  H:14  N:1  C:256  K:256  R:3  S:3  P:14  Q:14  STRIDE:1
 InImg 14x14 Padded (16x16)
OutImg 14x14 Padded (16x16)
SIZE Input  (MB):       0.25 MiB
SIZE Output (MB):       0.25 MiB
SIZE Input   (1):       0.25 MiB
SIZE Output  (1):       0.25 MiB
SIZE Weight     :       2.25 MiB
##########################################
#            Naive Computation           #
##########################################
##########################################
#           Performance Analysis         #
##########################################
##########################################
               FORWARD PASS               
##########################################
Total Time = 1.0147
GFLOP  = 0.23121
fp time = 0.0010147
GFLOPS  = 227.86

##########################################
#           Cleaning Up data...          #
##########################################
##########################################
#                Complete.               #
##########################################
##########################################
#          Setting Up (Common)           #
##########################################
PARAMS: W:14  H:14  N:1  C:256  K:1024  R:1  S:1  P:14  Q:14  STRIDE:1
 InImg 14x14 Padded (14x14)
OutImg 14x14 Padded (14x14)
SIZE Input  (MB):       0.19 MiB
SIZE Output (MB):       0.77 MiB
SIZE Input   (1):       0.19 MiB
SIZE Output  (1):       0.77 MiB
SIZE Weight     :       1.00 MiB
##########################################
#            Naive Computation           #
##########################################
##########################################
#           Performance Analysis         #
##########################################
##########################################
               FORWARD PASS               
##########################################
Total Time = 0.48851
GFLOP  = 0.10276
fp time = 0.00048851
GFLOPS  = 210.35

##########################################
#           Cleaning Up data...          #
##########################################
##########################################
#                Complete.               #
##########################################
##########################################
#          Setting Up (Common)           #
##########################################
PARAMS: W:14  H:14  N:1  C:1024  K:256  R:1  S:1  P:14  Q:14  STRIDE:1
 InImg 14x14 Padded (14x14)
OutImg 14x14 Padded (14x14)
SIZE Input  (MB):       0.77 MiB
SIZE Output (MB):       0.19 MiB
SIZE Input   (1):       0.77 MiB
SIZE Output  (1):       0.19 MiB
SIZE Weight     :       1.00 MiB
##########################################
#            Naive Computation           #
##########################################
##########################################
#           Performance Analysis         #
##########################################
##########################################
               FORWARD PASS               
##########################################
Total Time = 0.49026
GFLOP  = 0.10276
fp time = 0.00049026
GFLOPS  = 209.6

##########################################
#           Cleaning Up data...          #
##########################################
##########################################
#                Complete.               #
##########################################
##########################################
#          Setting Up (Common)           #
##########################################
PARAMS: W:14  H:14  N:1  C:1024  K:2048  R:1  S:1  P:7  Q:7  STRIDE:2
 InImg 14x14 Padded (14x14)
OutImg 7x7 Padded (7x7)
SIZE Input  (MB):       0.77 MiB
SIZE Output (MB):       0.38 MiB
SIZE Input   (1):       0.77 MiB
SIZE Output  (1):       0.38 MiB
SIZE Weight     :       8.00 MiB
##########################################
#            Naive Computation           #
##########################################
##########################################
#           Performance Analysis         #
##########################################
##########################################
               FORWARD PASS               
##########################################
Total Time = 0.98355
GFLOP  = 0.20552
fp time = 0.00098355
GFLOPS  = 208.96

##########################################
#           Cleaning Up data...          #
##########################################
##########################################
#                Complete.               #
##########################################
##########################################
#          Setting Up (Common)           #
##########################################
PARAMS: W:14  H:14  N:1  C:1024  K:512  R:1  S:1  P:7  Q:7  STRIDE:2
 InImg 14x14 Padded (14x14)
OutImg 7x7 Padded (7x7)
SIZE Input  (MB):       0.77 MiB
SIZE Output (MB):       0.10 MiB
SIZE Input   (1):       0.77 MiB
SIZE Output  (1):       0.10 MiB
SIZE Weight     :       2.00 MiB
##########################################
#            Naive Computation           #
##########################################
##########################################
#           Performance Analysis         #
##########################################
##########################################
               FORWARD PASS               
##########################################
Total Time = 0.24592
GFLOP  = 0.05138
fp time = 0.00024592
GFLOPS  = 208.93

##########################################
#           Cleaning Up data...          #
##########################################
##########################################
#                Complete.               #
##########################################
##########################################
#          Setting Up (Common)           #
##########################################
PARAMS: W:7  H:7  N:1  C:512  K:512  R:3  S:3  P:7  Q:7  STRIDE:1
 InImg 7x7 Padded (9x9)
OutImg 7x7 Padded (9x9)
SIZE Input  (MB):       0.16 MiB
SIZE Output (MB):       0.16 MiB
SIZE Input   (1):       0.16 MiB
SIZE Output  (1):       0.16 MiB
SIZE Weight     :       9.00 MiB
##########################################
#            Naive Computation           #
##########################################
##########################################
#           Performance Analysis         #
##########################################
##########################################
               FORWARD PASS               
##########################################
Total Time = 0.92818
GFLOP  = 0.23121
fp time = 0.00092818
GFLOPS  = 249.1

##########################################
#           Cleaning Up data...          #
##########################################
##########################################
#                Complete.               #
##########################################
##########################################
#          Setting Up (Common)           #
##########################################
PARAMS: W:7  H:7  N:1  C:512  K:2048  R:1  S:1  P:7  Q:7  STRIDE:1
 InImg 7x7 Padded (7x7)
OutImg 7x7 Padded (7x7)
SIZE Input  (MB):       0.10 MiB
SIZE Output (MB):       0.38 MiB
SIZE Input   (1):       0.10 MiB
SIZE Output  (1):       0.38 MiB
SIZE Weight     :       4.00 MiB
##########################################
#            Naive Computation           #
##########################################
##########################################
#           Performance Analysis         #
##########################################
##########################################
               FORWARD PASS               
##########################################
Total Time = 0.48986
GFLOP  = 0.10276
fp time = 0.00048986
GFLOPS  = 209.78

##########################################
#           Cleaning Up data...          #
##########################################
##########################################
#                Complete.               #
##########################################
##########################################
#          Setting Up (Common)           #
##########################################
PARAMS: W:7  H:7  N:1  C:2048  K:512  R:1  S:1  P:7  Q:7  STRIDE:1
 InImg 7x7 Padded (7x7)
OutImg 7x7 Padded (7x7)
SIZE Input  (MB):       0.38 MiB
SIZE Output (MB):       0.10 MiB
SIZE Input   (1):       0.38 MiB
SIZE Output  (1):       0.10 MiB
SIZE Weight     :       4.00 MiB
##########################################
#            Naive Computation           #
##########################################
##########################################
#           Performance Analysis         #
##########################################
##########################################
               FORWARD PASS               
##########################################
Total Time = 0.48847
GFLOP  = 0.10276
fp time = 0.00048847
GFLOPS  = 210.37

##########################################
#           Cleaning Up data...          #
##########################################
##########################################
#                Complete.               #
##########################################
