##########################################
#          Setting Up (Common)           #
##########################################
PARAMS: W:224  H:224  N:1  C:3  K:64  R:7  S:7  P:112  Q:112  STRIDE:2
 InImg 224x224 Padded (230x230)
OutImg 112x112 Padded (118x118)
SIZE Input  (MB):       0.61 MiB
SIZE Output (MB):       3.40 MiB
SIZE Input   (1):       0.61 MiB
SIZE Output  (1):       3.40 MiB
SIZE Weight     :       0.04 MiB
##########################################
#            Naive Computation           #
##########################################
##########################################
#           Performance Analysis         #
##########################################
##########################################
               FORWARD PASS               
##########################################
Total Time = 9.6e-08
GFLOP  = 0.23603
fp time = 9.6e-11
GFLOPS  = 2.4586e+09

##########################################
#           Cleaning Up data...          #
##########################################
##########################################
#                Complete.               #
##########################################
##########################################
#          Setting Up (Common)           #
##########################################
PARAMS: W:56  H:56  N:1  C:64  K:256  R:1  S:1  P:56  Q:56  STRIDE:1
 InImg 56x56 Padded (56x56)
OutImg 56x56 Padded (56x56)
SIZE Input  (MB):       0.77 MiB
SIZE Output (MB):       3.06 MiB
SIZE Input   (1):       0.77 MiB
SIZE Output  (1):       3.06 MiB
SIZE Weight     :       0.06 MiB
##########################################
#            Naive Computation           #
##########################################
##########################################
#           Performance Analysis         #
##########################################
##########################################
               FORWARD PASS               
##########################################
Total Time = 0.061764
GFLOP  = 0.10276
fp time = 6.1764e-05
GFLOPS  = 1663.8

##########################################
#           Cleaning Up data...          #
##########################################
##########################################
#                Complete.               #
##########################################
##########################################
#          Setting Up (Common)           #
##########################################
PARAMS: W:56  H:56  N:1  C:64  K:64  R:1  S:1  P:56  Q:56  STRIDE:1
 InImg 56x56 Padded (56x56)
OutImg 56x56 Padded (56x56)
SIZE Input  (MB):       0.77 MiB
SIZE Output (MB):       0.77 MiB
SIZE Input   (1):       0.77 MiB
SIZE Output  (1):       0.77 MiB
SIZE Weight     :       0.02 MiB
##########################################
#            Naive Computation           #
##########################################
##########################################
#           Performance Analysis         #
##########################################
##########################################
               FORWARD PASS               
##########################################
Total Time = 0.015798
GFLOP  = 0.02569
fp time = 1.5798e-05
GFLOPS  = 1626.1

##########################################
#           Cleaning Up data...          #
##########################################
##########################################
#                Complete.               #
##########################################
##########################################
#          Setting Up (Common)           #
##########################################
PARAMS: W:56  H:56  N:1  C:256  K:64  R:3  S:3  P:56  Q:56  STRIDE:1
 InImg 56x56 Padded (58x58)
OutImg 56x56 Padded (58x58)
SIZE Input  (MB):       3.29 MiB
SIZE Output (MB):       0.82 MiB
SIZE Input   (1):       3.29 MiB
SIZE Output  (1):       0.82 MiB
SIZE Weight     :       0.56 MiB
##########################################
#            Naive Computation           #
##########################################
##########################################
#           Performance Analysis         #
##########################################
##########################################
               FORWARD PASS               
##########################################
Total Time = 0.54035
GFLOP  = 0.92484
fp time = 0.00054035
GFLOPS  = 1711.6

##########################################
#           Cleaning Up data...          #
##########################################
##########################################
#                Complete.               #
##########################################
##########################################
#          Setting Up (Common)           #
##########################################
PARAMS: W:56  H:56  N:1  C:256  K:256  R:1  S:1  P:28  Q:28  STRIDE:2
 InImg 56x56 Padded (56x56)
OutImg 28x28 Padded (28x28)
SIZE Input  (MB):       3.06 MiB
SIZE Output (MB):       0.77 MiB
SIZE Input   (1):       3.06 MiB
SIZE Output  (1):       0.77 MiB
SIZE Weight     :       0.25 MiB
##########################################
#            Naive Computation           #
##########################################
##########################################
#           Performance Analysis         #
##########################################
##########################################
               FORWARD PASS               
##########################################
Total Time = 0.062391
GFLOP  = 0.10276
fp time = 6.2391e-05
GFLOPS  = 1647

##########################################
#           Cleaning Up data...          #
##########################################
##########################################
#                Complete.               #
##########################################
##########################################
#          Setting Up (Common)           #
##########################################
PARAMS: W:56  H:56  N:1  C:128  K:128  R:1  S:1  P:28  Q:28  STRIDE:2
 InImg 56x56 Padded (56x56)
OutImg 28x28 Padded (28x28)
SIZE Input  (MB):       1.53 MiB
SIZE Output (MB):       0.38 MiB
SIZE Input   (1):       1.53 MiB
SIZE Output  (1):       0.38 MiB
SIZE Weight     :       0.06 MiB
##########################################
#            Naive Computation           #
##########################################
##########################################
#           Performance Analysis         #
##########################################
##########################################
               FORWARD PASS               
##########################################
Total Time = 0.015773
GFLOP  = 0.02569
fp time = 1.5773e-05
GFLOPS  = 1628.7

##########################################
#           Cleaning Up data...          #
##########################################
##########################################
#                Complete.               #
##########################################
##########################################
#          Setting Up (Common)           #
##########################################
PARAMS: W:28  H:28  N:1  C:128  K:128  R:3  S:3  P:28  Q:28  STRIDE:1
 InImg 28x28 Padded (30x30)
OutImg 28x28 Padded (30x30)
SIZE Input  (MB):       0.44 MiB
SIZE Output (MB):       0.44 MiB
SIZE Input   (1):       0.44 MiB
SIZE Output  (1):       0.44 MiB
SIZE Weight     :       0.56 MiB
##########################################
#            Naive Computation           #
##########################################
##########################################
#           Performance Analysis         #
##########################################
##########################################
               FORWARD PASS               
##########################################
Total Time = 0.13369
GFLOP  = 0.23121
fp time = 0.00013369
GFLOPS  = 1729.5

##########################################
#           Cleaning Up data...          #
##########################################
##########################################
#                Complete.               #
##########################################
##########################################
#          Setting Up (Common)           #
##########################################
PARAMS: W:28  H:28  N:1  C:512  K:512  R:1  S:1  P:28  Q:28  STRIDE:1
 InImg 28x28 Padded (28x28)
OutImg 28x28 Padded (28x28)
SIZE Input  (MB):       1.53 MiB
SIZE Output (MB):       1.53 MiB
SIZE Input   (1):       1.53 MiB
SIZE Output  (1):       1.53 MiB
SIZE Weight     :       1.00 MiB
##########################################
#            Naive Computation           #
##########################################
##########################################
#           Performance Analysis         #
##########################################
##########################################
               FORWARD PASS               
##########################################
Total Time = 0.24895
GFLOP  = 0.41104
fp time = 0.00024895
GFLOPS  = 1651.1

##########################################
#           Cleaning Up data...          #
##########################################
##########################################
#                Complete.               #
##########################################
##########################################
#          Setting Up (Common)           #
##########################################
PARAMS: W:28  H:28  N:1  C:128  K:512  R:1  S:1  P:28  Q:28  STRIDE:1
 InImg 28x28 Padded (28x28)
OutImg 28x28 Padded (28x28)
SIZE Input  (MB):       0.38 MiB
SIZE Output (MB):       1.53 MiB
SIZE Input   (1):       0.38 MiB
SIZE Output  (1):       1.53 MiB
SIZE Weight     :       0.25 MiB
##########################################
#            Naive Computation           #
##########################################
##########################################
#           Performance Analysis         #
##########################################
##########################################
               FORWARD PASS               
##########################################
Total Time = 0.061372
GFLOP  = 0.10276
fp time = 6.1372e-05
GFLOPS  = 1674.4

##########################################
#           Cleaning Up data...          #
##########################################
##########################################
#                Complete.               #
##########################################
##########################################
#          Setting Up (Common)           #
##########################################
PARAMS: W:28  H:28  N:1  C:512  K:128  R:3  S:3  P:13  Q:13  STRIDE:2
 InImg 28x28 Padded (28x28)
OutImg 13x13 Padded (13x13)
SIZE Input  (MB):       1.53 MiB
SIZE Output (MB):       0.08 MiB
SIZE Input   (1):       1.53 MiB
SIZE Output  (1):       0.08 MiB
SIZE Weight     :       2.25 MiB
##########################################
#            Naive Computation           #
##########################################
##########################################
#           Performance Analysis         #
##########################################
##########################################
               FORWARD PASS               
##########################################
Total Time = 0.034714
GFLOP  = 0.19936
fp time = 3.4714e-05
GFLOPS  = 5742.9

##########################################
#           Cleaning Up data...          #
##########################################
##########################################
#                Complete.               #
##########################################
##########################################
#          Setting Up (Common)           #
##########################################
PARAMS: W:28  H:28  N:1  C:512  K:512  R:1  S:1  P:14  Q:14  STRIDE:2
 InImg 28x28 Padded (28x28)
OutImg 14x14 Padded (14x14)
SIZE Input  (MB):       1.53 MiB
SIZE Output (MB):       0.38 MiB
SIZE Input   (1):       1.53 MiB
SIZE Output  (1):       0.38 MiB
SIZE Weight     :       1.00 MiB
##########################################
#            Naive Computation           #
##########################################
##########################################
#           Performance Analysis         #
##########################################
##########################################
               FORWARD PASS               
##########################################
Total Time = 0.061956
GFLOP  = 0.10276
fp time = 6.1956e-05
GFLOPS  = 1658.6

##########################################
#           Cleaning Up data...          #
##########################################
##########################################
#                Complete.               #
##########################################
##########################################
#          Setting Up (Common)           #
##########################################
PARAMS: W:14  H:14  N:1  C:256  K:256  R:1  S:1  P:16  Q:16  STRIDE:1
 InImg 14x14 Padded (16x16)
OutImg 16x16 Padded (18x18)
SIZE Input  (MB):       0.25 MiB
SIZE Output (MB):       0.32 MiB
SIZE Input   (1):       0.25 MiB
SIZE Output  (1):       0.32 MiB
SIZE Weight     :       0.25 MiB
##########################################
#            Naive Computation           #
##########################################
##########################################
#           Performance Analysis         #
##########################################
##########################################
               FORWARD PASS               
##########################################
Total Time = 0.013917
GFLOP  = 0.033554
fp time = 1.3917e-05
GFLOPS  = 2411.1

##########################################
#           Cleaning Up data...          #
##########################################
##########################################
#                Complete.               #
##########################################
##########################################
#          Setting Up (Common)           #
##########################################
PARAMS: W:14  H:14  N:1  C:256  K:256  R:3  S:3  P:6  Q:6  STRIDE:2
 InImg 14x14 Padded (14x14)
OutImg 6x6 Padded (6x6)
SIZE Input  (MB):       0.19 MiB
SIZE Output (MB):       0.04 MiB
SIZE Input   (1):       0.19 MiB
SIZE Output  (1):       0.04 MiB
SIZE Weight     :       2.25 MiB
##########################################
#            Naive Computation           #
##########################################
##########################################
#           Performance Analysis         #
##########################################
##########################################
               FORWARD PASS               
##########################################
Total Time = 1.28e-07
GFLOP  = 0.042467
fp time = 1.28e-10
GFLOPS  = 3.3178e+08

##########################################
#           Cleaning Up data...          #
##########################################
##########################################
#                Complete.               #
##########################################
##########################################
#          Setting Up (Common)           #
##########################################
PARAMS: W:14  H:14  N:1  C:1024  K:512  R:1  S:1  P:14  Q:14  STRIDE:1
 InImg 14x14 Padded (14x14)
OutImg 14x14 Padded (14x14)
SIZE Input  (MB):       0.77 MiB
SIZE Output (MB):       0.38 MiB
SIZE Input   (1):       0.77 MiB
SIZE Output  (1):       0.38 MiB
SIZE Weight     :       2.00 MiB
##########################################
#            Naive Computation           #
##########################################
##########################################
#           Performance Analysis         #
##########################################
##########################################
               FORWARD PASS               
##########################################
Total Time = 0.12229
GFLOP  = 0.20552
fp time = 0.00012229
GFLOPS  = 1680.6

##########################################
#           Cleaning Up data...          #
##########################################
##########################################
#                Complete.               #
##########################################
##########################################
#          Setting Up (Common)           #
##########################################
PARAMS: W:14  H:14  N:1  C:256  K:256  R:1  S:1  P:14  Q:14  STRIDE:1
 InImg 14x14 Padded (14x14)
OutImg 14x14 Padded (14x14)
SIZE Input  (MB):       0.19 MiB
SIZE Output (MB):       0.19 MiB
SIZE Input   (1):       0.19 MiB
SIZE Output  (1):       0.19 MiB
SIZE Weight     :       0.25 MiB
##########################################
#            Naive Computation           #
##########################################
##########################################
#           Performance Analysis         #
##########################################
##########################################
               FORWARD PASS               
##########################################
Total Time = 0.015501
GFLOP  = 0.02569
fp time = 1.5501e-05
GFLOPS  = 1657.3

##########################################
#           Cleaning Up data...          #
##########################################
##########################################
#                Complete.               #
##########################################
##########################################
#          Setting Up (Common)           #
##########################################
PARAMS: W:14  H:14  N:1  C:512  K:1024  R:3  S:3  P:12  Q:12  STRIDE:1
 InImg 14x14 Padded (14x14)
OutImg 12x12 Padded (12x12)
SIZE Input  (MB):       0.38 MiB
SIZE Output (MB):       0.56 MiB
SIZE Input   (1):       0.38 MiB
SIZE Output  (1):       0.56 MiB
SIZE Weight     :      18.00 MiB
##########################################
#            Naive Computation           #
##########################################
##########################################
#           Performance Analysis         #
##########################################
##########################################
               FORWARD PASS               
##########################################
Total Time = 0.27348
GFLOP  = 1.359
fp time = 0.00027348
GFLOPS  = 4969.1

##########################################
#           Cleaning Up data...          #
##########################################
##########################################
#                Complete.               #
##########################################
##########################################
#          Setting Up (Common)           #
##########################################
PARAMS: W:7  H:7  N:1  C:512  K:512  R:3  S:3  P:7  Q:7  STRIDE:1
 InImg 7x7 Padded (9x9)
OutImg 7x7 Padded (9x9)
SIZE Input  (MB):       0.16 MiB
SIZE Output (MB):       0.16 MiB
SIZE Input   (1):       0.16 MiB
SIZE Output  (1):       0.16 MiB
SIZE Weight     :       9.00 MiB
##########################################
#            Naive Computation           #
##########################################
##########################################
#           Performance Analysis         #
##########################################
##########################################
               FORWARD PASS               
##########################################
Total Time = 0.11727
GFLOP  = 0.23121
fp time = 0.00011727
GFLOPS  = 1971.6

##########################################
#           Cleaning Up data...          #
##########################################
##########################################
#                Complete.               #
##########################################
