##########################################
#          Setting Up (Common)           #
##########################################
PARAMS: W:224  H:224  N:72  C:3  K:64  R:7  S:7  P:112  Q:112  STRIDE:2
 InImg 224x224 Padded (230x230)
OutImg 112x112 Padded (118x118)
SIZE Input  (MB):      43.59 MiB
SIZE Output (MB):     244.76 MiB
SIZE Input   (1):       0.61 MiB
SIZE Output  (1):       3.40 MiB
SIZE Weight     :       0.04 MiB
##########################################
#            Naive Computation           #
##########################################
##########################################
#           Performance Analysis         #
##########################################
##########################################
               FORWARD PASS               
##########################################
Total Time = 1.2671e-06
GFLOP  = 16.994
fp time = 1.2671e-09
GFLOPS  = 1.3412e+10
PERFDUMP,FP,1,72,3,64,224,224,7,7,2,3,3,1.2671e-06,1.2671e-09,1.3412e+10

##########################################
#           Cleaning Up data...          #
##########################################
##########################################
#                Complete.               #
##########################################
