Compilation successful
##########################################
#          Setting Up (Common)           #
##########################################
PARAMS: W:224  H:224  N:72  C:3  K:64  R:7  S:7  P:56  Q:56  STRIDE:4
 InImg 224x224 Padded (230x230)
OutImg 56x56 Padded (62x62)
SIZE Input  (MB):      43.59 MiB
SIZE Output (MB):      67.57 MiB
SIZE Input   (1):       0.61 MiB
SIZE Output  (1):       0.94 MiB
SIZE Weight     :       0.04 MiB
##########################################
#           Performance Analysis         #
##########################################
##########################################
               FORWARD PASS               
##########################################
Total Time = 24.03
GFLOP  = 4.2485
fp time = 2.403
GFLOPS  = 1.768
##########################################
#           Correctness Checking         #
##########################################
##########################################
               FORWARD PASS               
##########################################
Input
0.418781 -0.342033 0.968149 -0.102702 0.360571 0.314755 -0.798734 0.11188 -0.244925 0.660821 -0.306655 0.0646148 -0.205528 0.858931 -0.504065 0.964897 -0.440883 0.941862 -0.905445 0.283429 0.42093 -0.502603 0.348894 -0.711564 0.756741 0.796108 0.0946879 0.994239 0.280553 -0.437403 -0.00778836 -0.214327 0.667913 0.204074 0.199345 0.158077 0.743451 0.333696 0.6912 -0.231077 0.975115 -0.373516 -0.653538 0.626871 0.243522 0.306196 -0.0490485 -0.740962 0.734609 0.643353 -0.868359 0.308616 0.538788 0.28733 -0.275486 -0.908664 -0.132856 0.98389 -0.952673 -0.0786191 -0.667816 -0.995902 0.624933 -0.33354 -0.0609144 0.97875 0.977615 0.709311 -0.553202 -0.621925 -0.350438 0.766368 0.699865 -0.604954 -0.144239 0.895612 -0.966747 0.110955 -0.0571506 -0.993568 0.812262 -0.69182 -0.063454 -0.223985 -0.677728 -0.496943 0.691713 0.561545 0.0786611 0.407343 -0.7498 0.647238 -0.384856 0.873158 0.776368 -0.955388 0.752188 0.821036 -0.973516 -0.266568 
Filter
-0.62943 -0.603062 0.942183 0.47063 0.776648 0.740147 -0.836595 -0.733116 -0.0951662 -0.884178 0.24133 -0.837231 -0.624647 0.104994 0.93381 -0.884709 -0.944311 -0.169983 -0.0666184 0.397866 0.139443 0.733322 0.947396 0.0562401 0.942883 0.792925 0.341289 -0.222929 -0.602559 0.897626 -0.0484898 0.991452 0.0911183 -0.746445 -0.335577 0.648795 0.357364 -0.777125 0.416288 0.695379 0.381719 -0.38865 0.178309 0.104054 -0.763119 0.355687 0.832251 -0.356206 0.688096 0.0516175 -0.379398 -0.656084 -0.419092 0.0214165 -0.118784 0.636394 0.4939 -0.70251 0.39186 0.707081 -0.325185 -0.458839 0.304283 0.96397 -0.766834 -0.33263 0.42663 -0.729437 0.651298 -0.691442 -0.947212 -0.421789 -0.423421 0.599428 0.108954 -0.130212 0.08908 0.352122 0.536773 -0.458123 0.117674 -0.798755 -0.035538 0.4279 -0.255956 0.143276 0.417765 0.866427 0.268147 -0.268408 -0.780292 -0.819998 0.0831876 0.0552707 0.402075 0.329806 -0.711642 -0.885002 -0.13754 -0.722324 
Naive Output
0.498224 -0.850804 0.883671 -6.33163 2.86231 -5.2791 -1.63942 1.46414 1.11722 -0.603028 1.01605 0.522355 -2.17922 1.59154 -4.29624 -1.28083 -0.731788 -0.895231 -1.67793 0.106376 1.68798 -4.48943 -5.12643 1.02631 0.554504 -1.50495 0.294432 1.21774 -0.469135 -3.38848 -1.04043 1.57458 -1.27563 -3.56468 -4.18028 4.28767 1.83408 -2.34438 -5.79304 -1.22461 1.87319 -3.12832 -1.64305 -2.99906 1.18001 3.70544 1.52024 -4.03074 -3.34345 0.641798 1.49169 -4.97147 1.16741 -0.636532 -2.3127 2.89696 0 0 0 0 0 0 1.41443 -0.620269 1.27576 4.61126 -2.2307 -1.1612 -0.163294 -2.25756 4.2534 -1.11758 -2.82561 1.91469 -0.311766 -1.28911 -3.9712 5.889 -2.29346 -0.67661 0.795289 -3.27199 6.12983 -1.90887 5.90477 -1.10998 2.88504 -4.19051 -3.10908 0.108692 3.60847 3.01051 1.49705 6.6719 -3.58746 -1.84227 3.53712 -7.71124 7.00383 -0.78998 
Conv Output
-194.843 26.7727 138.058 221.664 -36.8651 -201.07 -104.87 -393.735 -91.3021 92.0989 -405.476 262.887 185.204 43.0859 -443.891 108.253 -134.98 56.5489 -273.205 -230.018 -63.3345 -1106.67 355.952 450.603 166 -267.838 642.094 -130.391 -73.9137 -184.773 -435.555 -0.377482 370.594 -439.667 -107.103 -216.209 332.888 196.905 -205.6 11.35 -173.157 -18.2511 -376.891 -153.093 770.308 647.248 25.2111 152.386 328.001 -755.632 -659.188 198.957 -546.15 97.78 -225.535 -262.28 23.5823 -872.795 -584.456 611.42 1440.58 462.581 763.6 53.0233 -800.305 -1353.76 -490.309 671.634 13.0692 -341.588 -550.258 -446.553 -1138.9 221.761 -318.339 -201.593 964.592 -1110.44 238.435 241.508 -1086.9 562.738 -862.568 71.9025 722.927 1966.73 -294.737 47.1046 365.995 530.314 885.294 1083.21 470.641 1137.7 111.179 -1752.03 255.336 -1524.14 127.741 -608.489 

Zeros: 3262464/17713152
Error Count: 15560220/17713152
##########################################
#           Cleaning Up data...          #
##########################################
##########################################
#                Complete.               #
##########################################
